[2025-06-18T02:12:07.946+0000] {taskinstance.py:1103} INFO - Dependencies all met for dep_context=non-requeueable deps ti=<TaskInstance: idx_pipeline.extract_idx manual__2025-06-18T02:12:05.437289+00:00 [queued]>
[2025-06-18T02:12:07.970+0000] {taskinstance.py:1103} INFO - Dependencies all met for dep_context=requeueable deps ti=<TaskInstance: idx_pipeline.extract_idx manual__2025-06-18T02:12:05.437289+00:00 [queued]>
[2025-06-18T02:12:07.972+0000] {taskinstance.py:1308} INFO - Starting attempt 1 of 2
[2025-06-18T02:12:08.017+0000] {taskinstance.py:1327} INFO - Executing <Task(DockerOperator): extract_idx> on 2025-06-18 02:12:05.437289+00:00
[2025-06-18T02:12:08.026+0000] {standard_task_runner.py:57} INFO - Started process 234 to run task
[2025-06-18T02:12:08.035+0000] {standard_task_runner.py:84} INFO - Running: ['***', 'tasks', 'run', 'idx_pipeline', 'extract_idx', 'manual__2025-06-18T02:12:05.437289+00:00', '--job-id', '107', '--raw', '--subdir', 'DAGS_FOLDER/idx_pipeline_dag.py', '--cfg-path', '/tmp/tmpvvm70zr2']
[2025-06-18T02:12:08.038+0000] {standard_task_runner.py:85} INFO - Job 107: Subtask extract_idx
[2025-06-18T02:12:08.165+0000] {task_command.py:410} INFO - Running <TaskInstance: idx_pipeline.extract_idx manual__2025-06-18T02:12:05.437289+00:00 [running]> on host 790f4cde8a0c
[2025-06-18T02:12:08.402+0000] {taskinstance.py:1547} INFO - Exporting env vars: AIRFLOW_CTX_DAG_OWNER='***' AIRFLOW_CTX_DAG_ID='idx_pipeline' AIRFLOW_CTX_TASK_ID='extract_idx' AIRFLOW_CTX_EXECUTION_DATE='2025-06-18T02:12:05.437289+00:00' AIRFLOW_CTX_TRY_NUMBER='1' AIRFLOW_CTX_DAG_RUN_ID='manual__2025-06-18T02:12:05.437289+00:00'
[2025-06-18T02:12:08.470+0000] {docker.py:334} INFO - Starting docker container from image bigdata-pipeline:latest
[2025-06-18T02:12:09.942+0000] {docker.py:403} INFO - 🚀 Starting IDX Multi-Year Extract Process
Years to process: [2021, 2022, 2023, 2024, 2025]
================================================================================
[2025-06-18T02:12:09.944+0000] {docker.py:403} INFO - ============================================================
--- Processing Year 2021 ---
============================================================

📋 Step 1: Scraping company names for year 2021
[2025-06-18T02:12:11.950+0000] {docker.py:403} INFO - 🔧 Trying Chrome driver initialization method 1...
[2025-06-18T02:12:16.541+0000] {docker.py:403} INFO - ✅ Chrome driver initialized successfully with method 1
[2025-06-18T02:12:16.697+0000] {docker.py:403} INFO - Accessing URL: https://www.idx.co.id/id/perusahaan-tercatat/laporan-keuangan-dan-tahunan for year 2021
[2025-06-18T02:12:19.210+0000] {docker.py:403} INFO - Page loaded successfully
Simulating human behavior...
[2025-06-18T02:12:23.274+0000] {local_task_job_runner.py:292} WARNING - State of this instance has been externally set to success. Terminating instance.
[2025-06-18T02:12:23.279+0000] {process_utils.py:135} INFO - Sending Signals.SIGTERM to group 234. PIDs of all processes in the group: [234]
[2025-06-18T02:12:23.281+0000] {process_utils.py:86} INFO - Sending the signal Signals.SIGTERM to group 234
[2025-06-18T02:12:23.282+0000] {taskinstance.py:1517} ERROR - Received SIGTERM. Terminating subprocesses.
[2025-06-18T02:12:23.283+0000] {docker.py:495} INFO - Stopping docker container
[2025-06-18T02:12:34.437+0000] {process_utils.py:79} INFO - Process psutil.Process(pid=234, status='terminated', exitcode=0, started='02:12:07') (234) terminated with exit code 0
