[2025-06-17T11:52:53.231+0000] {taskinstance.py:1103} INFO - Dependencies all met for dep_context=non-requeueable deps ti=<TaskInstance: idx_pipeline.extract_idx manual__2025-06-17T11:52:50.755519+00:00 [queued]>
[2025-06-17T11:52:53.250+0000] {taskinstance.py:1103} INFO - Dependencies all met for dep_context=requeueable deps ti=<TaskInstance: idx_pipeline.extract_idx manual__2025-06-17T11:52:50.755519+00:00 [queued]>
[2025-06-17T11:52:53.251+0000] {taskinstance.py:1308} INFO - Starting attempt 1 of 2
[2025-06-17T11:52:53.287+0000] {taskinstance.py:1327} INFO - Executing <Task(DockerOperator): extract_idx> on 2025-06-17 11:52:50.755519+00:00
[2025-06-17T11:52:53.295+0000] {standard_task_runner.py:57} INFO - Started process 154 to run task
[2025-06-17T11:52:53.301+0000] {standard_task_runner.py:84} INFO - Running: ['***', 'tasks', 'run', 'idx_pipeline', 'extract_idx', 'manual__2025-06-17T11:52:50.755519+00:00', '--job-id', '95', '--raw', '--subdir', 'DAGS_FOLDER/idx_pipeline_dag.py', '--cfg-path', '/tmp/tmpy84qradf']
[2025-06-17T11:52:53.304+0000] {standard_task_runner.py:85} INFO - Job 95: Subtask extract_idx
[2025-06-17T11:52:53.402+0000] {task_command.py:410} INFO - Running <TaskInstance: idx_pipeline.extract_idx manual__2025-06-17T11:52:50.755519+00:00 [running]> on host 790f4cde8a0c
[2025-06-17T11:52:53.626+0000] {taskinstance.py:1547} INFO - Exporting env vars: AIRFLOW_CTX_DAG_OWNER='***' AIRFLOW_CTX_DAG_ID='idx_pipeline' AIRFLOW_CTX_TASK_ID='extract_idx' AIRFLOW_CTX_EXECUTION_DATE='2025-06-17T11:52:50.755519+00:00' AIRFLOW_CTX_TRY_NUMBER='1' AIRFLOW_CTX_DAG_RUN_ID='manual__2025-06-17T11:52:50.755519+00:00'
[2025-06-17T11:52:53.683+0000] {docker.py:334} INFO - Starting docker container from image bigdata-pipeline:latest
[2025-06-17T11:52:54.580+0000] {docker.py:403} INFO - 🚀 Starting IDX Multi-Year Extract Process
Years to process: [2021, 2022, 2023, 2024, 2025]
Max companies per year: 5
================================================================================
❌ Year 2021 failed: process_year() takes 1 positional argument but 2 were given
❌ Year 2022 failed: process_year() takes 1 positional argument but 2 were given
❌ Year 2023 failed: process_year() takes 1 positional argument but 2 were given
❌ Year 2024 failed: process_year() takes 1 positional argument but 2 were given
❌ Year 2025 failed: process_year() takes 1 positional argument but 2 were given

================================================================================
📊 FINAL SUMMARY
================================================================================
✅ Successfully processed years: []
❌ Failed years: [2021, 2022, 2023, 2024, 2025]
📈 Success rate: 0/5 (0.0%)
================================================================================
🎉 IDX Multi-Year Extract Process Completed
[2025-06-17T11:52:55.138+0000] {taskinstance.py:1350} INFO - Marking task as SUCCESS. dag_id=idx_pipeline, task_id=extract_idx, execution_date=20250617T115250, start_date=20250617T115253, end_date=20250617T115255
[2025-06-17T11:52:55.202+0000] {local_task_job_runner.py:225} INFO - Task exited with return code 0
[2025-06-17T11:52:55.283+0000] {taskinstance.py:2653} INFO - 1 downstream tasks scheduled from follow-on schedule check
