Selenium Download started at: 2025-06-17 12:10:43.329885
Year: 2023
Total companies to process: 15

[1/15] Company: AALI
URL: https://www.idx.co.id/Portals/0/StaticData/ListedCompanies/Corporate_Actions/New_Info_JSX/Jenis_Informasi/01_Laporan_Keuangan/02_Soft_Copy_Laporan_Keuangan//Laporan%20Keuangan%20Tahun%202023/Audit/AALI/instance.zip
Status: Success - 114051 bytes
--------------------------------------------------
[2/15] Company: ABBA
URL: https://www.idx.co.id/Portals/0/StaticData/ListedCompanies/Corporate_Actions/New_Info_JSX/Jenis_Informasi/01_Laporan_Keuangan/02_Soft_Copy_Laporan_Keuangan//Laporan%20Keuangan%20Tahun%202023/Audit/ABBA/instance.zip
Status: Success - 112795 bytes
--------------------------------------------------
[3/15] Company: ABDA
URL: https://www.idx.co.id/Portals/0/StaticData/ListedCompanies/Corporate_Actions/New_Info_JSX/Jenis_Informasi/01_Laporan_Keuangan/02_Soft_Copy_Laporan_Keuangan//Laporan%20Keuangan%20Tahun%202023/Audit/ABDA/instance.zip
Status: Success - 50494 bytes
--------------------------------------------------
[4/15] Company: ABMM
URL: https://www.idx.co.id/Portals/0/StaticData/ListedCompanies/Corporate_Actions/New_Info_JSX/Jenis_Informasi/01_Laporan_Keuangan/02_Soft_Copy_Laporan_Keuangan//Laporan%20Keuangan%20Tahun%202023/Audit/ABMM/instance.zip
Status: Success - 146058 bytes
--------------------------------------------------
[5/15] Company: ACES
URL: https://www.idx.co.id/Portals/0/StaticData/ListedCompanies/Corporate_Actions/New_Info_JSX/Jenis_Informasi/01_Laporan_Keuangan/02_Soft_Copy_Laporan_Keuangan//Laporan%20Keuangan%20Tahun%202023/Audit/ACES/instance.zip
Status: Success - 138737 bytes
--------------------------------------------------
[6/15] Company: ACRO
URL: https://www.idx.co.id/Portals/0/StaticData/ListedCompanies/Corporate_Actions/New_Info_JSX/Jenis_Informasi/01_Laporan_Keuangan/02_Soft_Copy_Laporan_Keuangan//Laporan%20Keuangan%20Tahun%202023/Audit/ACRO/instance.zip
Status: Success - 125725 bytes
--------------------------------------------------
[7/15] Company: ACST
URL: https://www.idx.co.id/Portals/0/StaticData/ListedCompanies/Corporate_Actions/New_Info_JSX/Jenis_Informasi/01_Laporan_Keuangan/02_Soft_Copy_Laporan_Keuangan//Laporan%20Keuangan%20Tahun%202023/Audit/ACST/instance.zip
Status: Success - 116110 bytes
--------------------------------------------------
[8/15] Company: ADCP
URL: https://www.idx.co.id/Portals/0/StaticData/ListedCompanies/Corporate_Actions/New_Info_JSX/Jenis_Informasi/01_Laporan_Keuangan/02_Soft_Copy_Laporan_Keuangan//Laporan%20Keuangan%20Tahun%202023/Audit/ADCP/instance.zip
Status: Success - 152690 bytes
--------------------------------------------------
[9/15] Company: ADES
URL: https://www.idx.co.id/Portals/0/StaticData/ListedCompanies/Corporate_Actions/New_Info_JSX/Jenis_Informasi/01_Laporan_Keuangan/02_Soft_Copy_Laporan_Keuangan//Laporan%20Keuangan%20Tahun%202023/Audit/ADES/instance.zip
Status: Success - 125465 bytes
--------------------------------------------------
[10/15] Company: ADHI
URL: https://www.idx.co.id/Portals/0/StaticData/ListedCompanies/Corporate_Actions/New_Info_JSX/Jenis_Informasi/01_Laporan_Keuangan/02_Soft_Copy_Laporan_Keuangan//Laporan%20Keuangan%20Tahun%202023/Audit/ADHI/instance.zip
Status: Success - 177880 bytes
--------------------------------------------------
[11/15] Company: ADMF
URL: https://www.idx.co.id/Portals/0/StaticData/ListedCompanies/Corporate_Actions/New_Info_JSX/Jenis_Informasi/01_Laporan_Keuangan/02_Soft_Copy_Laporan_Keuangan//Laporan%20Keuangan%20Tahun%202023/Audit/ADMF/instance.zip
Status: Success - 110593 bytes
--------------------------------------------------
[12/15] Company: ADMG
URL: https://www.idx.co.id/Portals/0/StaticData/ListedCompanies/Corporate_Actions/New_Info_JSX/Jenis_Informasi/01_Laporan_Keuangan/02_Soft_Copy_Laporan_Keuangan//Laporan%20Keuangan%20Tahun%202023/Audit/ADMG/instance.zip
Status: Success - 131291 bytes
--------------------------------------------------
[13/15] Company: ADMR
URL: https://www.idx.co.id/Portals/0/StaticData/ListedCompanies/Corporate_Actions/New_Info_JSX/Jenis_Informasi/01_Laporan_Keuangan/02_Soft_Copy_Laporan_Keuangan//Laporan%20Keuangan%20Tahun%202023/Audit/ADMR/instance.zip
Status: Success - 117467 bytes
--------------------------------------------------
[14/15] Company: ADRO
URL: https://www.idx.co.id/Portals/0/StaticData/ListedCompanies/Corporate_Actions/New_Info_JSX/Jenis_Informasi/01_Laporan_Keuangan/02_Soft_Copy_Laporan_Keuangan//Laporan%20Keuangan%20Tahun%202023/Audit/ADRO/instance.zip
Status: Success - 120432 bytes
--------------------------------------------------
[15/15] Company: AEGS
URL: https://www.idx.co.id/Portals/0/StaticData/ListedCompanies/Corporate_Actions/New_Info_JSX/Jenis_Informasi/01_Laporan_Keuangan/02_Soft_Copy_Laporan_Keuangan//Laporan%20Keuangan%20Tahun%202023/Audit/AEGS/instance.zip
Status: Success - 128163 bytes
--------------------------------------------------

Selenium Download Summary for Year 2023:
----------------------------------------
Total companies: 15
Successful downloads: 15
Failed downloads: 0
Success rate: 100.0%
Completion time: 2025-06-17 12:14:48.917206
