[2025-06-17T10:51:18.286+0000] {taskinstance.py:1103} INFO - Dependencies all met for dep_context=non-requeueable deps ti=<TaskInstance: idx_pipeline.load_idx manual__2025-06-17T10:46:01.502003+00:00 [queued]>
[2025-06-17T10:51:18.308+0000] {taskinstance.py:1103} INFO - Dependencies all met for dep_context=requeueable deps ti=<TaskInstance: idx_pipeline.load_idx manual__2025-06-17T10:46:01.502003+00:00 [queued]>
[2025-06-17T10:51:18.310+0000] {taskinstance.py:1308} INFO - Starting attempt 1 of 2
[2025-06-17T10:51:18.347+0000] {taskinstance.py:1327} INFO - Executing <Task(DockerOperator): load_idx> on 2025-06-17 10:46:01.502003+00:00
[2025-06-17T10:51:18.357+0000] {standard_task_runner.py:57} INFO - Started process 378 to run task
[2025-06-17T10:51:18.363+0000] {standard_task_runner.py:84} INFO - Running: ['***', 'tasks', 'run', 'idx_pipeline', 'load_idx', 'manual__2025-06-17T10:46:01.502003+00:00', '--job-id', '74', '--raw', '--subdir', 'DAGS_FOLDER/idx_pipeline_dag.py', '--cfg-path', '/tmp/tmpo8x7zpko']
[2025-06-17T10:51:18.366+0000] {standard_task_runner.py:85} INFO - Job 74: Subtask load_idx
[2025-06-17T10:51:18.458+0000] {task_command.py:410} INFO - Running <TaskInstance: idx_pipeline.load_idx manual__2025-06-17T10:46:01.502003+00:00 [running]> on host 790f4cde8a0c
[2025-06-17T10:51:18.695+0000] {taskinstance.py:1547} INFO - Exporting env vars: AIRFLOW_CTX_DAG_OWNER='***' AIRFLOW_CTX_DAG_ID='idx_pipeline' AIRFLOW_CTX_TASK_ID='load_idx' AIRFLOW_CTX_EXECUTION_DATE='2025-06-17T10:46:01.502003+00:00' AIRFLOW_CTX_TRY_NUMBER='1' AIRFLOW_CTX_DAG_RUN_ID='manual__2025-06-17T10:46:01.502003+00:00'
[2025-06-17T10:51:18.770+0000] {docker.py:334} INFO - Starting docker container from image bigdata-pipeline:latest
[2025-06-17T10:51:20.265+0000] {docker.py:403} INFO - --- Starting XBRL to JSON Conversion and MongoDB Load ---
Database: tugas_bigdata, Collection: idx_raw
MongoDB URI: mongodb+srv://bigdatakecil:bigdata04@xtrahera.m7x7qad.mongodb.net/?retryWrites=true&w=majority&appName=xtrahera
This will process data from all years (2021-2025) into a single collection
[2025-06-17T10:51:20.528+0000] {docker.py:403} INFO - Connected to MongoDB using URI, Database: tugas_bigdata, Collection: idx_raw
[2025-06-17T10:51:20.559+0000] {docker.py:403} INFO - Found 5 year directories: 2021, 2022, 2023, 2024, 2025

=== Processing files for year: 2021 ===
[2025-06-17T10:51:20.563+0000] {docker.py:403} INFO - Found 0 company directories for year 2021

=== Processing files for year: 2022 ===
[2025-06-17T10:51:20.568+0000] {docker.py:403} INFO - Found 0 company directories for year 2022

=== Processing files for year: 2023 ===
[2025-06-17T10:51:20.573+0000] {docker.py:403} INFO - Found 0 company directories for year 2023

=== Processing files for year: 2024 ===
[2025-06-17T10:51:20.578+0000] {docker.py:403} INFO - Found 0 company directories for year 2024

=== Processing files for year: 2025 ===
[2025-06-17T10:51:20.583+0000] {docker.py:403} INFO - Found 0 company directories for year 2025

Conversion and Load Summary:
---------------------------
Total files processed: 0
Successfully processed and loaded: 0
Failed processing: 0
Years processed: 2021, 2022, 2023, 2024, 2025
Completion time: 2025-06-17 10:51:20.581952
[2025-06-17T10:51:20.585+0000] {docker.py:403} INFO - XBRL conversion and MongoDB load process completed. See /app/output/xbrl_conversion_and_load_results.log for details.
[2025-06-17T10:51:22.798+0000] {taskinstance.py:1350} INFO - Marking task as SUCCESS. dag_id=idx_pipeline, task_id=load_idx, execution_date=20250617T104601, start_date=20250617T105118, end_date=20250617T105122
[2025-06-17T10:51:22.845+0000] {local_task_job_runner.py:225} INFO - Task exited with return code 0
[2025-06-17T10:51:22.901+0000] {taskinstance.py:2653} INFO - 1 downstream tasks scheduled from follow-on schedule check
