[2025-06-17T10:29:10.507+0000] {taskinstance.py:1103} INFO - Dependencies all met for dep_context=non-requeueable deps ti=<TaskInstance: idx_pipeline.extract_idx manual__2025-06-17T10:29:08.652857+00:00 [queued]>
[2025-06-17T10:29:10.529+0000] {taskinstance.py:1103} INFO - Dependencies all met for dep_context=requeueable deps ti=<TaskInstance: idx_pipeline.extract_idx manual__2025-06-17T10:29:08.652857+00:00 [queued]>
[2025-06-17T10:29:10.530+0000] {taskinstance.py:1308} INFO - Starting attempt 1 of 2
[2025-06-17T10:29:10.572+0000] {taskinstance.py:1327} INFO - Executing <Task(DockerOperator): extract_idx> on 2025-06-17 10:29:08.652857+00:00
[2025-06-17T10:29:10.581+0000] {standard_task_runner.py:57} INFO - Started process 590 to run task
[2025-06-17T10:29:10.587+0000] {standard_task_runner.py:84} INFO - Running: ['***', 'tasks', 'run', 'idx_pipeline', 'extract_idx', 'manual__2025-06-17T10:29:08.652857+00:00', '--job-id', '64', '--raw', '--subdir', 'DAGS_FOLDER/idx_pipeline_dag.py', '--cfg-path', '/tmp/tmpiopap5tv']
[2025-06-17T10:29:10.589+0000] {standard_task_runner.py:85} INFO - Job 64: Subtask extract_idx
[2025-06-17T10:29:10.698+0000] {task_command.py:410} INFO - Running <TaskInstance: idx_pipeline.extract_idx manual__2025-06-17T10:29:08.652857+00:00 [running]> on host 790f4cde8a0c
[2025-06-17T10:29:10.941+0000] {taskinstance.py:1547} INFO - Exporting env vars: AIRFLOW_CTX_DAG_OWNER='***' AIRFLOW_CTX_DAG_ID='idx_pipeline' AIRFLOW_CTX_TASK_ID='extract_idx' AIRFLOW_CTX_EXECUTION_DATE='2025-06-17T10:29:08.652857+00:00' AIRFLOW_CTX_TRY_NUMBER='1' AIRFLOW_CTX_DAG_RUN_ID='manual__2025-06-17T10:29:08.652857+00:00'
[2025-06-17T10:29:11.013+0000] {docker.py:334} INFO - Starting docker container from image bigdata-pipeline:latest
[2025-06-17T10:29:11.851+0000] {docker.py:403} INFO - [TESTING MODE] Limiting extraction to 5 companies only
--- Starting IDX Emiten Name Scraping ---
[2025-06-17T10:29:13.855+0000] {docker.py:403} INFO - 🔧 Trying Chrome driver initialization method 1...
[2025-06-17T10:29:15.762+0000] {docker.py:403} INFO - ✅ Chrome driver initialized successfully with method 1
[2025-06-17T10:29:15.924+0000] {docker.py:403} INFO - Accessing URL: https://www.idx.co.id/id/perusahaan-tercatat/laporan-keuangan-dan-tahunan
[2025-06-17T10:29:17.417+0000] {docker.py:403} INFO - Page loaded successfully
Simulating human behavior...
[2025-06-17T10:29:22.423+0000] {docker.py:403} INFO - Memilih tahun 2024 dan jenis laporan 'Audit'...
[2025-06-17T10:29:25.534+0000] {docker.py:403} INFO - ✓ Tahun 2024 telah dipilih.
[2025-06-17T10:29:26.745+0000] {docker.py:403} INFO - ✓ Jenis laporan 'Audit' (Tahunan) telah dipilih.
[2025-06-17T10:29:26.872+0000] {docker.py:403} INFO - ✓ Tombol 'Terapkan' telah diklik.
[2025-06-17T10:29:31.907+0000] {docker.py:403} INFO - [TESTING MODE] Akan membatasi proses scraping nama emiten hanya 5 perusahaan saja
Processing page 1...
[2025-06-17T10:29:31.938+0000] {docker.py:403} INFO - Found 12 company sections on page 1
[2025-06-17T10:29:32.003+0000] {docker.py:403} INFO - Found company on page 1: AADI (1/5)
[2025-06-17T10:29:32.040+0000] {docker.py:403} INFO - Found company on page 1: AALI (2/5)
[2025-06-17T10:29:32.078+0000] {docker.py:403} INFO - Found company on page 1: ABBA (3/5)
[2025-06-17T10:29:32.118+0000] {docker.py:403} INFO - Found company on page 1: ABDA (4/5)
[2025-06-17T10:29:32.162+0000] {docker.py:403} INFO - Found company on page 1: ABMM (5/5)
[TESTING MODE] Sudah mencapai batas 5 perusahaan, berhenti scraping
[TESTING MODE] Sudah mencapai batas 5 perusahaan, berhenti pagination
[TESTING MODE] Berhasil scrape 5 nama perusahaan dari total 5 yang diinginkan
[2025-06-17T10:29:32.167+0000] {docker.py:403} INFO - Saved 5 company names to /app/output/idx_company_names_2024.txt
[2025-06-17T10:29:32.309+0000] {docker.py:403} INFO - Browser closed after scraping names.
[2025-06-17T10:29:32.319+0000] {docker.py:403} INFO - --- Starting Instance ZIP File Downloads ---
[2025-06-17T10:29:32.326+0000] {docker.py:403} INFO - Starting direct Selenium downloads for 5 companies...
[2025-06-17T10:29:34.339+0000] {docker.py:403} INFO - 🔧 Trying Chrome driver initialization method 1...
[2025-06-17T10:29:35.543+0000] {docker.py:403} INFO - ✅ Chrome driver initialized successfully with method 1
[2025-06-17T10:29:35.716+0000] {docker.py:403} INFO - → Establishing session at main page...
[2025-06-17T10:29:40.056+0000] {docker.py:403} INFO - [1/5] Selenium navigating for AADI to https://www.idx.co.id/Portals/0/StaticData/ListedCompanies/Corporate_Actions/New_Info_JSX/Jenis_Informasi/01_Laporan_Keuangan/02_Soft_Copy_Laporan_Keuangan//Laporan%20Keuangan%20Tahun%202024/Audit/AADI/instance.zip
[2025-06-17T10:29:48.188+0000] {docker.py:403} INFO - ✓ Successfully downloaded AADI_instance.zip - 143996 bytes
[2025-06-17T10:29:50.323+0000] {docker.py:403} INFO - 🔧 Trying Chrome driver initialization method 1...
[2025-06-17T10:29:51.533+0000] {docker.py:403} INFO - ✅ Chrome driver initialized successfully with method 1
[2025-06-17T10:29:51.690+0000] {docker.py:403} INFO - → Establishing session at main page...
[2025-06-17T10:29:56.087+0000] {docker.py:403} INFO - [2/5] Selenium navigating for AALI to https://www.idx.co.id/Portals/0/StaticData/ListedCompanies/Corporate_Actions/New_Info_JSX/Jenis_Informasi/01_Laporan_Keuangan/02_Soft_Copy_Laporan_Keuangan//Laporan%20Keuangan%20Tahun%202024/Audit/AALI/instance.zip
[2025-06-17T10:30:04.198+0000] {docker.py:403} INFO - ✓ Successfully downloaded AALI_instance.zip - 124227 bytes
[2025-06-17T10:30:06.338+0000] {docker.py:403} INFO - 🔧 Trying Chrome driver initialization method 1...
[2025-06-17T10:30:07.528+0000] {docker.py:403} INFO - ✅ Chrome driver initialized successfully with method 1
[2025-06-17T10:30:07.686+0000] {docker.py:403} INFO - → Establishing session at main page...
[2025-06-17T10:30:12.173+0000] {docker.py:403} INFO - [3/5] Selenium navigating for ABBA to https://www.idx.co.id/Portals/0/StaticData/ListedCompanies/Corporate_Actions/New_Info_JSX/Jenis_Informasi/01_Laporan_Keuangan/02_Soft_Copy_Laporan_Keuangan//Laporan%20Keuangan%20Tahun%202024/Audit/ABBA/instance.zip
[2025-06-17T10:30:20.304+0000] {docker.py:403} INFO - ✓ Successfully downloaded ABBA_instance.zip - 111972 bytes
[2025-06-17T10:30:22.440+0000] {docker.py:403} INFO - 🔧 Trying Chrome driver initialization method 1...
[2025-06-17T10:30:23.589+0000] {docker.py:403} INFO - ✅ Chrome driver initialized successfully with method 1
[2025-06-17T10:30:23.783+0000] {docker.py:403} INFO - → Establishing session at main page...
[2025-06-17T10:30:33.549+0000] {docker.py:403} INFO - [4/5] Selenium navigating for ABDA to https://www.idx.co.id/Portals/0/StaticData/ListedCompanies/Corporate_Actions/New_Info_JSX/Jenis_Informasi/01_Laporan_Keuangan/02_Soft_Copy_Laporan_Keuangan//Laporan%20Keuangan%20Tahun%202024/Audit/ABDA/instance.zip
[2025-06-17T10:30:41.752+0000] {docker.py:403} INFO - ✓ Successfully downloaded ABDA_instance.zip - 50102 bytes
[2025-06-17T10:30:43.905+0000] {docker.py:403} INFO - 🔧 Trying Chrome driver initialization method 1...
[2025-06-17T10:30:45.084+0000] {docker.py:403} INFO - ✅ Chrome driver initialized successfully with method 1
[2025-06-17T10:30:45.244+0000] {docker.py:403} INFO - → Establishing session at main page...
[2025-06-17T10:30:49.642+0000] {docker.py:403} INFO - [5/5] Selenium navigating for ABMM to https://www.idx.co.id/Portals/0/StaticData/ListedCompanies/Corporate_Actions/New_Info_JSX/Jenis_Informasi/01_Laporan_Keuangan/02_Soft_Copy_Laporan_Keuangan//Laporan%20Keuangan%20Tahun%202024/Audit/ABMM/instance.zip
[2025-06-17T10:30:57.769+0000] {docker.py:403} INFO - ✓ Successfully downloaded ABMM_instance.zip - 141013 bytes
[2025-06-17T10:30:59.854+0000] {docker.py:403} INFO - Selenium Download Summary:
-------------------------
Total companies: 5
Successful downloads: 5
Failed downloads: 0
Success rate: 100.0%
Completion time: 2025-06-17 10:30:59.852450
[2025-06-17T10:30:59.872+0000] {docker.py:403} INFO - Selenium download process completed. See /app/output/download_results_selenium.log for details.
[2025-06-17T10:30:59.874+0000] {docker.py:403} INFO - --- IDX Extract Process Completed ---
[2025-06-17T10:31:00.586+0000] {taskinstance.py:1350} INFO - Marking task as SUCCESS. dag_id=idx_pipeline, task_id=extract_idx, execution_date=20250617T102908, start_date=20250617T102910, end_date=20250617T103100
[2025-06-17T10:31:00.678+0000] {local_task_job_runner.py:225} INFO - Task exited with return code 0
[2025-06-17T10:31:00.747+0000] {taskinstance.py:2653} INFO - 1 downstream tasks scheduled from follow-on schedule check
