XBRL to JSON Conversion and MongoDB Load started: 2025-06-17 12:20:44.086057
MongoDB Connection: SUCCESS
Database: tugas_bigdata
Collection: idx_raw
--------------------------------------------------------------------------------
Processing years: 2021, 2022, 2023, 2024, 2025

=== Processing files for year: 2021 ===
Found 15 company directories for year 2021: AALI, ABBA, ABDA, ABMM, ACES, ACST, ADCP, ADES, ADHI, ADMF, ADMG, ADMR, ADRO, AGAR, AGII
Processing: /app/output/2021/AALI/AALI_instance_2021.zip
Status: ERROR - Year 2021 - Company AALI - you are over your space quota, using 512 MB of 512 MB, full error: {'ok': 0, 'errmsg': 'you are over your space quota, using 512 MB of 512 MB', 'code': 8000, 'codeName': 'AtlasError'}
--------------------------------------------------
Processing: /app/output/2021/ABBA/ABBA_instance_2021.zip
Status: ERROR - Year 2021 - Company ABBA - you are over your space quota, using 512 MB of 512 MB, full error: {'ok': 0, 'errmsg': 'you are over your space quota, using 512 MB of 512 MB', 'code': 8000, 'codeName': 'AtlasError'}
--------------------------------------------------
Processing: /app/output/2021/ABDA/ABDA_instance_2021.zip
Status: ERROR - Year 2021 - Company ABDA - you are over your space quota, using 512 MB of 512 MB, full error: {'ok': 0, 'errmsg': 'you are over your space quota, using 512 MB of 512 MB', 'code': 8000, 'codeName': 'AtlasError'}
--------------------------------------------------
Processing: /app/output/2021/ABMM/ABMM_instance_2021.zip
Status: ERROR - Year 2021 - Company ABMM - you are over your space quota, using 512 MB of 512 MB, full error: {'ok': 0, 'errmsg': 'you are over your space quota, using 512 MB of 512 MB', 'code': 8000, 'codeName': 'AtlasError'}
--------------------------------------------------
Processing: /app/output/2021/ACES/ACES_instance_2021.zip
Status: ERROR - Year 2021 - Company ACES - you are over your space quota, using 512 MB of 512 MB, full error: {'ok': 0, 'errmsg': 'you are over your space quota, using 512 MB of 512 MB', 'code': 8000, 'codeName': 'AtlasError'}
--------------------------------------------------
Processing: /app/output/2021/ACST/ACST_instance_2021.zip
Status: ERROR - Year 2021 - Company ACST - you are over your space quota, using 512 MB of 512 MB, full error: {'ok': 0, 'errmsg': 'you are over your space quota, using 512 MB of 512 MB', 'code': 8000, 'codeName': 'AtlasError'}
--------------------------------------------------
Processing: /app/output/2021/ADCP/ADCP_instance_2021.zip
Status: ERROR - Year 2021 - Company ADCP - you are over your space quota, using 512 MB of 512 MB, full error: {'ok': 0, 'errmsg': 'you are over your space quota, using 512 MB of 512 MB', 'code': 8000, 'codeName': 'AtlasError'}
--------------------------------------------------
Processing: /app/output/2021/ADES/ADES_instance_2021.zip
Status: ERROR - Year 2021 - Company ADES - you are over your space quota, using 512 MB of 512 MB, full error: {'ok': 0, 'errmsg': 'you are over your space quota, using 512 MB of 512 MB', 'code': 8000, 'codeName': 'AtlasError'}
--------------------------------------------------
Processing: /app/output/2021/ADHI/ADHI_instance_2021.zip
Status: ERROR - Year 2021 - Company ADHI - you are over your space quota, using 512 MB of 512 MB, full error: {'ok': 0, 'errmsg': 'you are over your space quota, using 512 MB of 512 MB', 'code': 8000, 'codeName': 'AtlasError'}
--------------------------------------------------
Processing: /app/output/2021/ADMF/ADMF_instance_2021.zip
Status: ERROR - Year 2021 - Company ADMF - you are over your space quota, using 512 MB of 512 MB, full error: {'ok': 0, 'errmsg': 'you are over your space quota, using 512 MB of 512 MB', 'code': 8000, 'codeName': 'AtlasError'}
--------------------------------------------------
Processing: /app/output/2021/ADMG/ADMG_instance_2021.zip
Status: ERROR - Year 2021 - Company ADMG - you are over your space quota, using 512 MB of 512 MB, full error: {'ok': 0, 'errmsg': 'you are over your space quota, using 512 MB of 512 MB', 'code': 8000, 'codeName': 'AtlasError'}
--------------------------------------------------
Processing: /app/output/2021/ADMR/ADMR_instance_2021.zip
Status: ERROR - Year 2021 - Company ADMR - you are over your space quota, using 512 MB of 512 MB, full error: {'ok': 0, 'errmsg': 'you are over your space quota, using 512 MB of 512 MB', 'code': 8000, 'codeName': 'AtlasError'}
--------------------------------------------------
Processing: /app/output/2021/ADRO/ADRO_instance_2021.zip
Status: ERROR - Year 2021 - Company ADRO - you are over your space quota, using 512 MB of 512 MB, full error: {'ok': 0, 'errmsg': 'you are over your space quota, using 512 MB of 512 MB', 'code': 8000, 'codeName': 'AtlasError'}
--------------------------------------------------
Processing: /app/output/2021/AGAR/AGAR_instance_2021.zip
Status: ERROR - Year 2021 - Company AGAR - you are over your space quota, using 512 MB of 512 MB, full error: {'ok': 0, 'errmsg': 'you are over your space quota, using 512 MB of 512 MB', 'code': 8000, 'codeName': 'AtlasError'}
--------------------------------------------------
Processing: /app/output/2021/AGII/AGII_instance_2021.zip
Status: ERROR - Year 2021 - Company AGII - you are over your space quota, using 512 MB of 512 MB, full error: {'ok': 0, 'errmsg': 'you are over your space quota, using 512 MB of 512 MB', 'code': 8000, 'codeName': 'AtlasError'}
--------------------------------------------------

=== Processing files for year: 2022 ===
Found 15 company directories for year 2022: AALI, ABBA, ABDA, ABMM, ACES, ACST, ADCP, ADES, ADHI, ADMF, ADMG, ADMR, ADRO, AGAR, AGII
Processing: /app/output/2022/AALI/AALI_instance_2022.zip
Status: ERROR - Year 2022 - Company AALI - you are over your space quota, using 512 MB of 512 MB, full error: {'ok': 0, 'errmsg': 'you are over your space quota, using 512 MB of 512 MB', 'code': 8000, 'codeName': 'AtlasError'}
--------------------------------------------------
Processing: /app/output/2022/ABBA/ABBA_instance_2022.zip
Status: ERROR - Year 2022 - Company ABBA - you are over your space quota, using 512 MB of 512 MB, full error: {'ok': 0, 'errmsg': 'you are over your space quota, using 512 MB of 512 MB', 'code': 8000, 'codeName': 'AtlasError'}
--------------------------------------------------
Processing: /app/output/2022/ABDA/ABDA_instance_2022.zip
Status: ERROR - Year 2022 - Company ABDA - you are over your space quota, using 512 MB of 512 MB, full error: {'ok': 0, 'errmsg': 'you are over your space quota, using 512 MB of 512 MB', 'code': 8000, 'codeName': 'AtlasError'}
--------------------------------------------------
Processing: /app/output/2022/ABMM/ABMM_instance_2022.zip
Status: ERROR - Year 2022 - Company ABMM - you are over your space quota, using 512 MB of 512 MB, full error: {'ok': 0, 'errmsg': 'you are over your space quota, using 512 MB of 512 MB', 'code': 8000, 'codeName': 'AtlasError'}
--------------------------------------------------
Processing: /app/output/2022/ACES/ACES_instance_2022.zip
Status: ERROR - Year 2022 - Company ACES - you are over your space quota, using 512 MB of 512 MB, full error: {'ok': 0, 'errmsg': 'you are over your space quota, using 512 MB of 512 MB', 'code': 8000, 'codeName': 'AtlasError'}
--------------------------------------------------
Processing: /app/output/2022/ACST/ACST_instance_2022.zip
Status: ERROR - Year 2022 - Company ACST - you are over your space quota, using 512 MB of 512 MB, full error: {'ok': 0, 'errmsg': 'you are over your space quota, using 512 MB of 512 MB', 'code': 8000, 'codeName': 'AtlasError'}
--------------------------------------------------
Processing: /app/output/2022/ADCP/ADCP_instance_2022.zip
Status: ERROR - Year 2022 - Company ADCP - you are over your space quota, using 512 MB of 512 MB, full error: {'ok': 0, 'errmsg': 'you are over your space quota, using 512 MB of 512 MB', 'code': 8000, 'codeName': 'AtlasError'}
--------------------------------------------------
Processing: /app/output/2022/ADES/ADES_instance_2022.zip
Status: ERROR - Year 2022 - Company ADES - you are over your space quota, using 512 MB of 512 MB, full error: {'ok': 0, 'errmsg': 'you are over your space quota, using 512 MB of 512 MB', 'code': 8000, 'codeName': 'AtlasError'}
--------------------------------------------------
Processing: /app/output/2022/ADHI/ADHI_instance_2022.zip
Status: ERROR - Year 2022 - Company ADHI - you are over your space quota, using 512 MB of 512 MB, full error: {'ok': 0, 'errmsg': 'you are over your space quota, using 512 MB of 512 MB', 'code': 8000, 'codeName': 'AtlasError'}
--------------------------------------------------
Processing: /app/output/2022/ADMF/ADMF_instance_2022.zip
Status: ERROR - Year 2022 - Company ADMF - you are over your space quota, using 512 MB of 512 MB, full error: {'ok': 0, 'errmsg': 'you are over your space quota, using 512 MB of 512 MB', 'code': 8000, 'codeName': 'AtlasError'}
--------------------------------------------------
Processing: /app/output/2022/ADMG/ADMG_instance_2022.zip
Status: ERROR - Year 2022 - Company ADMG - you are over your space quota, using 512 MB of 512 MB, full error: {'ok': 0, 'errmsg': 'you are over your space quota, using 512 MB of 512 MB', 'code': 8000, 'codeName': 'AtlasError'}
--------------------------------------------------
Processing: /app/output/2022/ADMR/ADMR_instance_2022.zip
Status: ERROR - Year 2022 - Company ADMR - you are over your space quota, using 512 MB of 512 MB, full error: {'ok': 0, 'errmsg': 'you are over your space quota, using 512 MB of 512 MB', 'code': 8000, 'codeName': 'AtlasError'}
--------------------------------------------------
Processing: /app/output/2022/ADRO/ADRO_instance_2022.zip
Status: ERROR - Year 2022 - Company ADRO - you are over your space quota, using 512 MB of 512 MB, full error: {'ok': 0, 'errmsg': 'you are over your space quota, using 512 MB of 512 MB', 'code': 8000, 'codeName': 'AtlasError'}
--------------------------------------------------
Processing: /app/output/2022/AGAR/AGAR_instance_2022.zip
Status: ERROR - Year 2022 - Company AGAR - you are over your space quota, using 512 MB of 512 MB, full error: {'ok': 0, 'errmsg': 'you are over your space quota, using 512 MB of 512 MB', 'code': 8000, 'codeName': 'AtlasError'}
--------------------------------------------------
Processing: /app/output/2022/AGII/AGII_instance_2022.zip
Status: ERROR - Year 2022 - Company AGII - you are over your space quota, using 512 MB of 512 MB, full error: {'ok': 0, 'errmsg': 'you are over your space quota, using 512 MB of 512 MB', 'code': 8000, 'codeName': 'AtlasError'}
--------------------------------------------------

=== Processing files for year: 2023 ===
Found 15 company directories for year 2023: AALI, ABBA, ABDA, ABMM, ACES, ACRO, ACST, ADCP, ADES, ADHI, ADMF, ADMG, ADMR, ADRO, AEGS
Processing: /app/output/2023/AALI/AALI_instance_2023.zip
Status: ERROR - Year 2023 - Company AALI - you are over your space quota, using 512 MB of 512 MB, full error: {'ok': 0, 'errmsg': 'you are over your space quota, using 512 MB of 512 MB', 'code': 8000, 'codeName': 'AtlasError'}
--------------------------------------------------
Processing: /app/output/2023/ABBA/ABBA_instance_2023.zip
Status: ERROR - Year 2023 - Company ABBA - you are over your space quota, using 512 MB of 512 MB, full error: {'ok': 0, 'errmsg': 'you are over your space quota, using 512 MB of 512 MB', 'code': 8000, 'codeName': 'AtlasError'}
--------------------------------------------------
Processing: /app/output/2023/ABDA/ABDA_instance_2023.zip
Status: ERROR - Year 2023 - Company ABDA - you are over your space quota, using 512 MB of 512 MB, full error: {'ok': 0, 'errmsg': 'you are over your space quota, using 512 MB of 512 MB', 'code': 8000, 'codeName': 'AtlasError'}
--------------------------------------------------
Processing: /app/output/2023/ABMM/ABMM_instance_2023.zip
Status: ERROR - Year 2023 - Company ABMM - you are over your space quota, using 512 MB of 512 MB, full error: {'ok': 0, 'errmsg': 'you are over your space quota, using 512 MB of 512 MB', 'code': 8000, 'codeName': 'AtlasError'}
--------------------------------------------------
Processing: /app/output/2023/ACES/ACES_instance_2023.zip
Status: ERROR - Year 2023 - Company ACES - you are over your space quota, using 512 MB of 512 MB, full error: {'ok': 0, 'errmsg': 'you are over your space quota, using 512 MB of 512 MB', 'code': 8000, 'codeName': 'AtlasError'}
--------------------------------------------------
Processing: /app/output/2023/ACRO/ACRO_instance_2023.zip
Status: ERROR - Year 2023 - Company ACRO - you are over your space quota, using 512 MB of 512 MB, full error: {'ok': 0, 'errmsg': 'you are over your space quota, using 512 MB of 512 MB', 'code': 8000, 'codeName': 'AtlasError'}
--------------------------------------------------
Processing: /app/output/2023/ACST/ACST_instance_2023.zip
Status: ERROR - Year 2023 - Company ACST - you are over your space quota, using 512 MB of 512 MB, full error: {'ok': 0, 'errmsg': 'you are over your space quota, using 512 MB of 512 MB', 'code': 8000, 'codeName': 'AtlasError'}
--------------------------------------------------
Processing: /app/output/2023/ADCP/ADCP_instance_2023.zip
Status: ERROR - Year 2023 - Company ADCP - you are over your space quota, using 512 MB of 512 MB, full error: {'ok': 0, 'errmsg': 'you are over your space quota, using 512 MB of 512 MB', 'code': 8000, 'codeName': 'AtlasError'}
--------------------------------------------------
Processing: /app/output/2023/ADES/ADES_instance_2023.zip
Status: ERROR - Year 2023 - Company ADES - you are over your space quota, using 512 MB of 512 MB, full error: {'ok': 0, 'errmsg': 'you are over your space quota, using 512 MB of 512 MB', 'code': 8000, 'codeName': 'AtlasError'}
--------------------------------------------------
Processing: /app/output/2023/ADHI/ADHI_instance_2023.zip
Status: ERROR - Year 2023 - Company ADHI - you are over your space quota, using 512 MB of 512 MB, full error: {'ok': 0, 'errmsg': 'you are over your space quota, using 512 MB of 512 MB', 'code': 8000, 'codeName': 'AtlasError'}
--------------------------------------------------
Processing: /app/output/2023/ADMF/ADMF_instance_2023.zip
Status: ERROR - Year 2023 - Company ADMF - you are over your space quota, using 512 MB of 512 MB, full error: {'ok': 0, 'errmsg': 'you are over your space quota, using 512 MB of 512 MB', 'code': 8000, 'codeName': 'AtlasError'}
--------------------------------------------------
Processing: /app/output/2023/ADMG/ADMG_instance_2023.zip
Status: ERROR - Year 2023 - Company ADMG - you are over your space quota, using 512 MB of 512 MB, full error: {'ok': 0, 'errmsg': 'you are over your space quota, using 512 MB of 512 MB', 'code': 8000, 'codeName': 'AtlasError'}
--------------------------------------------------
Processing: /app/output/2023/ADMR/ADMR_instance_2023.zip
Status: ERROR - Year 2023 - Company ADMR - you are over your space quota, using 512 MB of 512 MB, full error: {'ok': 0, 'errmsg': 'you are over your space quota, using 512 MB of 512 MB', 'code': 8000, 'codeName': 'AtlasError'}
--------------------------------------------------
Processing: /app/output/2023/ADRO/ADRO_instance_2023.zip
Status: ERROR - Year 2023 - Company ADRO - you are over your space quota, using 512 MB of 512 MB, full error: {'ok': 0, 'errmsg': 'you are over your space quota, using 512 MB of 512 MB', 'code': 8000, 'codeName': 'AtlasError'}
--------------------------------------------------
Processing: /app/output/2023/AEGS/AEGS_instance_2023.zip
Status: ERROR - Year 2023 - Company AEGS - you are over your space quota, using 512 MB of 512 MB, full error: {'ok': 0, 'errmsg': 'you are over your space quota, using 512 MB of 512 MB', 'code': 8000, 'codeName': 'AtlasError'}
--------------------------------------------------

=== Processing files for year: 2024 ===
Found 15 company directories for year 2024: AADI, AALI, ABBA, ABDA, ABMM, ACES, ACRO, ACST, ADCP, ADES, ADHI, ADMF, ADMG, ADMR, ADRO
Processing: /app/output/2024/AADI/AADI_instance_2024.zip
Status: ERROR - Year 2024 - Company AADI - you are over your space quota, using 512 MB of 512 MB, full error: {'ok': 0, 'errmsg': 'you are over your space quota, using 512 MB of 512 MB', 'code': 8000, 'codeName': 'AtlasError'}
--------------------------------------------------
Processing: /app/output/2024/AALI/AALI_instance_2024.zip
Status: ERROR - Year 2024 - Company AALI - you are over your space quota, using 512 MB of 512 MB, full error: {'ok': 0, 'errmsg': 'you are over your space quota, using 512 MB of 512 MB', 'code': 8000, 'codeName': 'AtlasError'}
--------------------------------------------------
Processing: /app/output/2024/ABBA/ABBA_instance_2024.zip
Status: ERROR - Year 2024 - Company ABBA - you are over your space quota, using 512 MB of 512 MB, full error: {'ok': 0, 'errmsg': 'you are over your space quota, using 512 MB of 512 MB', 'code': 8000, 'codeName': 'AtlasError'}
--------------------------------------------------
Processing: /app/output/2024/ABDA/ABDA_instance_2024.zip
Status: ERROR - Year 2024 - Company ABDA - you are over your space quota, using 512 MB of 512 MB, full error: {'ok': 0, 'errmsg': 'you are over your space quota, using 512 MB of 512 MB', 'code': 8000, 'codeName': 'AtlasError'}
--------------------------------------------------
Processing: /app/output/2024/ABMM/ABMM_instance_2024.zip
Status: ERROR - Year 2024 - Company ABMM - you are over your space quota, using 512 MB of 512 MB, full error: {'ok': 0, 'errmsg': 'you are over your space quota, using 512 MB of 512 MB', 'code': 8000, 'codeName': 'AtlasError'}
--------------------------------------------------
Processing: /app/output/2024/ACES/ACES_instance_2024.zip
Status: ERROR - Year 2024 - Company ACES - you are over your space quota, using 512 MB of 512 MB, full error: {'ok': 0, 'errmsg': 'you are over your space quota, using 512 MB of 512 MB', 'code': 8000, 'codeName': 'AtlasError'}
--------------------------------------------------
Processing: /app/output/2024/ACRO/ACRO_instance_2024.zip
Status: ERROR - Year 2024 - Company ACRO - you are over your space quota, using 512 MB of 512 MB, full error: {'ok': 0, 'errmsg': 'you are over your space quota, using 512 MB of 512 MB', 'code': 8000, 'codeName': 'AtlasError'}
--------------------------------------------------
Processing: /app/output/2024/ACST/ACST_instance_2024.zip
Status: ERROR - Year 2024 - Company ACST - you are over your space quota, using 512 MB of 512 MB, full error: {'ok': 0, 'errmsg': 'you are over your space quota, using 512 MB of 512 MB', 'code': 8000, 'codeName': 'AtlasError'}
--------------------------------------------------
Processing: /app/output/2024/ADCP/ADCP_instance_2024.zip
Status: ERROR - Year 2024 - Company ADCP - you are over your space quota, using 512 MB of 512 MB, full error: {'ok': 0, 'errmsg': 'you are over your space quota, using 512 MB of 512 MB', 'code': 8000, 'codeName': 'AtlasError'}
--------------------------------------------------
Processing: /app/output/2024/ADES/ADES_instance_2024.zip
Status: ERROR - Year 2024 - Company ADES - you are over your space quota, using 512 MB of 512 MB, full error: {'ok': 0, 'errmsg': 'you are over your space quota, using 512 MB of 512 MB', 'code': 8000, 'codeName': 'AtlasError'}
--------------------------------------------------
Processing: /app/output/2024/ADHI/ADHI_instance_2024.zip
Status: ERROR - Year 2024 - Company ADHI - you are over your space quota, using 512 MB of 512 MB, full error: {'ok': 0, 'errmsg': 'you are over your space quota, using 512 MB of 512 MB', 'code': 8000, 'codeName': 'AtlasError'}
--------------------------------------------------
Processing: /app/output/2024/ADMF/ADMF_instance_2024.zip
Status: ERROR - Year 2024 - Company ADMF - you are over your space quota, using 512 MB of 512 MB, full error: {'ok': 0, 'errmsg': 'you are over your space quota, using 512 MB of 512 MB', 'code': 8000, 'codeName': 'AtlasError'}
--------------------------------------------------
Processing: /app/output/2024/ADMG/ADMG_instance_2024.zip
Status: ERROR - Year 2024 - Company ADMG - you are over your space quota, using 512 MB of 512 MB, full error: {'ok': 0, 'errmsg': 'you are over your space quota, using 512 MB of 512 MB', 'code': 8000, 'codeName': 'AtlasError'}
--------------------------------------------------
Processing: /app/output/2024/ADMR/ADMR_instance_2024.zip
Status: ERROR - Year 2024 - Company ADMR - you are over your space quota, using 512 MB of 512 MB, full error: {'ok': 0, 'errmsg': 'you are over your space quota, using 512 MB of 512 MB', 'code': 8000, 'codeName': 'AtlasError'}
--------------------------------------------------
Processing: /app/output/2024/ADRO/ADRO_instance_2024.zip
Status: ERROR - Year 2024 - Company ADRO - you are over your space quota, using 512 MB of 512 MB, full error: {'ok': 0, 'errmsg': 'you are over your space quota, using 512 MB of 512 MB', 'code': 8000, 'codeName': 'AtlasError'}
--------------------------------------------------

=== Processing files for year: 2025 ===
Found 2 company directories for year 2025: LOPI, PUDP
Processing: /app/output/2025/LOPI/LOPI_instance_2025.zip
Status: ERROR - Year 2025 - Company LOPI - you are over your space quota, using 512 MB of 512 MB, full error: {'ok': 0, 'errmsg': 'you are over your space quota, using 512 MB of 512 MB', 'code': 8000, 'codeName': 'AtlasError'}
--------------------------------------------------
Processing: /app/output/2025/PUDP/PUDP_instance_2025.zip
Status: ERROR - Year 2025 - Company PUDP - you are over your space quota, using 512 MB of 512 MB, full error: {'ok': 0, 'errmsg': 'you are over your space quota, using 512 MB of 512 MB', 'code': 8000, 'codeName': 'AtlasError'}
--------------------------------------------------

Conversion and Load Summary:
---------------------------
Total files processed: 62
Successfully processed and loaded: 0
Failed processing: 62
Skipped files: 0
Years processed: 2021, 2022, 2023, 2024, 2025
New documents inserted to MongoDB: 0
Success rate: 0.0%
Completion time: 2025-06-17 12:23:49.346721

Year-by-Year Breakdown:

Year 2021:
  - Companies found: 15
  - Successful: 0
  - Failed: 15
  - Skipped: 0
  - Success rate: 0.0%

Year 2022:
  - Companies found: 15
  - Successful: 0
  - Failed: 15
  - Skipped: 0
  - Success rate: 0.0%

Year 2023:
  - Companies found: 15
  - Successful: 0
  - Failed: 15
  - Skipped: 0
  - Success rate: 0.0%

Year 2024:
  - Companies found: 15
  - Successful: 0
  - Failed: 15
  - Skipped: 0
  - Success rate: 0.0%

Year 2025:
  - Companies found: 2
  - Successful: 0
  - Failed: 2
  - Skipped: 0
  - Success rate: 0.0%
