[2025-06-17T08:45:35.936+0000] {taskinstance.py:1103} INFO - Dependencies all met for dep_context=non-requeueable deps ti=<TaskInstance: idx_pipeline.load_idx manual__2025-06-17T08:43:59.913453+00:00 [queued]>
[2025-06-17T08:45:35.945+0000] {taskinstance.py:1103} INFO - Dependencies all met for dep_context=requeueable deps ti=<TaskInstance: idx_pipeline.load_idx manual__2025-06-17T08:43:59.913453+00:00 [queued]>
[2025-06-17T08:45:35.946+0000] {taskinstance.py:1308} INFO - Starting attempt 1 of 2
[2025-06-17T08:45:35.959+0000] {taskinstance.py:1327} INFO - Executing <Task(DockerOperator): load_idx> on 2025-06-17 08:43:59.913453+00:00
[2025-06-17T08:45:35.964+0000] {standard_task_runner.py:57} INFO - Started process 386 to run task
[2025-06-17T08:45:35.966+0000] {standard_task_runner.py:84} INFO - Running: ['***', 'tasks', 'run', 'idx_pipeline', 'load_idx', 'manual__2025-06-17T08:43:59.913453+00:00', '--job-id', '49', '--raw', '--subdir', 'DAGS_FOLDER/idx_pipeline_dag.py', '--cfg-path', '/tmp/tmptjfjby86']
[2025-06-17T08:45:35.967+0000] {standard_task_runner.py:85} INFO - Job 49: Subtask load_idx
[2025-06-17T08:45:36.005+0000] {task_command.py:410} INFO - Running <TaskInstance: idx_pipeline.load_idx manual__2025-06-17T08:43:59.913453+00:00 [running]> on host 96e228aebcb0
[2025-06-17T08:45:36.083+0000] {taskinstance.py:1547} INFO - Exporting env vars: AIRFLOW_CTX_DAG_OWNER='***' AIRFLOW_CTX_DAG_ID='idx_pipeline' AIRFLOW_CTX_TASK_ID='load_idx' AIRFLOW_CTX_EXECUTION_DATE='2025-06-17T08:43:59.913453+00:00' AIRFLOW_CTX_TRY_NUMBER='1' AIRFLOW_CTX_DAG_RUN_ID='manual__2025-06-17T08:43:59.913453+00:00'
[2025-06-17T08:45:36.105+0000] {docker.py:334} INFO - Starting docker container from image bigdata-pipeline:latest
[2025-06-17T08:45:36.616+0000] {docker.py:403} INFO - --- Starting XBRL to JSON Conversion and MongoDB Load ---
Database: bigdata_saham, Collection: idx2024
MongoDB URI: mongodb+srv://bigdatakecil:bigdata04@xtrahera.m7x7qad.mongodb.net/?retryWrites=true&w=majority&appName=xtrahera
This will process data from all years (2021-2025) into a single collection
[2025-06-17T08:45:37.281+0000] {docker.py:403} INFO - Connected to MongoDB using URI, Database: bigdata_saham, Collection: idx2024
[2025-06-17T08:45:37.285+0000] {docker.py:403} INFO - Found 1 year directories: Legacy structure - no year directories

=== Processing files for year: unknown ===
[2025-06-17T08:45:37.289+0000] {docker.py:403} INFO - Found 5 company directories for year unknown
[2025-06-17T08:45:37.290+0000] {docker.py:403} INFO - Processing /app/output/AADI/AADI_instance.zip ...
[2025-06-17T08:45:38.519+0000] {docker.py:403} INFO - ✓ Saved -> AADI_unknown_instance.json & MongoDB
[2025-06-17T08:45:38.521+0000] {docker.py:403} INFO - Processing /app/output/AALI/AALI_instance.zip ...
[2025-06-17T08:45:39.180+0000] {docker.py:403} INFO - ✓ Saved -> AALI_unknown_instance.json & MongoDB
[2025-06-17T08:45:39.181+0000] {docker.py:403} INFO - Processing /app/output/ABBA/ABBA_instance.zip ...
[2025-06-17T08:45:39.867+0000] {docker.py:403} INFO - ✓ Saved -> ABBA_unknown_instance.json & MongoDB
[2025-06-17T08:45:39.870+0000] {docker.py:403} INFO - Processing /app/output/ABDA/ABDA_instance.zip ...
[2025-06-17T08:45:40.128+0000] {docker.py:403} INFO - ✓ Saved -> ABDA_unknown_instance.json & MongoDB
[2025-06-17T08:45:40.129+0000] {docker.py:403} INFO - Processing /app/output/ABMM/ABMM_instance.zip ...
[2025-06-17T08:45:40.927+0000] {docker.py:403} INFO - ✓ Saved -> ABMM_unknown_instance.json & MongoDB
[2025-06-17T08:45:40.927+0000] {docker.py:403} INFO - Conversion and Load Summary:
---------------------------
Total files processed: 5
Successfully processed and loaded: 5
Failed processing: 0
Years processed: Legacy structure
Completion time: 2025-06-17 08:45:40.927004
[2025-06-17T08:45:40.928+0000] {docker.py:403} INFO - XBRL conversion and MongoDB load process completed. See /app/output/xbrl_conversion_and_load_results.log for details.
[2025-06-17T08:45:41.787+0000] {taskinstance.py:1350} INFO - Marking task as SUCCESS. dag_id=idx_pipeline, task_id=load_idx, execution_date=20250617T084359, start_date=20250617T084535, end_date=20250617T084541
[2025-06-17T08:45:41.829+0000] {local_task_job_runner.py:225} INFO - Task exited with return code 0
[2025-06-17T08:45:41.850+0000] {taskinstance.py:2653} INFO - 1 downstream tasks scheduled from follow-on schedule check
