[2025-06-17T11:54:07.499+0000] {taskinstance.py:1103} INFO - Dependencies all met for dep_context=non-requeueable deps ti=<TaskInstance: idx_pipeline.transform_idx manual__2025-06-17T11:52:50.755519+00:00 [queued]>
[2025-06-17T11:54:07.521+0000] {taskinstance.py:1103} INFO - Dependencies all met for dep_context=requeueable deps ti=<TaskInstance: idx_pipeline.transform_idx manual__2025-06-17T11:52:50.755519+00:00 [queued]>
[2025-06-17T11:54:07.522+0000] {taskinstance.py:1308} INFO - Starting attempt 1 of 2
[2025-06-17T11:54:07.569+0000] {taskinstance.py:1327} INFO - Executing <Task(DockerOperator): transform_idx> on 2025-06-17 11:52:50.755519+00:00
[2025-06-17T11:54:07.581+0000] {standard_task_runner.py:57} INFO - Started process 201 to run task
[2025-06-17T11:54:07.588+0000] {standard_task_runner.py:84} INFO - Running: ['***', 'tasks', 'run', 'idx_pipeline', 'transform_idx', 'manual__2025-06-17T11:52:50.755519+00:00', '--job-id', '97', '--raw', '--subdir', 'DAGS_FOLDER/idx_pipeline_dag.py', '--cfg-path', '/tmp/tmpmhi2192n']
[2025-06-17T11:54:07.590+0000] {standard_task_runner.py:85} INFO - Job 97: Subtask transform_idx
[2025-06-17T11:54:07.706+0000] {task_command.py:410} INFO - Running <TaskInstance: idx_pipeline.transform_idx manual__2025-06-17T11:52:50.755519+00:00 [running]> on host 790f4cde8a0c
[2025-06-17T11:54:07.930+0000] {taskinstance.py:1547} INFO - Exporting env vars: AIRFLOW_CTX_DAG_OWNER='***' AIRFLOW_CTX_DAG_ID='idx_pipeline' AIRFLOW_CTX_TASK_ID='transform_idx' AIRFLOW_CTX_EXECUTION_DATE='2025-06-17T11:52:50.755519+00:00' AIRFLOW_CTX_TRY_NUMBER='1' AIRFLOW_CTX_DAG_RUN_ID='manual__2025-06-17T11:52:50.755519+00:00'
[2025-06-17T11:54:08.008+0000] {docker.py:334} INFO - Starting docker container from image bigdata-pipeline:latest
[2025-06-17T11:54:10.030+0000] {docker.py:403} INFO - Starting IDX revenue transformation process
Starting revenue transformation by sector...
[2025-06-17T11:54:12.239+0000] {docker.py:403} INFO - Using Spark's default log4j profile: org/apache/spark/log4j-defaults.properties
[2025-06-17T11:54:12.240+0000] {docker.py:403} INFO - Setting default log level to "
[2025-06-17T11:54:12.241+0000] {docker.py:403} INFO - WARN".
To adjust logging level use sc.setLogLevel(newLevel). For SparkR, use setLogLevel(newLevel).
[2025-06-17T11:54:12.608+0000] {docker.py:403} INFO - 25/06/17 11:54:12 WARN NativeCodeLoader: Unable to load native-hadoop library for your platform... using builtin-java classes where applicable
[2025-06-17T11:54:16.734+0000] {docker.py:403} INFO - Connected to MongoDB - Database: tugas_bigdata
[2025-06-17T11:54:34.206+0000] {docker.py:403} INFO - Found 44 raw financial reports
Processing financial reports...
[2025-06-17T11:54:34.423+0000] {docker.py:403} INFO - Processed 20/44 documents (45.5%)
[2025-06-17T11:54:34.650+0000] {docker.py:403} INFO - Processed 40/44 documents (90.9%)
[2025-06-17T11:54:34.697+0000] {docker.py:403} INFO - Processed 44/44 documents (100.0%)

Storing 44 records to MongoDB...
[2025-06-17T11:54:34.911+0000] {docker.py:403} INFO - Successfully stored 44 records

=== TRANSFORMATION SUMMARY ===
Total documents processed: 44
Successful transformations: 44
Failed transformations: 0

Companies with Revenue: 44/44 (100.0%)
Companies with Revenue Growth: 44/44 (100.0%)
Companies with Operating Profit: 26/44 (59.1%)

Top 5 sectors by company count:
- E. Consumer Cyclicals: 10 companies
- 9. Trade, Services & Investment: 6 companies
- D. Consumer Non-Cyclicals: 6 companies
- G. Financials: 6 companies
- A. Energy: 6 companies
[2025-06-17T11:54:35.491+0000] {docker.py:403} INFO - Transformation process completed
[2025-06-17T11:54:35.550+0000] {docker.py:403} INFO - Validating transformed data...
[2025-06-17T11:54:36.571+0000] {docker.py:403} INFO - === VALIDATION SUMMARY ===
Total Records: 44
Records with Revenue: 44
Records with Revenue Growth: 44
Records with Gross Profit: 26
Records with Operating Profit: 26
Records with Net Profit: 28
Records with Cash: 28
Records with Assets: 44
Records with Short Term Borrowing: 20
Records with Long Term Borrowing: 20
Records with Equity: 44

✓ Validation completed successfully
[2025-06-17T11:54:36.572+0000] {docker.py:403} INFO - IDX revenue transformation process completed
[2025-06-17T11:54:37.944+0000] {taskinstance.py:1350} INFO - Marking task as SUCCESS. dag_id=idx_pipeline, task_id=transform_idx, execution_date=20250617T115250, start_date=20250617T115407, end_date=20250617T115437
[2025-06-17T11:54:37.999+0000] {local_task_job_runner.py:225} INFO - Task exited with return code 0
[2025-06-17T11:54:38.040+0000] {taskinstance.py:2653} INFO - 0 downstream tasks scheduled from follow-on schedule check
