Selenium Download started at: 2025-06-17 12:06:03.719469
Year: 2022
Total companies to process: 15

[1/15] Company: AALI
URL: https://www.idx.co.id/Portals/0/StaticData/ListedCompanies/Corporate_Actions/New_Info_JSX/Jenis_Informasi/01_Laporan_Keuangan/02_Soft_Copy_Laporan_Keuangan//Laporan%20Keuangan%20Tahun%202022/Audit/AALI/instance.zip
Status: Success - 184027 bytes
--------------------------------------------------
[2/15] Company: ABBA
URL: https://www.idx.co.id/Portals/0/StaticData/ListedCompanies/Corporate_Actions/New_Info_JSX/Jenis_Informasi/01_Laporan_Keuangan/02_Soft_Copy_Laporan_Keuangan//Laporan%20Keuangan%20Tahun%202022/Audit/ABBA/instance.zip
Status: Success - 172426 bytes
--------------------------------------------------
[3/15] Company: ABDA
URL: https://www.idx.co.id/Portals/0/StaticData/ListedCompanies/Corporate_Actions/New_Info_JSX/Jenis_Informasi/01_Laporan_Keuangan/02_Soft_Copy_Laporan_Keuangan//Laporan%20Keuangan%20Tahun%202022/Audit/ABDA/instance.zip
Status: Success - 67449 bytes
--------------------------------------------------
[4/15] Company: ABMM
URL: https://www.idx.co.id/Portals/0/StaticData/ListedCompanies/Corporate_Actions/New_Info_JSX/Jenis_Informasi/01_Laporan_Keuangan/02_Soft_Copy_Laporan_Keuangan//Laporan%20Keuangan%20Tahun%202022/Audit/ABMM/instance.zip
Status: Success - 209846 bytes
--------------------------------------------------
[5/15] Company: ACES
URL: https://www.idx.co.id/Portals/0/StaticData/ListedCompanies/Corporate_Actions/New_Info_JSX/Jenis_Informasi/01_Laporan_Keuangan/02_Soft_Copy_Laporan_Keuangan//Laporan%20Keuangan%20Tahun%202022/Audit/ACES/instance.zip
Status: Success - 184180 bytes
--------------------------------------------------
[6/15] Company: ACST
URL: https://www.idx.co.id/Portals/0/StaticData/ListedCompanies/Corporate_Actions/New_Info_JSX/Jenis_Informasi/01_Laporan_Keuangan/02_Soft_Copy_Laporan_Keuangan//Laporan%20Keuangan%20Tahun%202022/Audit/ACST/instance.zip
Status: Success - 184056 bytes
--------------------------------------------------
[7/15] Company: ADCP
URL: https://www.idx.co.id/Portals/0/StaticData/ListedCompanies/Corporate_Actions/New_Info_JSX/Jenis_Informasi/01_Laporan_Keuangan/02_Soft_Copy_Laporan_Keuangan//Laporan%20Keuangan%20Tahun%202022/Audit/ADCP/instance.zip
Status: Success - 187079 bytes
--------------------------------------------------
[8/15] Company: ADES
URL: https://www.idx.co.id/Portals/0/StaticData/ListedCompanies/Corporate_Actions/New_Info_JSX/Jenis_Informasi/01_Laporan_Keuangan/02_Soft_Copy_Laporan_Keuangan//Laporan%20Keuangan%20Tahun%202022/Audit/ADES/instance.zip
Status: Success - 180759 bytes
--------------------------------------------------
[9/15] Company: ADHI
URL: https://www.idx.co.id/Portals/0/StaticData/ListedCompanies/Corporate_Actions/New_Info_JSX/Jenis_Informasi/01_Laporan_Keuangan/02_Soft_Copy_Laporan_Keuangan//Laporan%20Keuangan%20Tahun%202022/Audit/ADHI/instance.zip
Status: Success - 213601 bytes
--------------------------------------------------
[10/15] Company: ADMF
URL: https://www.idx.co.id/Portals/0/StaticData/ListedCompanies/Corporate_Actions/New_Info_JSX/Jenis_Informasi/01_Laporan_Keuangan/02_Soft_Copy_Laporan_Keuangan//Laporan%20Keuangan%20Tahun%202022/Audit/ADMF/instance.zip
Status: Success - 153862 bytes
--------------------------------------------------
[11/15] Company: ADMG
URL: https://www.idx.co.id/Portals/0/StaticData/ListedCompanies/Corporate_Actions/New_Info_JSX/Jenis_Informasi/01_Laporan_Keuangan/02_Soft_Copy_Laporan_Keuangan//Laporan%20Keuangan%20Tahun%202022/Audit/ADMG/instance.zip
Status: Success - 180169 bytes
--------------------------------------------------
[12/15] Company: ADMR
URL: https://www.idx.co.id/Portals/0/StaticData/ListedCompanies/Corporate_Actions/New_Info_JSX/Jenis_Informasi/01_Laporan_Keuangan/02_Soft_Copy_Laporan_Keuangan//Laporan%20Keuangan%20Tahun%202022/Audit/ADMR/instance.zip
Status: Success - 184552 bytes
--------------------------------------------------
[13/15] Company: ADRO
URL: https://www.idx.co.id/Portals/0/StaticData/ListedCompanies/Corporate_Actions/New_Info_JSX/Jenis_Informasi/01_Laporan_Keuangan/02_Soft_Copy_Laporan_Keuangan//Laporan%20Keuangan%20Tahun%202022/Audit/ADRO/instance.zip
Status: Success - 196696 bytes
--------------------------------------------------
[14/15] Company: AGAR
URL: https://www.idx.co.id/Portals/0/StaticData/ListedCompanies/Corporate_Actions/New_Info_JSX/Jenis_Informasi/01_Laporan_Keuangan/02_Soft_Copy_Laporan_Keuangan//Laporan%20Keuangan%20Tahun%202022/Audit/AGAR/instance.zip
Status: Success - 183858 bytes
--------------------------------------------------
[15/15] Company: AGII
URL: https://www.idx.co.id/Portals/0/StaticData/ListedCompanies/Corporate_Actions/New_Info_JSX/Jenis_Informasi/01_Laporan_Keuangan/02_Soft_Copy_Laporan_Keuangan//Laporan%20Keuangan%20Tahun%202022/Audit/AGII/instance.zip
Status: Success - 190548 bytes
--------------------------------------------------

Selenium Download Summary for Year 2022:
----------------------------------------
Total companies: 15
Successful downloads: 15
Failed downloads: 0
Success rate: 100.0%
Completion time: 2025-06-17 12:10:04.364113
