Selenium Download started at: 2025-06-17 12:15:27.683673
Year: 2024
Total companies to process: 15

[1/15] Company: AADI
URL: https://www.idx.co.id/Portals/0/StaticData/ListedCompanies/Corporate_Actions/New_Info_JSX/Jenis_Informasi/01_Laporan_Keuangan/02_Soft_Copy_Laporan_Keuangan//Laporan%20Keuangan%20Tahun%202024/Audit/AADI/instance.zip
Status: Success - 143996 bytes
--------------------------------------------------
[2/15] Company: AALI
URL: https://www.idx.co.id/Portals/0/StaticData/ListedCompanies/Corporate_Actions/New_Info_JSX/Jenis_Informasi/01_Laporan_Keuangan/02_Soft_Copy_Laporan_Keuangan//Laporan%20Keuangan%20Tahun%202024/Audit/AALI/instance.zip
Status: Success - 124227 bytes
--------------------------------------------------
[3/15] Company: ABBA
URL: https://www.idx.co.id/Portals/0/StaticData/ListedCompanies/Corporate_Actions/New_Info_JSX/Jenis_Informasi/01_Laporan_Keuangan/02_Soft_Copy_Laporan_Keuangan//Laporan%20Keuangan%20Tahun%202024/Audit/ABBA/instance.zip
Status: Success - 111972 bytes
--------------------------------------------------
[4/15] Company: ABDA
URL: https://www.idx.co.id/Portals/0/StaticData/ListedCompanies/Corporate_Actions/New_Info_JSX/Jenis_Informasi/01_Laporan_Keuangan/02_Soft_Copy_Laporan_Keuangan//Laporan%20Keuangan%20Tahun%202024/Audit/ABDA/instance.zip
Status: Success - 50102 bytes
--------------------------------------------------
[5/15] Company: ABMM
URL: https://www.idx.co.id/Portals/0/StaticData/ListedCompanies/Corporate_Actions/New_Info_JSX/Jenis_Informasi/01_Laporan_Keuangan/02_Soft_Copy_Laporan_Keuangan//Laporan%20Keuangan%20Tahun%202024/Audit/ABMM/instance.zip
Status: Success - 141013 bytes
--------------------------------------------------
[6/15] Company: ACES
URL: https://www.idx.co.id/Portals/0/StaticData/ListedCompanies/Corporate_Actions/New_Info_JSX/Jenis_Informasi/01_Laporan_Keuangan/02_Soft_Copy_Laporan_Keuangan//Laporan%20Keuangan%20Tahun%202024/Audit/ACES/instance.zip
Status: Success - 135199 bytes
--------------------------------------------------
[7/15] Company: ACRO
URL: https://www.idx.co.id/Portals/0/StaticData/ListedCompanies/Corporate_Actions/New_Info_JSX/Jenis_Informasi/01_Laporan_Keuangan/02_Soft_Copy_Laporan_Keuangan//Laporan%20Keuangan%20Tahun%202024/Audit/ACRO/instance.zip
Status: Success - 119628 bytes
--------------------------------------------------
[8/15] Company: ACST
URL: https://www.idx.co.id/Portals/0/StaticData/ListedCompanies/Corporate_Actions/New_Info_JSX/Jenis_Informasi/01_Laporan_Keuangan/02_Soft_Copy_Laporan_Keuangan//Laporan%20Keuangan%20Tahun%202024/Audit/ACST/instance.zip
Status: Success - 118902 bytes
--------------------------------------------------
[9/15] Company: ADCP
URL: https://www.idx.co.id/Portals/0/StaticData/ListedCompanies/Corporate_Actions/New_Info_JSX/Jenis_Informasi/01_Laporan_Keuangan/02_Soft_Copy_Laporan_Keuangan//Laporan%20Keuangan%20Tahun%202024/Audit/ADCP/instance.zip
Status: Success - 152833 bytes
--------------------------------------------------
[10/15] Company: ADES
URL: https://www.idx.co.id/Portals/0/StaticData/ListedCompanies/Corporate_Actions/New_Info_JSX/Jenis_Informasi/01_Laporan_Keuangan/02_Soft_Copy_Laporan_Keuangan//Laporan%20Keuangan%20Tahun%202024/Audit/ADES/instance.zip
Status: Success - 125235 bytes
--------------------------------------------------
[11/15] Company: ADHI
URL: https://www.idx.co.id/Portals/0/StaticData/ListedCompanies/Corporate_Actions/New_Info_JSX/Jenis_Informasi/01_Laporan_Keuangan/02_Soft_Copy_Laporan_Keuangan//Laporan%20Keuangan%20Tahun%202024/Audit/ADHI/instance.zip
Status: Success - 151395 bytes
--------------------------------------------------
[12/15] Company: ADMF
URL: https://www.idx.co.id/Portals/0/StaticData/ListedCompanies/Corporate_Actions/New_Info_JSX/Jenis_Informasi/01_Laporan_Keuangan/02_Soft_Copy_Laporan_Keuangan//Laporan%20Keuangan%20Tahun%202024/Audit/ADMF/instance.zip
Status: Success - 109179 bytes
--------------------------------------------------
[13/15] Company: ADMG
URL: https://www.idx.co.id/Portals/0/StaticData/ListedCompanies/Corporate_Actions/New_Info_JSX/Jenis_Informasi/01_Laporan_Keuangan/02_Soft_Copy_Laporan_Keuangan//Laporan%20Keuangan%20Tahun%202024/Audit/ADMG/instance.zip
Status: Success - 130213 bytes
--------------------------------------------------
[14/15] Company: ADMR
URL: https://www.idx.co.id/Portals/0/StaticData/ListedCompanies/Corporate_Actions/New_Info_JSX/Jenis_Informasi/01_Laporan_Keuangan/02_Soft_Copy_Laporan_Keuangan//Laporan%20Keuangan%20Tahun%202024/Audit/ADMR/instance.zip
Status: Success - 132142 bytes
--------------------------------------------------
[15/15] Company: ADRO
URL: https://www.idx.co.id/Portals/0/StaticData/ListedCompanies/Corporate_Actions/New_Info_JSX/Jenis_Informasi/01_Laporan_Keuangan/02_Soft_Copy_Laporan_Keuangan//Laporan%20Keuangan%20Tahun%202024/Audit/ADRO/instance.zip
Status: Success - 140646 bytes
--------------------------------------------------

Selenium Download Summary for Year 2024:
----------------------------------------
Total companies: 15
Successful downloads: 15
Failed downloads: 0
Success rate: 100.0%
Completion time: 2025-06-17 12:19:32.014101
