[2025-06-17T11:21:55.814+0000] {taskinstance.py:1103} INFO - Dependencies all met for dep_context=non-requeueable deps ti=<TaskInstance: idx_pipeline.extract_idx manual__2025-06-17T11:21:52.985284+00:00 [queued]>
[2025-06-17T11:21:55.835+0000] {taskinstance.py:1103} INFO - Dependencies all met for dep_context=requeueable deps ti=<TaskInstance: idx_pipeline.extract_idx manual__2025-06-17T11:21:52.985284+00:00 [queued]>
[2025-06-17T11:21:55.836+0000] {taskinstance.py:1308} INFO - Starting attempt 1 of 2
[2025-06-17T11:21:55.947+0000] {taskinstance.py:1327} INFO - Executing <Task(DockerOperator): extract_idx> on 2025-06-17 11:21:52.985284+00:00
[2025-06-17T11:21:55.956+0000] {standard_task_runner.py:57} INFO - Started process 1170 to run task
[2025-06-17T11:21:55.963+0000] {standard_task_runner.py:84} INFO - Running: ['***', 'tasks', 'run', 'idx_pipeline', 'extract_idx', 'manual__2025-06-17T11:21:52.985284+00:00', '--job-id', '88', '--raw', '--subdir', 'DAGS_FOLDER/idx_pipeline_dag.py', '--cfg-path', '/tmp/tmpnl_1_yyy']
[2025-06-17T11:21:55.966+0000] {standard_task_runner.py:85} INFO - Job 88: Subtask extract_idx
[2025-06-17T11:21:56.102+0000] {task_command.py:410} INFO - Running <TaskInstance: idx_pipeline.extract_idx manual__2025-06-17T11:21:52.985284+00:00 [running]> on host 790f4cde8a0c
[2025-06-17T11:21:56.451+0000] {taskinstance.py:1547} INFO - Exporting env vars: AIRFLOW_CTX_DAG_OWNER='***' AIRFLOW_CTX_DAG_ID='idx_pipeline' AIRFLOW_CTX_TASK_ID='extract_idx' AIRFLOW_CTX_EXECUTION_DATE='2025-06-17T11:21:52.985284+00:00' AIRFLOW_CTX_TRY_NUMBER='1' AIRFLOW_CTX_DAG_RUN_ID='manual__2025-06-17T11:21:52.985284+00:00'
[2025-06-17T11:21:56.525+0000] {docker.py:334} INFO - Starting docker container from image bigdata-pipeline:latest
[2025-06-17T11:21:58.767+0000] {docker.py:403} INFO - 🚀 Starting IDX Multi-Year Extract Process
Years to process: [2021, 2022, 2023, 2024, 2025]
Max companies per year: 5
================================================================================
[2025-06-17T11:21:58.770+0000] {docker.py:403} INFO - ============================================================
--- Processing Year 2021 ---
[TESTING MODE] Limiting extraction to 5 companies
============================================================

📋 Step 1: Scraping company names for year 2021
[2025-06-17T11:22:00.775+0000] {docker.py:403} INFO - 🔧 Trying Chrome driver initialization method 1...
[2025-06-17T11:22:02.525+0000] {docker.py:403} INFO - ✅ Chrome driver initialized successfully with method 1
[2025-06-17T11:22:02.686+0000] {docker.py:403} INFO - Accessing URL: https://www.idx.co.id/id/perusahaan-tercatat/laporan-keuangan-dan-tahunan for year 2021
[2025-06-17T11:22:04.575+0000] {docker.py:403} INFO - Page loaded successfully
Simulating human behavior...
[2025-06-17T11:22:09.581+0000] {docker.py:403} INFO - Memilih tahun 2021 dan jenis laporan 'Audit'...
[2025-06-17T11:22:13.338+0000] {docker.py:403} INFO - ✓ Tahun 2021 telah dipilih.
[2025-06-17T11:22:14.413+0000] {docker.py:403} INFO - ✓ Jenis laporan 'Audit' (Tahunan) telah dipilih.
[2025-06-17T11:22:14.537+0000] {docker.py:403} INFO - ✓ Tombol 'Terapkan' telah diklik.
[2025-06-17T11:22:16.148+0000] {local_task_job_runner.py:292} WARNING - State of this instance has been externally set to success. Terminating instance.
[2025-06-17T11:22:16.152+0000] {process_utils.py:135} INFO - Sending Signals.SIGTERM to group 1170. PIDs of all processes in the group: [1170]
[2025-06-17T11:22:16.153+0000] {process_utils.py:86} INFO - Sending the signal Signals.SIGTERM to group 1170
[2025-06-17T11:22:16.155+0000] {taskinstance.py:1517} ERROR - Received SIGTERM. Terminating subprocesses.
[2025-06-17T11:22:16.156+0000] {docker.py:495} INFO - Stopping docker container
[2025-06-17T11:22:27.009+0000] {process_utils.py:79} INFO - Process psutil.Process(pid=1170, status='terminated', exitcode=0, started='11:21:55') (1170) terminated with exit code 0
