Selenium Download started at: 2025-06-17 12:01:23.726798
Year: 2021
Total companies to process: 15

[1/15] Company: AALI
URL: https://www.idx.co.id/Portals/0/StaticData/ListedCompanies/Corporate_Actions/New_Info_JSX/Jenis_Informasi/01_Laporan_Keuangan/02_Soft_Copy_Laporan_Keuangan//Laporan%20Keuangan%20Tahun%202021/Audit/AALI/instance.zip
Status: Success - 28906 bytes
--------------------------------------------------
[2/15] Company: ABBA
URL: https://www.idx.co.id/Portals/0/StaticData/ListedCompanies/Corporate_Actions/New_Info_JSX/Jenis_Informasi/01_Laporan_Keuangan/02_Soft_Copy_Laporan_Keuangan//Laporan%20Keuangan%20Tahun%202021/Audit/ABBA/instance.zip
Status: Success - 29336 bytes
--------------------------------------------------
[3/15] Company: ABDA
URL: https://www.idx.co.id/Portals/0/StaticData/ListedCompanies/Corporate_Actions/New_Info_JSX/Jenis_Informasi/01_Laporan_Keuangan/02_Soft_Copy_Laporan_Keuangan//Laporan%20Keuangan%20Tahun%202021/Audit/ABDA/instance.zip
Status: Success - 24130 bytes
--------------------------------------------------
[4/15] Company: ABMM
URL: https://www.idx.co.id/Portals/0/StaticData/ListedCompanies/Corporate_Actions/New_Info_JSX/Jenis_Informasi/01_Laporan_Keuangan/02_Soft_Copy_Laporan_Keuangan//Laporan%20Keuangan%20Tahun%202021/Audit/ABMM/instance.zip
Status: Success - 29290 bytes
--------------------------------------------------
[5/15] Company: ACES
URL: https://www.idx.co.id/Portals/0/StaticData/ListedCompanies/Corporate_Actions/New_Info_JSX/Jenis_Informasi/01_Laporan_Keuangan/02_Soft_Copy_Laporan_Keuangan//Laporan%20Keuangan%20Tahun%202021/Audit/ACES/instance.zip
Status: Success - 29450 bytes
--------------------------------------------------
[6/15] Company: ACST
URL: https://www.idx.co.id/Portals/0/StaticData/ListedCompanies/Corporate_Actions/New_Info_JSX/Jenis_Informasi/01_Laporan_Keuangan/02_Soft_Copy_Laporan_Keuangan//Laporan%20Keuangan%20Tahun%202021/Audit/ACST/instance.zip
Status: Success - 28282 bytes
--------------------------------------------------
[7/15] Company: ADCP
URL: https://www.idx.co.id/Portals/0/StaticData/ListedCompanies/Corporate_Actions/New_Info_JSX/Jenis_Informasi/01_Laporan_Keuangan/02_Soft_Copy_Laporan_Keuangan//Laporan%20Keuangan%20Tahun%202021/Audit/ADCP/instance.zip
Status: Success - 28862 bytes
--------------------------------------------------
[8/15] Company: ADES
URL: https://www.idx.co.id/Portals/0/StaticData/ListedCompanies/Corporate_Actions/New_Info_JSX/Jenis_Informasi/01_Laporan_Keuangan/02_Soft_Copy_Laporan_Keuangan//Laporan%20Keuangan%20Tahun%202021/Audit/ADES/instance.zip
Status: Success - 28067 bytes
--------------------------------------------------
[9/15] Company: ADHI
URL: https://www.idx.co.id/Portals/0/StaticData/ListedCompanies/Corporate_Actions/New_Info_JSX/Jenis_Informasi/01_Laporan_Keuangan/02_Soft_Copy_Laporan_Keuangan//Laporan%20Keuangan%20Tahun%202021/Audit/ADHI/instance.zip
Status: Success - 28206 bytes
--------------------------------------------------
[10/15] Company: ADMF
URL: https://www.idx.co.id/Portals/0/StaticData/ListedCompanies/Corporate_Actions/New_Info_JSX/Jenis_Informasi/01_Laporan_Keuangan/02_Soft_Copy_Laporan_Keuangan//Laporan%20Keuangan%20Tahun%202021/Audit/ADMF/instance.zip
Status: Success - 28258 bytes
--------------------------------------------------
[11/15] Company: ADMG
URL: https://www.idx.co.id/Portals/0/StaticData/ListedCompanies/Corporate_Actions/New_Info_JSX/Jenis_Informasi/01_Laporan_Keuangan/02_Soft_Copy_Laporan_Keuangan//Laporan%20Keuangan%20Tahun%202021/Audit/ADMG/instance.zip
Status: Success - 28528 bytes
--------------------------------------------------
[12/15] Company: ADMR
URL: https://www.idx.co.id/Portals/0/StaticData/ListedCompanies/Corporate_Actions/New_Info_JSX/Jenis_Informasi/01_Laporan_Keuangan/02_Soft_Copy_Laporan_Keuangan//Laporan%20Keuangan%20Tahun%202021/Audit/ADMR/instance.zip
Status: Success - 29091 bytes
--------------------------------------------------
[13/15] Company: ADRO
URL: https://www.idx.co.id/Portals/0/StaticData/ListedCompanies/Corporate_Actions/New_Info_JSX/Jenis_Informasi/01_Laporan_Keuangan/02_Soft_Copy_Laporan_Keuangan//Laporan%20Keuangan%20Tahun%202021/Audit/ADRO/instance.zip
Status: Success - 29674 bytes
--------------------------------------------------
[14/15] Company: AGAR
URL: https://www.idx.co.id/Portals/0/StaticData/ListedCompanies/Corporate_Actions/New_Info_JSX/Jenis_Informasi/01_Laporan_Keuangan/02_Soft_Copy_Laporan_Keuangan//Laporan%20Keuangan%20Tahun%202021/Audit/AGAR/instance.zip
Status: Success - 28411 bytes
--------------------------------------------------
[15/15] Company: AGII
URL: https://www.idx.co.id/Portals/0/StaticData/ListedCompanies/Corporate_Actions/New_Info_JSX/Jenis_Informasi/01_Laporan_Keuangan/02_Soft_Copy_Laporan_Keuangan//Laporan%20Keuangan%20Tahun%202021/Audit/AGII/instance.zip
Status: Success - 29080 bytes
--------------------------------------------------

Selenium Download Summary for Year 2021:
----------------------------------------
Total companies: 15
Successful downloads: 15
Failed downloads: 0
Success rate: 100.0%
Completion time: 2025-06-17 12:05:25.257682
