[2025-06-17T09:11:05.958+0000] {taskinstance.py:1103} INFO - Dependencies all met for dep_context=non-requeueable deps ti=<TaskInstance: idx_pipeline.load_idx manual__2025-06-17T09:10:57.279919+00:00 [queued]>
[2025-06-17T09:11:05.967+0000] {taskinstance.py:1103} INFO - Dependencies all met for dep_context=requeueable deps ti=<TaskInstance: idx_pipeline.load_idx manual__2025-06-17T09:10:57.279919+00:00 [queued]>
[2025-06-17T09:11:05.967+0000] {taskinstance.py:1308} INFO - Starting attempt 1 of 2
[2025-06-17T09:11:05.981+0000] {taskinstance.py:1327} INFO - Executing <Task(DockerOperator): load_idx> on 2025-06-17 09:10:57.279919+00:00
[2025-06-17T09:11:05.986+0000] {standard_task_runner.py:57} INFO - Started process 176 to run task
[2025-06-17T09:11:05.988+0000] {standard_task_runner.py:84} INFO - Running: ['***', 'tasks', 'run', 'idx_pipeline', 'load_idx', 'manual__2025-06-17T09:10:57.279919+00:00', '--job-id', '54', '--raw', '--subdir', 'DAGS_FOLDER/idx_pipeline_dag.py', '--cfg-path', '/tmp/tmpa8jhn1np']
[2025-06-17T09:11:05.989+0000] {standard_task_runner.py:85} INFO - Job 54: Subtask load_idx
[2025-06-17T09:11:06.033+0000] {task_command.py:410} INFO - Running <TaskInstance: idx_pipeline.load_idx manual__2025-06-17T09:10:57.279919+00:00 [running]> on host 790f4cde8a0c
[2025-06-17T09:11:06.122+0000] {taskinstance.py:1547} INFO - Exporting env vars: AIRFLOW_CTX_DAG_OWNER='***' AIRFLOW_CTX_DAG_ID='idx_pipeline' AIRFLOW_CTX_TASK_ID='load_idx' AIRFLOW_CTX_EXECUTION_DATE='2025-06-17T09:10:57.279919+00:00' AIRFLOW_CTX_TRY_NUMBER='1' AIRFLOW_CTX_DAG_RUN_ID='manual__2025-06-17T09:10:57.279919+00:00'
[2025-06-17T09:11:06.150+0000] {docker.py:334} INFO - Starting docker container from image bigdata-pipeline:latest
[2025-06-17T09:11:06.762+0000] {docker.py:403} INFO - --- Starting XBRL to JSON Conversion and MongoDB Load ---
Database: bigdata_saham, Collection: idx2024
MongoDB URI: mongodb+srv://bigdatakecil:bigdata04@xtrahera.m7x7qad.mongodb.net/?retryWrites=true&w=majority&appName=xtrahera
This will process data from all years (2021-2025) into a single collection
[2025-06-17T09:11:06.870+0000] {docker.py:403} INFO - Connected to MongoDB using URI, Database: bigdata_saham, Collection: idx2024
[2025-06-17T09:11:06.876+0000] {docker.py:403} INFO - Found 1 year directories: Legacy structure - no year directories

=== Processing files for year: unknown ===
[2025-06-17T09:11:06.881+0000] {docker.py:403} INFO - Found 5 company directories for year unknown
[2025-06-17T09:11:06.882+0000] {docker.py:403} INFO - Processing /app/output/AADI/AADI_instance.zip ...
[2025-06-17T09:11:08.439+0000] {docker.py:403} INFO - ✓ Saved -> AADI_unknown_instance.json & MongoDB
[2025-06-17T09:11:08.441+0000] {docker.py:403} INFO - Processing /app/output/AALI/AALI_instance.zip ...
[2025-06-17T09:11:09.247+0000] {docker.py:403} INFO - ✓ Saved -> AALI_unknown_instance.json & MongoDB
[2025-06-17T09:11:09.249+0000] {docker.py:403} INFO - Processing /app/output/ABBA/ABBA_instance.zip ...
[2025-06-17T09:11:09.981+0000] {docker.py:403} INFO - ✓ Saved -> ABBA_unknown_instance.json & MongoDB
[2025-06-17T09:11:09.984+0000] {docker.py:403} INFO - Processing /app/output/ABDA/ABDA_instance.zip ...
[2025-06-17T09:11:10.261+0000] {docker.py:403} INFO - ✓ Saved -> ABDA_unknown_instance.json & MongoDB
[2025-06-17T09:11:10.263+0000] {docker.py:403} INFO - Processing /app/output/ABMM/ABMM_instance.zip ...
[2025-06-17T09:11:11.150+0000] {docker.py:403} INFO - ✓ Saved -> ABMM_unknown_instance.json & MongoDB
[2025-06-17T09:11:11.150+0000] {docker.py:403} INFO - Conversion and Load Summary:
---------------------------
Total files processed: 5
Successfully processed and loaded: 5
Failed processing: 0
Years processed: Legacy structure
Completion time: 2025-06-17 09:11:11.149774
[2025-06-17T09:11:11.151+0000] {docker.py:403} INFO - XBRL conversion and MongoDB load process completed. See /app/output/xbrl_conversion_and_load_results.log for details.
[2025-06-17T09:11:12.039+0000] {taskinstance.py:1350} INFO - Marking task as SUCCESS. dag_id=idx_pipeline, task_id=load_idx, execution_date=20250617T091057, start_date=20250617T091105, end_date=20250617T091112
[2025-06-17T09:11:12.091+0000] {local_task_job_runner.py:225} INFO - Task exited with return code 0
[2025-06-17T09:11:12.112+0000] {taskinstance.py:2653} INFO - 1 downstream tasks scheduled from follow-on schedule check
