[2025-06-17T10:38:43.366+0000] {taskinstance.py:1103} INFO - Dependencies all met for dep_context=non-requeueable deps ti=<TaskInstance: idx_pipeline.extract_idx manual__2025-06-17T10:38:41.077124+00:00 [queued]>
[2025-06-17T10:38:43.387+0000] {taskinstance.py:1103} INFO - Dependencies all met for dep_context=requeueable deps ti=<TaskInstance: idx_pipeline.extract_idx manual__2025-06-17T10:38:41.077124+00:00 [queued]>
[2025-06-17T10:38:43.388+0000] {taskinstance.py:1308} INFO - Starting attempt 1 of 2
[2025-06-17T10:38:43.434+0000] {taskinstance.py:1327} INFO - Executing <Task(DockerOperator): extract_idx> on 2025-06-17 10:38:41.077124+00:00
[2025-06-17T10:38:43.443+0000] {standard_task_runner.py:57} INFO - Started process 981 to run task
[2025-06-17T10:38:43.449+0000] {standard_task_runner.py:84} INFO - Running: ['***', 'tasks', 'run', 'idx_pipeline', 'extract_idx', 'manual__2025-06-17T10:38:41.077124+00:00', '--job-id', '67', '--raw', '--subdir', 'DAGS_FOLDER/idx_pipeline_dag.py', '--cfg-path', '/tmp/tmpo6ozjdrw']
[2025-06-17T10:38:43.451+0000] {standard_task_runner.py:85} INFO - Job 67: Subtask extract_idx
[2025-06-17T10:38:43.561+0000] {task_command.py:410} INFO - Running <TaskInstance: idx_pipeline.extract_idx manual__2025-06-17T10:38:41.077124+00:00 [running]> on host 790f4cde8a0c
[2025-06-17T10:38:43.783+0000] {taskinstance.py:1547} INFO - Exporting env vars: AIRFLOW_CTX_DAG_OWNER='***' AIRFLOW_CTX_DAG_ID='idx_pipeline' AIRFLOW_CTX_TASK_ID='extract_idx' AIRFLOW_CTX_EXECUTION_DATE='2025-06-17T10:38:41.077124+00:00' AIRFLOW_CTX_TRY_NUMBER='1' AIRFLOW_CTX_DAG_RUN_ID='manual__2025-06-17T10:38:41.077124+00:00'
[2025-06-17T10:38:43.847+0000] {docker.py:334} INFO - Starting docker container from image bigdata-pipeline:latest
[2025-06-17T10:38:44.761+0000] {docker.py:403} INFO - [TESTING MODE] Limiting extraction to 5 companies only
--- Starting IDX Emiten Name Scraping ---
[2025-06-17T10:38:46.766+0000] {docker.py:403} INFO - 🔧 Trying Chrome driver initialization method 1...
[2025-06-17T10:38:48.655+0000] {docker.py:403} INFO - ✅ Chrome driver initialized successfully with method 1
[2025-06-17T10:38:48.804+0000] {docker.py:403} INFO - Accessing URL: https://www.idx.co.id/id/perusahaan-tercatat/laporan-keuangan-dan-tahunan
[2025-06-17T10:38:50.301+0000] {docker.py:403} INFO - Page loaded successfully
Simulating human behavior...
[2025-06-17T10:38:55.305+0000] {docker.py:403} INFO - Memilih tahun 2024 dan jenis laporan 'Audit'...
[2025-06-17T10:38:58.440+0000] {docker.py:403} INFO - ✓ Tahun 2024 telah dipilih.
[2025-06-17T10:38:59.660+0000] {docker.py:403} INFO - ✓ Jenis laporan 'Audit' (Tahunan) telah dipilih.
[2025-06-17T10:38:59.777+0000] {docker.py:403} INFO - ✓ Tombol 'Terapkan' telah diklik.
[2025-06-17T10:39:04.813+0000] {docker.py:403} INFO - [TESTING MODE] Akan membatasi proses scraping nama emiten hanya 5 perusahaan saja
Processing page 1...
[2025-06-17T10:39:04.841+0000] {docker.py:403} INFO - Found 12 company sections on page 1
[2025-06-17T10:39:04.904+0000] {docker.py:403} INFO - Found company on page 1: AADI (1/5)
[2025-06-17T10:39:04.946+0000] {docker.py:403} INFO - Found company on page 1: AALI (2/5)
[2025-06-17T10:39:04.988+0000] {docker.py:403} INFO - Found company on page 1: ABBA (3/5)
[2025-06-17T10:39:05.028+0000] {docker.py:403} INFO - Found company on page 1: ABDA (4/5)
[2025-06-17T10:39:05.069+0000] {docker.py:403} INFO - Found company on page 1: ABMM (5/5)
[TESTING MODE] Sudah mencapai batas 5 perusahaan, berhenti scraping
[TESTING MODE] Sudah mencapai batas 5 perusahaan, berhenti pagination
[TESTING MODE] Berhasil scrape 5 nama perusahaan dari total 5 yang diinginkan
[2025-06-17T10:39:05.075+0000] {docker.py:403} INFO - Saved 5 company names to /app/output/idx_company_names_2024.txt
[2025-06-17T10:39:05.209+0000] {docker.py:403} INFO - Browser closed after scraping names.
[2025-06-17T10:39:05.219+0000] {docker.py:403} INFO - --- Starting Instance ZIP File Downloads ---
[2025-06-17T10:39:05.228+0000] {docker.py:403} INFO - Starting direct Selenium downloads for 5 companies...
[2025-06-17T10:39:07.242+0000] {docker.py:403} INFO - 🔧 Trying Chrome driver initialization method 1...
[2025-06-17T10:39:08.470+0000] {docker.py:403} INFO - ✅ Chrome driver initialized successfully with method 1
[2025-06-17T10:39:08.636+0000] {docker.py:403} INFO - → Establishing session at main page...
[2025-06-17T10:39:13.195+0000] {docker.py:403} INFO - [1/5] Selenium navigating for AADI to https://www.idx.co.id/Portals/0/StaticData/ListedCompanies/Corporate_Actions/New_Info_JSX/Jenis_Informasi/01_Laporan_Keuangan/02_Soft_Copy_Laporan_Keuangan//Laporan%20Keuangan%20Tahun%202024/Audit/AADI/instance.zip
[2025-06-17T10:39:21.354+0000] {docker.py:403} INFO - ✓ Successfully downloaded AADI_instance.zip - 143996 bytes
[2025-06-17T10:39:23.491+0000] {docker.py:403} INFO - 🔧 Trying Chrome driver initialization method 1...
[2025-06-17T10:39:24.664+0000] {docker.py:403} INFO - ✅ Chrome driver initialized successfully with method 1
[2025-06-17T10:39:24.832+0000] {docker.py:403} INFO - → Establishing session at main page...
[2025-06-17T10:39:29.157+0000] {docker.py:403} INFO - [2/5] Selenium navigating for AALI to https://www.idx.co.id/Portals/0/StaticData/ListedCompanies/Corporate_Actions/New_Info_JSX/Jenis_Informasi/01_Laporan_Keuangan/02_Soft_Copy_Laporan_Keuangan//Laporan%20Keuangan%20Tahun%202024/Audit/AALI/instance.zip
[2025-06-17T10:39:37.318+0000] {docker.py:403} INFO - ✓ Successfully downloaded AALI_instance.zip - 124227 bytes
[2025-06-17T10:39:39.460+0000] {docker.py:403} INFO - 🔧 Trying Chrome driver initialization method 1...
[2025-06-17T10:39:40.731+0000] {docker.py:403} INFO - ✅ Chrome driver initialized successfully with method 1
[2025-06-17T10:39:40.896+0000] {docker.py:403} INFO - → Establishing session at main page...
[2025-06-17T10:39:45.423+0000] {docker.py:403} INFO - [3/5] Selenium navigating for ABBA to https://www.idx.co.id/Portals/0/StaticData/ListedCompanies/Corporate_Actions/New_Info_JSX/Jenis_Informasi/01_Laporan_Keuangan/02_Soft_Copy_Laporan_Keuangan//Laporan%20Keuangan%20Tahun%202024/Audit/ABBA/instance.zip
[2025-06-17T10:39:53.564+0000] {docker.py:403} INFO - ✓ Successfully downloaded ABBA_instance.zip - 111972 bytes
[2025-06-17T10:39:55.697+0000] {docker.py:403} INFO - 🔧 Trying Chrome driver initialization method 1...
[2025-06-17T10:39:56.839+0000] {local_task_job_runner.py:115} ERROR - Received SIGTERM. Terminating subprocesses
[2025-06-17T10:39:56.846+0000] {process_utils.py:135} INFO - Sending Signals.SIGTERM to group 981. PIDs of all processes in the group: [981]
[2025-06-17T10:39:56.848+0000] {process_utils.py:86} INFO - Sending the signal Signals.SIGTERM to group 981
[2025-06-17T10:39:56.849+0000] {taskinstance.py:1517} ERROR - Received SIGTERM. Terminating subprocesses.
[2025-06-17T10:39:56.850+0000] {docker.py:495} INFO - Stopping docker container
