[2025-06-17T10:51:24.603+0000] {taskinstance.py:1103} INFO - Dependencies all met for dep_context=non-requeueable deps ti=<TaskInstance: idx_pipeline.transform_idx manual__2025-06-17T10:46:01.502003+00:00 [queued]>
[2025-06-17T10:51:24.629+0000] {taskinstance.py:1103} INFO - Dependencies all met for dep_context=requeueable deps ti=<TaskInstance: idx_pipeline.transform_idx manual__2025-06-17T10:46:01.502003+00:00 [queued]>
[2025-06-17T10:51:24.631+0000] {taskinstance.py:1308} INFO - Starting attempt 1 of 2
[2025-06-17T10:51:24.682+0000] {taskinstance.py:1327} INFO - Executing <Task(DockerOperator): transform_idx> on 2025-06-17 10:46:01.502003+00:00
[2025-06-17T10:51:24.693+0000] {standard_task_runner.py:57} INFO - Started process 395 to run task
[2025-06-17T10:51:24.698+0000] {standard_task_runner.py:84} INFO - Running: ['***', 'tasks', 'run', 'idx_pipeline', 'transform_idx', 'manual__2025-06-17T10:46:01.502003+00:00', '--job-id', '75', '--raw', '--subdir', 'DAGS_FOLDER/idx_pipeline_dag.py', '--cfg-path', '/tmp/tmpxfj2shh0']
[2025-06-17T10:51:24.701+0000] {standard_task_runner.py:85} INFO - Job 75: Subtask transform_idx
[2025-06-17T10:51:24.809+0000] {task_command.py:410} INFO - Running <TaskInstance: idx_pipeline.transform_idx manual__2025-06-17T10:46:01.502003+00:00 [running]> on host 790f4cde8a0c
[2025-06-17T10:51:25.046+0000] {taskinstance.py:1547} INFO - Exporting env vars: AIRFLOW_CTX_DAG_OWNER='***' AIRFLOW_CTX_DAG_ID='idx_pipeline' AIRFLOW_CTX_TASK_ID='transform_idx' AIRFLOW_CTX_EXECUTION_DATE='2025-06-17T10:46:01.502003+00:00' AIRFLOW_CTX_TRY_NUMBER='1' AIRFLOW_CTX_DAG_RUN_ID='manual__2025-06-17T10:46:01.502003+00:00'
[2025-06-17T10:51:25.117+0000] {docker.py:334} INFO - Starting docker container from image bigdata-pipeline:latest
[2025-06-17T10:51:27.268+0000] {docker.py:403} INFO - Starting IDX revenue transformation process
Starting revenue transformation by sector...
[2025-06-17T10:51:29.588+0000] {docker.py:403} INFO - Using Spark's default log4j profile: org/apache/spark/log4j-defaults.properties
[2025-06-17T10:51:29.590+0000] {docker.py:403} INFO - Setting default log level to "WARN".
[2025-06-17T10:51:29.591+0000] {docker.py:403} INFO - To adjust logging level use sc.setLogLevel(newLevel). For SparkR, use setLogLevel(newLevel).
[2025-06-17T10:51:29.962+0000] {docker.py:403} INFO - 25/06/17 10:51:29 WARN NativeCodeLoader: Unable to load native-hadoop library for your platform... using builtin-java classes where applicable
[2025-06-17T10:51:33.775+0000] {docker.py:403} INFO - Connected to MongoDB - Database: tugas_bigdata
[2025-06-17T10:51:34.646+0000] {docker.py:403} INFO - Found 0 raw financial reports
No raw data found to transform
[2025-06-17T10:51:34.766+0000] {docker.py:403} INFO - Transformation process completed
[2025-06-17T10:51:34.768+0000] {docker.py:403} INFO - Validating transformed data...
[2025-06-17T10:51:35.544+0000] {docker.py:403} INFO - === VALIDATION SUMMARY ===
Total Records: 0
Records with Revenue: 0
Records with Revenue Growth: 0
Records with Gross Profit: 0
Records with Operating Profit: 0
Records with Net Profit: 0
Records with Cash: 0
Records with Assets: 0
Records with Short Term Borrowing: 0
Records with Long Term Borrowing: 0
Records with Equity: 0

✓ Validation completed successfully
[2025-06-17T10:51:35.546+0000] {docker.py:403} INFO - IDX revenue transformation process completed
[2025-06-17T10:51:38.627+0000] {taskinstance.py:1350} INFO - Marking task as SUCCESS. dag_id=idx_pipeline, task_id=transform_idx, execution_date=20250617T104601, start_date=20250617T105124, end_date=20250617T105138
[2025-06-17T10:51:38.685+0000] {local_task_job_runner.py:225} INFO - Task exited with return code 0
[2025-06-17T10:51:38.724+0000] {taskinstance.py:2653} INFO - 0 downstream tasks scheduled from follow-on schedule check
