[2025-06-17T10:51:14.374+0000] {taskinstance.py:1103} INFO - Dependencies all met for dep_context=non-requeueable deps ti=<TaskInstance: idx_pipeline.extract_idx manual__2025-06-17T10:46:01.502003+00:00 [queued]>
[2025-06-17T10:51:14.392+0000] {taskinstance.py:1103} INFO - Dependencies all met for dep_context=requeueable deps ti=<TaskInstance: idx_pipeline.extract_idx manual__2025-06-17T10:46:01.502003+00:00 [queued]>
[2025-06-17T10:51:14.393+0000] {taskinstance.py:1308} INFO - Starting attempt 2 of 2
[2025-06-17T10:51:14.436+0000] {taskinstance.py:1327} INFO - Executing <Task(DockerOperator): extract_idx> on 2025-06-17 10:46:01.502003+00:00
[2025-06-17T10:51:14.445+0000] {standard_task_runner.py:57} INFO - Started process 376 to run task
[2025-06-17T10:51:14.461+0000] {standard_task_runner.py:84} INFO - Running: ['***', 'tasks', 'run', 'idx_pipeline', 'extract_idx', 'manual__2025-06-17T10:46:01.502003+00:00', '--job-id', '73', '--raw', '--subdir', 'DAGS_FOLDER/idx_pipeline_dag.py', '--cfg-path', '/tmp/tmpr8cq5gyw']
[2025-06-17T10:51:14.464+0000] {standard_task_runner.py:85} INFO - Job 73: Subtask extract_idx
[2025-06-17T10:51:14.565+0000] {task_command.py:410} INFO - Running <TaskInstance: idx_pipeline.extract_idx manual__2025-06-17T10:46:01.502003+00:00 [running]> on host 790f4cde8a0c
[2025-06-17T10:51:14.808+0000] {taskinstance.py:1547} INFO - Exporting env vars: AIRFLOW_CTX_DAG_OWNER='***' AIRFLOW_CTX_DAG_ID='idx_pipeline' AIRFLOW_CTX_TASK_ID='extract_idx' AIRFLOW_CTX_EXECUTION_DATE='2025-06-17T10:46:01.502003+00:00' AIRFLOW_CTX_TRY_NUMBER='2' AIRFLOW_CTX_DAG_RUN_ID='manual__2025-06-17T10:46:01.502003+00:00'
[2025-06-17T10:51:14.864+0000] {docker.py:334} INFO - Starting docker container from image bigdata-pipeline:latest
[2025-06-17T10:51:15.753+0000] {docker.py:403} INFO - --- Processing Year 2021 ---
[TESTING MODE] Limiting extraction to 5 companies
Error processing year 2021: scrape_idx_emiten_names() missing 1 required positional argument: 'year'
[2025-06-17T10:51:15.757+0000] {docker.py:403} INFO - --- Processing Year 2022 ---
[TESTING MODE] Limiting extraction to 5 companies
Error processing year 2022: scrape_idx_emiten_names() missing 1 required positional argument: 'year'
[2025-06-17T10:51:15.759+0000] {docker.py:403} INFO - --- Processing Year 2023 ---
[TESTING MODE] Limiting extraction to 5 companies
Error processing year 2023: scrape_idx_emiten_names() missing 1 required positional argument: 'year'
[2025-06-17T10:51:15.763+0000] {docker.py:403} INFO - --- Processing Year 2024 ---
[TESTING MODE] Limiting extraction to 5 companies
Error processing year 2024: scrape_idx_emiten_names() missing 1 required positional argument: 'year'
[2025-06-17T10:51:15.766+0000] {docker.py:403} INFO - --- Processing Year 2025 ---
[TESTING MODE] Limiting extraction to 5 companies
Error processing year 2025: scrape_idx_emiten_names() missing 1 required positional argument: 'year'

--- IDX Extract Process Completed ---
[2025-06-17T10:51:16.283+0000] {taskinstance.py:1350} INFO - Marking task as SUCCESS. dag_id=idx_pipeline, task_id=extract_idx, execution_date=20250617T104601, start_date=20250617T105114, end_date=20250617T105116
[2025-06-17T10:51:16.352+0000] {local_task_job_runner.py:225} INFO - Task exited with return code 0
[2025-06-17T10:51:16.415+0000] {taskinstance.py:2653} INFO - 1 downstream tasks scheduled from follow-on schedule check
