[2025-06-17T10:20:21.832+0000] {taskinstance.py:1103} INFO - Dependencies all met for dep_context=non-requeueable deps ti=<TaskInstance: idx_pipeline.extract_idx manual__2025-06-17T10:20:18.646541+00:00 [queued]>
[2025-06-17T10:20:21.852+0000] {taskinstance.py:1103} INFO - Dependencies all met for dep_context=requeueable deps ti=<TaskInstance: idx_pipeline.extract_idx manual__2025-06-17T10:20:18.646541+00:00 [queued]>
[2025-06-17T10:20:21.853+0000] {taskinstance.py:1308} INFO - Starting attempt 1 of 2
[2025-06-17T10:20:21.897+0000] {taskinstance.py:1327} INFO - Executing <Task(DockerOperator): extract_idx> on 2025-06-17 10:20:18.646541+00:00
[2025-06-17T10:20:21.906+0000] {standard_task_runner.py:57} INFO - Started process 224 to run task
[2025-06-17T10:20:21.913+0000] {standard_task_runner.py:84} INFO - Running: ['***', 'tasks', 'run', 'idx_pipeline', 'extract_idx', 'manual__2025-06-17T10:20:18.646541+00:00', '--job-id', '61', '--raw', '--subdir', 'DAGS_FOLDER/idx_pipeline_dag.py', '--cfg-path', '/tmp/tmpbzveax7w']
[2025-06-17T10:20:21.916+0000] {standard_task_runner.py:85} INFO - Job 61: Subtask extract_idx
[2025-06-17T10:20:22.025+0000] {task_command.py:410} INFO - Running <TaskInstance: idx_pipeline.extract_idx manual__2025-06-17T10:20:18.646541+00:00 [running]> on host 790f4cde8a0c
[2025-06-17T10:20:22.273+0000] {taskinstance.py:1547} INFO - Exporting env vars: AIRFLOW_CTX_DAG_OWNER='***' AIRFLOW_CTX_DAG_ID='idx_pipeline' AIRFLOW_CTX_TASK_ID='extract_idx' AIRFLOW_CTX_EXECUTION_DATE='2025-06-17T10:20:18.646541+00:00' AIRFLOW_CTX_TRY_NUMBER='1' AIRFLOW_CTX_DAG_RUN_ID='manual__2025-06-17T10:20:18.646541+00:00'
[2025-06-17T10:20:22.337+0000] {docker.py:334} INFO - Starting docker container from image bigdata-pipeline:latest
[2025-06-17T10:20:23.658+0000] {docker.py:403} INFO - [TESTING MODE] Limiting extraction to 5 companies only
--- Starting IDX Emiten Name Scraping ---
[2025-06-17T10:20:25.663+0000] {docker.py:403} INFO - 🔧 Trying Chrome driver initialization method 1...
[2025-06-17T10:20:29.041+0000] {docker.py:403} INFO - ✅ Chrome driver initialized successfully with method 1
[2025-06-17T10:20:29.201+0000] {docker.py:403} INFO - Accessing URL: https://www.idx.co.id/id/perusahaan-tercatat/laporan-keuangan-dan-tahunan
[2025-06-17T10:20:30.772+0000] {docker.py:403} INFO - Page loaded successfully
Simulating human behavior...
[2025-06-17T10:20:35.780+0000] {docker.py:403} INFO - Memilih tahun 2024 dan jenis laporan 'Audit'...
[2025-06-17T10:20:38.914+0000] {docker.py:403} INFO - ✓ Tahun 2024 telah dipilih.
[2025-06-17T10:20:40.468+0000] {docker.py:403} INFO - ✓ Jenis laporan 'Audit' (Tahunan) telah dipilih.
[2025-06-17T10:20:40.594+0000] {docker.py:403} INFO - ✓ Tombol 'Terapkan' telah diklik.
[2025-06-17T10:20:45.634+0000] {docker.py:403} INFO - [TESTING MODE] Akan membatasi proses scraping nama emiten hanya 5 perusahaan saja
Processing page 1...
[2025-06-17T10:20:45.666+0000] {docker.py:403} INFO - Found 12 company sections on page 1
[2025-06-17T10:20:45.733+0000] {docker.py:403} INFO - Found company on page 1: AADI (1/5)
[2025-06-17T10:20:45.777+0000] {docker.py:403} INFO - Found company on page 1: AALI (2/5)
[2025-06-17T10:20:45.819+0000] {docker.py:403} INFO - Found company on page 1: ABBA (3/5)
[2025-06-17T10:20:45.861+0000] {docker.py:403} INFO - Found company on page 1: ABDA (4/5)
[2025-06-17T10:20:45.903+0000] {docker.py:403} INFO - Found company on page 1: ABMM (5/5)
[TESTING MODE] Sudah mencapai batas 5 perusahaan, berhenti scraping
[TESTING MODE] Sudah mencapai batas 5 perusahaan, berhenti pagination
[TESTING MODE] Berhasil scrape 5 nama perusahaan dari total 5 yang diinginkan
[2025-06-17T10:20:45.909+0000] {docker.py:403} INFO - Saved 5 company names to /app/output/idx_company_names_2024.txt
[2025-06-17T10:20:46.057+0000] {docker.py:403} INFO - Browser closed after scraping names.
[2025-06-17T10:20:46.073+0000] {docker.py:403} INFO - --- Starting Instance ZIP File Downloads ---
[2025-06-17T10:20:46.081+0000] {docker.py:403} INFO - Starting direct Selenium downloads for 5 companies...
[2025-06-17T10:20:48.093+0000] {docker.py:403} INFO - 🔧 Trying Chrome driver initialization method 1...
[2025-06-17T10:20:49.298+0000] {docker.py:403} INFO - ✅ Chrome driver initialized successfully with method 1
[2025-06-17T10:20:49.455+0000] {docker.py:403} INFO - → Establishing session at main page...
[2025-06-17T10:20:53.836+0000] {docker.py:403} INFO - [1/5] Selenium navigating for AADI to https://www.idx.co.id/Portals/0/StaticData/ListedCompanies/Corporate_Actions/New_Info_JSX/Jenis_Informasi/01_Laporan_Keuangan/02_Soft_Copy_Laporan_Keuangan//Laporan%20Keuangan%20Tahun%202024/Audit/AADI/instance.zip
[2025-06-17T10:21:01.989+0000] {docker.py:403} INFO - ✓ Successfully downloaded AADI_instance.zip - 143996 bytes
[2025-06-17T10:21:04.125+0000] {docker.py:403} INFO - 🔧 Trying Chrome driver initialization method 1...
[2025-06-17T10:21:05.312+0000] {docker.py:403} INFO - ✅ Chrome driver initialized successfully with method 1
[2025-06-17T10:21:05.471+0000] {docker.py:403} INFO - → Establishing session at main page...
[2025-06-17T10:21:09.831+0000] {docker.py:403} INFO - [2/5] Selenium navigating for AALI to https://www.idx.co.id/Portals/0/StaticData/ListedCompanies/Corporate_Actions/New_Info_JSX/Jenis_Informasi/01_Laporan_Keuangan/02_Soft_Copy_Laporan_Keuangan//Laporan%20Keuangan%20Tahun%202024/Audit/AALI/instance.zip
[2025-06-17T10:21:18.000+0000] {docker.py:403} INFO - ✓ Successfully downloaded AALI_instance.zip - 124227 bytes
[2025-06-17T10:21:20.137+0000] {docker.py:403} INFO - 🔧 Trying Chrome driver initialization method 1...
[2025-06-17T10:21:21.424+0000] {docker.py:403} INFO - ✅ Chrome driver initialized successfully with method 1
[2025-06-17T10:21:21.588+0000] {docker.py:403} INFO - → Establishing session at main page...
[2025-06-17T10:21:26.016+0000] {docker.py:403} INFO - [3/5] Selenium navigating for ABBA to https://www.idx.co.id/Portals/0/StaticData/ListedCompanies/Corporate_Actions/New_Info_JSX/Jenis_Informasi/01_Laporan_Keuangan/02_Soft_Copy_Laporan_Keuangan//Laporan%20Keuangan%20Tahun%202024/Audit/ABBA/instance.zip
[2025-06-17T10:21:34.173+0000] {docker.py:403} INFO - ✓ Successfully downloaded ABBA_instance.zip - 111972 bytes
[2025-06-17T10:21:36.310+0000] {docker.py:403} INFO - 🔧 Trying Chrome driver initialization method 1...
[2025-06-17T10:21:37.556+0000] {docker.py:403} INFO - ✅ Chrome driver initialized successfully with method 1
[2025-06-17T10:21:37.717+0000] {docker.py:403} INFO - → Establishing session at main page...
[2025-06-17T10:21:42.169+0000] {docker.py:403} INFO - [4/5] Selenium navigating for ABDA to https://www.idx.co.id/Portals/0/StaticData/ListedCompanies/Corporate_Actions/New_Info_JSX/Jenis_Informasi/01_Laporan_Keuangan/02_Soft_Copy_Laporan_Keuangan//Laporan%20Keuangan%20Tahun%202024/Audit/ABDA/instance.zip
[2025-06-17T10:21:50.310+0000] {docker.py:403} INFO - ✓ Successfully downloaded ABDA_instance.zip - 50102 bytes
[2025-06-17T10:21:52.446+0000] {docker.py:403} INFO - 🔧 Trying Chrome driver initialization method 1...
[2025-06-17T10:21:53.561+0000] {docker.py:403} INFO - ✅ Chrome driver initialized successfully with method 1
[2025-06-17T10:21:53.757+0000] {docker.py:403} INFO - → Establishing session at main page...
[2025-06-17T10:21:58.398+0000] {docker.py:403} INFO - [5/5] Selenium navigating for ABMM to https://www.idx.co.id/Portals/0/StaticData/ListedCompanies/Corporate_Actions/New_Info_JSX/Jenis_Informasi/01_Laporan_Keuangan/02_Soft_Copy_Laporan_Keuangan//Laporan%20Keuangan%20Tahun%202024/Audit/ABMM/instance.zip
[2025-06-17T10:22:06.532+0000] {docker.py:403} INFO - ✓ Successfully downloaded ABMM_instance.zip - 141013 bytes
[2025-06-17T10:22:08.618+0000] {docker.py:403} INFO - Selenium Download Summary:
-------------------------
Total companies: 5
Successful downloads: 5
Failed downloads: 0
Success rate: 100.0%
Completion time: 2025-06-17 10:22:08.615224
[2025-06-17T10:22:08.639+0000] {docker.py:403} INFO - Selenium download process completed. See /app/output/download_results_selenium.log for details.
[2025-06-17T10:22:08.641+0000] {docker.py:403} INFO - --- IDX Extract Process Completed ---
[2025-06-17T10:22:09.231+0000] {taskinstance.py:1350} INFO - Marking task as SUCCESS. dag_id=idx_pipeline, task_id=extract_idx, execution_date=20250617T102018, start_date=20250617T102021, end_date=20250617T102209
[2025-06-17T10:22:09.313+0000] {local_task_job_runner.py:225} INFO - Task exited with return code 0
[2025-06-17T10:22:09.392+0000] {taskinstance.py:2653} INFO - 1 downstream tasks scheduled from follow-on schedule check
