[2025-06-17T09:16:59.465+0000] {taskinstance.py:1103} INFO - Dependencies all met for dep_context=non-requeueable deps ti=<TaskInstance: idx_pipeline.load_idx manual__2025-06-17T09:15:19.936725+00:00 [queued]>
[2025-06-17T09:16:59.473+0000] {taskinstance.py:1103} INFO - Dependencies all met for dep_context=requeueable deps ti=<TaskInstance: idx_pipeline.load_idx manual__2025-06-17T09:15:19.936725+00:00 [queued]>
[2025-06-17T09:16:59.474+0000] {taskinstance.py:1308} INFO - Starting attempt 1 of 2
[2025-06-17T09:16:59.488+0000] {taskinstance.py:1327} INFO - Executing <Task(DockerOperator): load_idx> on 2025-06-17 09:15:19.936725+00:00
[2025-06-17T09:16:59.494+0000] {standard_task_runner.py:57} INFO - Started process 422 to run task
[2025-06-17T09:16:59.496+0000] {standard_task_runner.py:84} INFO - Running: ['***', 'tasks', 'run', 'idx_pipeline', 'load_idx', 'manual__2025-06-17T09:15:19.936725+00:00', '--job-id', '57', '--raw', '--subdir', 'DAGS_FOLDER/idx_pipeline_dag.py', '--cfg-path', '/tmp/tmp5f4j1n0x']
[2025-06-17T09:16:59.497+0000] {standard_task_runner.py:85} INFO - Job 57: Subtask load_idx
[2025-06-17T09:16:59.539+0000] {task_command.py:410} INFO - Running <TaskInstance: idx_pipeline.load_idx manual__2025-06-17T09:15:19.936725+00:00 [running]> on host 790f4cde8a0c
[2025-06-17T09:16:59.622+0000] {taskinstance.py:1547} INFO - Exporting env vars: AIRFLOW_CTX_DAG_OWNER='***' AIRFLOW_CTX_DAG_ID='idx_pipeline' AIRFLOW_CTX_TASK_ID='load_idx' AIRFLOW_CTX_EXECUTION_DATE='2025-06-17T09:15:19.936725+00:00' AIRFLOW_CTX_TRY_NUMBER='1' AIRFLOW_CTX_DAG_RUN_ID='manual__2025-06-17T09:15:19.936725+00:00'
[2025-06-17T09:16:59.645+0000] {docker.py:334} INFO - Starting docker container from image bigdata-pipeline:latest
[2025-06-17T09:17:00.285+0000] {docker.py:403} INFO - --- Starting XBRL to JSON Conversion and MongoDB Load ---
Database: bigdata_saham, Collection: idx2024
MongoDB URI: mongodb+srv://bigdatakecil:bigdata04@xtrahera.m7x7qad.mongodb.net/?retryWrites=true&w=majority&appName=xtrahera
This will process data from all years (2021-2025) into a single collection
[2025-06-17T09:17:00.317+0000] {docker.py:403} INFO - Connected to MongoDB using URI, Database: bigdata_saham, Collection: idx2024
[2025-06-17T09:17:00.323+0000] {docker.py:403} INFO - Found 1 year directories: Legacy structure - no year directories

=== Processing files for year: unknown ===
[2025-06-17T09:17:00.328+0000] {docker.py:403} INFO - Found 5 company directories for year unknown
[2025-06-17T09:17:00.330+0000] {docker.py:403} INFO - Processing /app/output/AADI/AADI_instance.zip ...
[2025-06-17T09:17:01.890+0000] {docker.py:403} INFO - ✓ Saved -> AADI_unknown_instance.json & MongoDB
[2025-06-17T09:17:01.893+0000] {docker.py:403} INFO - Processing /app/output/AALI/AALI_instance.zip ...
[2025-06-17T09:17:02.515+0000] {docker.py:403} INFO - ✓ Saved -> AALI_unknown_instance.json & MongoDB
[2025-06-17T09:17:02.517+0000] {docker.py:403} INFO - Processing /app/output/ABBA/ABBA_instance.zip ...
[2025-06-17T09:17:03.135+0000] {docker.py:403} INFO - ✓ Saved -> ABBA_unknown_instance.json & MongoDB
[2025-06-17T09:17:03.137+0000] {docker.py:403} INFO - Processing /app/output/ABDA/ABDA_instance.zip ...
[2025-06-17T09:17:03.358+0000] {docker.py:403} INFO - ✓ Saved -> ABDA_unknown_instance.json & MongoDB
[2025-06-17T09:17:03.360+0000] {docker.py:403} INFO - Processing /app/output/ABMM/ABMM_instance.zip ...
[2025-06-17T09:17:04.023+0000] {docker.py:403} INFO - ✓ Saved -> ABMM_unknown_instance.json & MongoDB
[2025-06-17T09:17:04.024+0000] {docker.py:403} INFO - Conversion and Load Summary:
---------------------------
Total files processed: 5
Successfully processed and loaded: 5
Failed processing: 0
Years processed: Legacy structure
Completion time: 2025-06-17 09:17:04.022955
[2025-06-17T09:17:04.024+0000] {docker.py:403} INFO - XBRL conversion and MongoDB load process completed. See /app/output/xbrl_conversion_and_load_results.log for details.
[2025-06-17T09:17:04.876+0000] {taskinstance.py:1350} INFO - Marking task as SUCCESS. dag_id=idx_pipeline, task_id=load_idx, execution_date=20250617T091519, start_date=20250617T091659, end_date=20250617T091704
[2025-06-17T09:17:04.921+0000] {local_task_job_runner.py:225} INFO - Task exited with return code 0
[2025-06-17T09:17:04.943+0000] {taskinstance.py:2653} INFO - 1 downstream tasks scheduled from follow-on schedule check
