[2025-06-17T08:44:01.368+0000] {taskinstance.py:1103} INFO - Dependencies all met for dep_context=non-requeueable deps ti=<TaskInstance: idx_pipeline.extract_idx manual__2025-06-17T08:43:59.913453+00:00 [queued]>
[2025-06-17T08:44:01.376+0000] {taskinstance.py:1103} INFO - Dependencies all met for dep_context=requeueable deps ti=<TaskInstance: idx_pipeline.extract_idx manual__2025-06-17T08:43:59.913453+00:00 [queued]>
[2025-06-17T08:44:01.376+0000] {taskinstance.py:1308} INFO - Starting attempt 1 of 2
[2025-06-17T08:44:01.389+0000] {taskinstance.py:1327} INFO - Executing <Task(DockerOperator): extract_idx> on 2025-06-17 08:43:59.913453+00:00
[2025-06-17T08:44:01.393+0000] {standard_task_runner.py:57} INFO - Started process 324 to run task
[2025-06-17T08:44:01.395+0000] {standard_task_runner.py:84} INFO - Running: ['***', 'tasks', 'run', 'idx_pipeline', 'extract_idx', 'manual__2025-06-17T08:43:59.913453+00:00', '--job-id', '48', '--raw', '--subdir', 'DAGS_FOLDER/idx_pipeline_dag.py', '--cfg-path', '/tmp/tmprawcmoqg']
[2025-06-17T08:44:01.396+0000] {standard_task_runner.py:85} INFO - Job 48: Subtask extract_idx
[2025-06-17T08:44:01.434+0000] {task_command.py:410} INFO - Running <TaskInstance: idx_pipeline.extract_idx manual__2025-06-17T08:43:59.913453+00:00 [running]> on host 96e228aebcb0
[2025-06-17T08:44:01.514+0000] {taskinstance.py:1547} INFO - Exporting env vars: AIRFLOW_CTX_DAG_OWNER='***' AIRFLOW_CTX_DAG_ID='idx_pipeline' AIRFLOW_CTX_TASK_ID='extract_idx' AIRFLOW_CTX_EXECUTION_DATE='2025-06-17T08:43:59.913453+00:00' AIRFLOW_CTX_TRY_NUMBER='1' AIRFLOW_CTX_DAG_RUN_ID='manual__2025-06-17T08:43:59.913453+00:00'
[2025-06-17T08:44:01.538+0000] {docker.py:334} INFO - Starting docker container from image bigdata-pipeline:latest
[2025-06-17T08:44:02.157+0000] {docker.py:403} INFO - [TESTING MODE] Limiting extraction to 5 companies only
--- Starting IDX Emiten Name Scraping ---
[2025-06-17T08:44:04.159+0000] {docker.py:403} INFO - 🔧 Trying Chrome driver initialization method 1...
[2025-06-17T08:44:05.537+0000] {docker.py:403} INFO - ✅ Chrome driver initialized successfully with method 1
[2025-06-17T08:44:05.601+0000] {docker.py:403} INFO - Accessing URL: https://www.idx.co.id/id/perusahaan-tercatat/laporan-keuangan-dan-tahunan
[2025-06-17T08:44:06.504+0000] {docker.py:403} INFO - Page loaded successfully
Simulating human behavior...
[2025-06-17T08:44:11.507+0000] {docker.py:403} INFO - Memilih tahun 2024 dan jenis laporan 'Audit'...
[2025-06-17T08:44:14.546+0000] {docker.py:403} INFO - ✓ Tahun 2024 telah dipilih.
[2025-06-17T08:44:15.570+0000] {docker.py:403} INFO - ✓ Jenis laporan 'Audit' (Tahunan) telah dipilih.
[2025-06-17T08:44:15.613+0000] {docker.py:403} INFO - ✓ Tombol 'Terapkan' telah diklik.
[2025-06-17T08:44:20.630+0000] {docker.py:403} INFO - [TESTING MODE] Akan membatasi proses scraping nama emiten hanya 5 perusahaan saja
Processing page 1...
[2025-06-17T08:44:20.640+0000] {docker.py:403} INFO - Found 12 company sections on page 1
[2025-06-17T08:44:20.663+0000] {docker.py:403} INFO - Found company on page 1: AADI (1/5)
[2025-06-17T08:44:20.679+0000] {docker.py:403} INFO - Found company on page 1: AALI (2/5)
[2025-06-17T08:44:20.694+0000] {docker.py:403} INFO - Found company on page 1: ABBA (3/5)
[2025-06-17T08:44:20.710+0000] {docker.py:403} INFO - Found company on page 1: ABDA (4/5)
[2025-06-17T08:44:20.724+0000] {docker.py:403} INFO - Found company on page 1: ABMM (5/5)
[TESTING MODE] Sudah mencapai batas 5 perusahaan, berhenti scraping
[TESTING MODE] Sudah mencapai batas 5 perusahaan, berhenti pagination
[TESTING MODE] Berhasil scrape 5 nama perusahaan dari total 5 yang diinginkan
[2025-06-17T08:44:20.726+0000] {docker.py:403} INFO - Saved 5 company names to /app/output/idx_company_names_2024.txt
[2025-06-17T08:44:20.790+0000] {docker.py:403} INFO - Browser closed after scraping names.
[2025-06-17T08:44:20.796+0000] {docker.py:403} INFO - --- Starting Instance ZIP File Downloads ---
[2025-06-17T08:44:20.798+0000] {docker.py:403} INFO - Starting direct Selenium downloads for 5 companies...
[2025-06-17T08:44:22.804+0000] {docker.py:403} INFO - 🔧 Trying Chrome driver initialization method 1...
[2025-06-17T08:44:23.157+0000] {docker.py:403} INFO - ✅ Chrome driver initialized successfully with method 1
[2025-06-17T08:44:23.205+0000] {docker.py:403} INFO - → Establishing session at main page...
[2025-06-17T08:44:26.852+0000] {docker.py:403} INFO - [1/5] Selenium navigating for AADI to https://www.idx.co.id/Portals/0/StaticData/ListedCompanies/Corporate_Actions/New_Info_JSX/Jenis_Informasi/01_Laporan_Keuangan/02_Soft_Copy_Laporan_Keuangan//Laporan%20Keuangan%20Tahun%202024/Audit/AADI/instance.zip
[2025-06-17T08:44:35.015+0000] {docker.py:403} INFO - ✓ Successfully downloaded AADI_instance.zip - 143996 bytes
[2025-06-17T08:44:37.134+0000] {docker.py:403} INFO - 🔧 Trying Chrome driver initialization method 1...
[2025-06-17T08:44:37.571+0000] {docker.py:403} INFO - ✅ Chrome driver initialized successfully with method 1
[2025-06-17T08:44:37.612+0000] {docker.py:403} INFO - → Establishing session at main page...
[2025-06-17T08:44:41.544+0000] {docker.py:403} INFO - [2/5] Selenium navigating for AALI to https://www.idx.co.id/Portals/0/StaticData/ListedCompanies/Corporate_Actions/New_Info_JSX/Jenis_Informasi/01_Laporan_Keuangan/02_Soft_Copy_Laporan_Keuangan//Laporan%20Keuangan%20Tahun%202024/Audit/AALI/instance.zip
[2025-06-17T08:44:49.677+0000] {docker.py:403} INFO - ✓ Successfully downloaded AALI_instance.zip - 124227 bytes
[2025-06-17T08:44:51.744+0000] {docker.py:403} INFO - 🔧 Trying Chrome driver initialization method 1...
[2025-06-17T08:44:52.113+0000] {docker.py:403} INFO - ✅ Chrome driver initialized successfully with method 1
[2025-06-17T08:44:52.156+0000] {docker.py:403} INFO - → Establishing session at main page...
[2025-06-17T08:44:55.859+0000] {docker.py:403} INFO - [3/5] Selenium navigating for ABBA to https://www.idx.co.id/Portals/0/StaticData/ListedCompanies/Corporate_Actions/New_Info_JSX/Jenis_Informasi/01_Laporan_Keuangan/02_Soft_Copy_Laporan_Keuangan//Laporan%20Keuangan%20Tahun%202024/Audit/ABBA/instance.zip
[2025-06-17T08:45:03.943+0000] {docker.py:403} INFO - ✓ Successfully downloaded ABBA_instance.zip - 111972 bytes
[2025-06-17T08:45:06.009+0000] {docker.py:403} INFO - 🔧 Trying Chrome driver initialization method 1...
[2025-06-17T08:45:06.346+0000] {docker.py:403} INFO - ✅ Chrome driver initialized successfully with method 1
[2025-06-17T08:45:06.400+0000] {docker.py:403} INFO - → Establishing session at main page...
[2025-06-17T08:45:10.101+0000] {docker.py:403} INFO - [4/5] Selenium navigating for ABDA to https://www.idx.co.id/Portals/0/StaticData/ListedCompanies/Corporate_Actions/New_Info_JSX/Jenis_Informasi/01_Laporan_Keuangan/02_Soft_Copy_Laporan_Keuangan//Laporan%20Keuangan%20Tahun%202024/Audit/ABDA/instance.zip
[2025-06-17T08:45:18.190+0000] {docker.py:403} INFO - ✓ Successfully downloaded ABDA_instance.zip - 50102 bytes
[2025-06-17T08:45:20.256+0000] {docker.py:403} INFO - 🔧 Trying Chrome driver initialization method 1...
[2025-06-17T08:45:20.634+0000] {docker.py:403} INFO - ✅ Chrome driver initialized successfully with method 1
[2025-06-17T08:45:20.675+0000] {docker.py:403} INFO - → Establishing session at main page...
[2025-06-17T08:45:24.352+0000] {docker.py:403} INFO - [5/5] Selenium navigating for ABMM to https://www.idx.co.id/Portals/0/StaticData/ListedCompanies/Corporate_Actions/New_Info_JSX/Jenis_Informasi/01_Laporan_Keuangan/02_Soft_Copy_Laporan_Keuangan//Laporan%20Keuangan%20Tahun%202024/Audit/ABMM/instance.zip
[2025-06-17T08:45:32.471+0000] {docker.py:403} INFO - ✓ Successfully downloaded ABMM_instance.zip - 141013 bytes
[2025-06-17T08:45:34.537+0000] {docker.py:403} INFO - Selenium Download Summary:
-------------------------
Total companies: 5
Successful downloads: 5
Failed downloads: 0
Success rate: 100.0%
Completion time: 2025-06-17 08:45:34.535495
[2025-06-17T08:45:34.545+0000] {docker.py:403} INFO - Selenium download process completed. See /app/output/download_results_selenium.log for details.

--- IDX Extract Process Completed ---
[2025-06-17T08:45:34.897+0000] {taskinstance.py:1350} INFO - Marking task as SUCCESS. dag_id=idx_pipeline, task_id=extract_idx, execution_date=20250617T084359, start_date=20250617T084401, end_date=20250617T084534
[2025-06-17T08:45:34.941+0000] {local_task_job_runner.py:225} INFO - Task exited with return code 0
[2025-06-17T08:45:34.972+0000] {taskinstance.py:2653} INFO - 1 downstream tasks scheduled from follow-on schedule check
