[2025-06-16T16:02:58.391+0000] {processor.py:157} INFO - Started process (PID=144) to work on /opt/airflow/dags/iqplus-load.py
[2025-06-16T16:02:58.393+0000] {processor.py:826} INFO - Processing file /opt/airflow/dags/iqplus-load.py for tasks to queue
[2025-06-16T16:02:58.395+0000] {logging_mixin.py:150} INFO - [2025-06-16T16:02:58.395+0000] {dagbag.py:541} INFO - Filling up the DagBag from /opt/airflow/dags/iqplus-load.py
[2025-06-16T16:02:58.607+0000] {processor.py:838} WARNING - No viable dags retrieved from /opt/airflow/dags/iqplus-load.py
[2025-06-16T16:02:58.635+0000] {processor.py:179} INFO - Processing /opt/airflow/dags/iqplus-load.py took 0.250 seconds
[2025-06-16T16:03:28.978+0000] {processor.py:157} INFO - Started process (PID=170) to work on /opt/airflow/dags/iqplus-load.py
[2025-06-16T16:03:28.980+0000] {processor.py:826} INFO - Processing file /opt/airflow/dags/iqplus-load.py for tasks to queue
[2025-06-16T16:03:28.982+0000] {logging_mixin.py:150} INFO - [2025-06-16T16:03:28.982+0000] {dagbag.py:541} INFO - Filling up the DagBag from /opt/airflow/dags/iqplus-load.py
[2025-06-16T16:03:29.135+0000] {processor.py:838} WARNING - No viable dags retrieved from /opt/airflow/dags/iqplus-load.py
[2025-06-16T16:03:29.169+0000] {processor.py:179} INFO - Processing /opt/airflow/dags/iqplus-load.py took 0.196 seconds
[2025-06-16T16:03:59.722+0000] {processor.py:157} INFO - Started process (PID=195) to work on /opt/airflow/dags/iqplus-load.py
[2025-06-16T16:03:59.724+0000] {processor.py:826} INFO - Processing file /opt/airflow/dags/iqplus-load.py for tasks to queue
[2025-06-16T16:03:59.726+0000] {logging_mixin.py:150} INFO - [2025-06-16T16:03:59.725+0000] {dagbag.py:541} INFO - Filling up the DagBag from /opt/airflow/dags/iqplus-load.py
[2025-06-16T16:03:59.862+0000] {processor.py:838} WARNING - No viable dags retrieved from /opt/airflow/dags/iqplus-load.py
[2025-06-16T16:03:59.894+0000] {processor.py:179} INFO - Processing /opt/airflow/dags/iqplus-load.py took 0.178 seconds
[2025-06-16T16:04:30.097+0000] {processor.py:157} INFO - Started process (PID=218) to work on /opt/airflow/dags/iqplus-load.py
[2025-06-16T16:04:30.099+0000] {processor.py:826} INFO - Processing file /opt/airflow/dags/iqplus-load.py for tasks to queue
[2025-06-16T16:04:30.102+0000] {logging_mixin.py:150} INFO - [2025-06-16T16:04:30.101+0000] {dagbag.py:541} INFO - Filling up the DagBag from /opt/airflow/dags/iqplus-load.py
[2025-06-16T16:04:30.242+0000] {processor.py:838} WARNING - No viable dags retrieved from /opt/airflow/dags/iqplus-load.py
[2025-06-16T16:04:30.271+0000] {processor.py:179} INFO - Processing /opt/airflow/dags/iqplus-load.py took 0.182 seconds
[2025-06-16T16:05:00.659+0000] {processor.py:157} INFO - Started process (PID=247) to work on /opt/airflow/dags/iqplus-load.py
[2025-06-16T16:05:00.661+0000] {processor.py:826} INFO - Processing file /opt/airflow/dags/iqplus-load.py for tasks to queue
[2025-06-16T16:05:00.663+0000] {logging_mixin.py:150} INFO - [2025-06-16T16:05:00.663+0000] {dagbag.py:541} INFO - Filling up the DagBag from /opt/airflow/dags/iqplus-load.py
[2025-06-16T16:05:00.799+0000] {processor.py:838} WARNING - No viable dags retrieved from /opt/airflow/dags/iqplus-load.py
[2025-06-16T16:05:00.827+0000] {processor.py:179} INFO - Processing /opt/airflow/dags/iqplus-load.py took 0.174 seconds
[2025-06-16T16:05:31.399+0000] {processor.py:157} INFO - Started process (PID=272) to work on /opt/airflow/dags/iqplus-load.py
[2025-06-16T16:05:31.401+0000] {processor.py:826} INFO - Processing file /opt/airflow/dags/iqplus-load.py for tasks to queue
[2025-06-16T16:05:31.403+0000] {logging_mixin.py:150} INFO - [2025-06-16T16:05:31.403+0000] {dagbag.py:541} INFO - Filling up the DagBag from /opt/airflow/dags/iqplus-load.py
[2025-06-16T16:05:31.538+0000] {processor.py:838} WARNING - No viable dags retrieved from /opt/airflow/dags/iqplus-load.py
[2025-06-16T16:05:31.566+0000] {processor.py:179} INFO - Processing /opt/airflow/dags/iqplus-load.py took 0.172 seconds
[2025-06-16T16:06:01.999+0000] {processor.py:157} INFO - Started process (PID=297) to work on /opt/airflow/dags/iqplus-load.py
[2025-06-16T16:06:02.001+0000] {processor.py:826} INFO - Processing file /opt/airflow/dags/iqplus-load.py for tasks to queue
[2025-06-16T16:06:02.003+0000] {logging_mixin.py:150} INFO - [2025-06-16T16:06:02.003+0000] {dagbag.py:541} INFO - Filling up the DagBag from /opt/airflow/dags/iqplus-load.py
[2025-06-16T16:06:02.151+0000] {processor.py:838} WARNING - No viable dags retrieved from /opt/airflow/dags/iqplus-load.py
[2025-06-16T16:06:02.181+0000] {processor.py:179} INFO - Processing /opt/airflow/dags/iqplus-load.py took 0.188 seconds
[2025-06-16T16:06:32.708+0000] {processor.py:157} INFO - Started process (PID=322) to work on /opt/airflow/dags/iqplus-load.py
[2025-06-16T16:06:32.711+0000] {processor.py:826} INFO - Processing file /opt/airflow/dags/iqplus-load.py for tasks to queue
[2025-06-16T16:06:32.713+0000] {logging_mixin.py:150} INFO - [2025-06-16T16:06:32.713+0000] {dagbag.py:541} INFO - Filling up the DagBag from /opt/airflow/dags/iqplus-load.py
[2025-06-16T16:06:32.860+0000] {processor.py:838} WARNING - No viable dags retrieved from /opt/airflow/dags/iqplus-load.py
[2025-06-16T16:06:32.889+0000] {processor.py:179} INFO - Processing /opt/airflow/dags/iqplus-load.py took 0.187 seconds
[2025-06-16T16:07:03.786+0000] {processor.py:157} INFO - Started process (PID=347) to work on /opt/airflow/dags/iqplus-load.py
[2025-06-16T16:07:03.787+0000] {processor.py:826} INFO - Processing file /opt/airflow/dags/iqplus-load.py for tasks to queue
[2025-06-16T16:07:03.788+0000] {logging_mixin.py:150} INFO - [2025-06-16T16:07:03.788+0000] {dagbag.py:541} INFO - Filling up the DagBag from /opt/airflow/dags/iqplus-load.py
[2025-06-16T16:07:03.842+0000] {processor.py:838} WARNING - No viable dags retrieved from /opt/airflow/dags/iqplus-load.py
[2025-06-16T16:07:03.854+0000] {processor.py:179} INFO - Processing /opt/airflow/dags/iqplus-load.py took 0.070 seconds
[2025-06-16T16:07:34.143+0000] {processor.py:157} INFO - Started process (PID=372) to work on /opt/airflow/dags/iqplus-load.py
[2025-06-16T16:07:34.144+0000] {processor.py:826} INFO - Processing file /opt/airflow/dags/iqplus-load.py for tasks to queue
[2025-06-16T16:07:34.145+0000] {logging_mixin.py:150} INFO - [2025-06-16T16:07:34.144+0000] {dagbag.py:541} INFO - Filling up the DagBag from /opt/airflow/dags/iqplus-load.py
[2025-06-16T16:07:34.193+0000] {processor.py:838} WARNING - No viable dags retrieved from /opt/airflow/dags/iqplus-load.py
[2025-06-16T16:07:34.204+0000] {processor.py:179} INFO - Processing /opt/airflow/dags/iqplus-load.py took 0.064 seconds
[2025-06-16T16:08:04.602+0000] {processor.py:157} INFO - Started process (PID=397) to work on /opt/airflow/dags/iqplus-load.py
[2025-06-16T16:08:04.603+0000] {processor.py:826} INFO - Processing file /opt/airflow/dags/iqplus-load.py for tasks to queue
[2025-06-16T16:08:04.604+0000] {logging_mixin.py:150} INFO - [2025-06-16T16:08:04.604+0000] {dagbag.py:541} INFO - Filling up the DagBag from /opt/airflow/dags/iqplus-load.py
[2025-06-16T16:08:04.656+0000] {processor.py:838} WARNING - No viable dags retrieved from /opt/airflow/dags/iqplus-load.py
[2025-06-16T16:08:04.668+0000] {processor.py:179} INFO - Processing /opt/airflow/dags/iqplus-load.py took 0.068 seconds
[2025-06-16T16:08:34.952+0000] {processor.py:157} INFO - Started process (PID=426) to work on /opt/airflow/dags/iqplus-load.py
[2025-06-16T16:08:34.952+0000] {processor.py:826} INFO - Processing file /opt/airflow/dags/iqplus-load.py for tasks to queue
[2025-06-16T16:08:34.953+0000] {logging_mixin.py:150} INFO - [2025-06-16T16:08:34.953+0000] {dagbag.py:541} INFO - Filling up the DagBag from /opt/airflow/dags/iqplus-load.py
[2025-06-16T16:08:35.006+0000] {processor.py:838} WARNING - No viable dags retrieved from /opt/airflow/dags/iqplus-load.py
[2025-06-16T16:08:35.019+0000] {processor.py:179} INFO - Processing /opt/airflow/dags/iqplus-load.py took 0.070 seconds
[2025-06-16T16:09:05.308+0000] {processor.py:157} INFO - Started process (PID=451) to work on /opt/airflow/dags/iqplus-load.py
[2025-06-16T16:09:05.309+0000] {processor.py:826} INFO - Processing file /opt/airflow/dags/iqplus-load.py for tasks to queue
[2025-06-16T16:09:05.310+0000] {logging_mixin.py:150} INFO - [2025-06-16T16:09:05.309+0000] {dagbag.py:541} INFO - Filling up the DagBag from /opt/airflow/dags/iqplus-load.py
[2025-06-16T16:09:05.360+0000] {processor.py:838} WARNING - No viable dags retrieved from /opt/airflow/dags/iqplus-load.py
[2025-06-16T16:09:05.372+0000] {processor.py:179} INFO - Processing /opt/airflow/dags/iqplus-load.py took 0.067 seconds
[2025-06-16T16:52:27.303+0000] {processor.py:157} INFO - Started process (PID=149) to work on /opt/airflow/dags/iqplus-load.py
[2025-06-16T16:52:27.324+0000] {processor.py:826} INFO - Processing file /opt/airflow/dags/iqplus-load.py for tasks to queue
[2025-06-16T16:52:27.325+0000] {logging_mixin.py:150} INFO - [2025-06-16T16:52:27.325+0000] {dagbag.py:541} INFO - Filling up the DagBag from /opt/airflow/dags/iqplus-load.py
[2025-06-16T16:52:27.400+0000] {processor.py:838} WARNING - No viable dags retrieved from /opt/airflow/dags/iqplus-load.py
[2025-06-16T16:52:27.412+0000] {processor.py:179} INFO - Processing /opt/airflow/dags/iqplus-load.py took 0.113 seconds
[2025-06-16T16:52:59.452+0000] {processor.py:157} INFO - Started process (PID=177) to work on /opt/airflow/dags/iqplus-load.py
[2025-06-16T16:52:59.453+0000] {processor.py:826} INFO - Processing file /opt/airflow/dags/iqplus-load.py for tasks to queue
[2025-06-16T16:52:59.454+0000] {logging_mixin.py:150} INFO - [2025-06-16T16:52:59.454+0000] {dagbag.py:541} INFO - Filling up the DagBag from /opt/airflow/dags/iqplus-load.py
[2025-06-16T16:52:59.507+0000] {processor.py:838} WARNING - No viable dags retrieved from /opt/airflow/dags/iqplus-load.py
[2025-06-16T16:52:59.519+0000] {processor.py:179} INFO - Processing /opt/airflow/dags/iqplus-load.py took 0.069 seconds
[2025-06-16T16:53:30.994+0000] {processor.py:157} INFO - Started process (PID=202) to work on /opt/airflow/dags/iqplus-load.py
[2025-06-16T16:53:30.995+0000] {processor.py:826} INFO - Processing file /opt/airflow/dags/iqplus-load.py for tasks to queue
[2025-06-16T16:53:30.996+0000] {logging_mixin.py:150} INFO - [2025-06-16T16:53:30.996+0000] {dagbag.py:541} INFO - Filling up the DagBag from /opt/airflow/dags/iqplus-load.py
[2025-06-16T16:53:31.046+0000] {processor.py:838} WARNING - No viable dags retrieved from /opt/airflow/dags/iqplus-load.py
[2025-06-16T16:53:31.058+0000] {processor.py:179} INFO - Processing /opt/airflow/dags/iqplus-load.py took 0.066 seconds
[2025-06-16T16:54:01.579+0000] {processor.py:157} INFO - Started process (PID=229) to work on /opt/airflow/dags/iqplus-load.py
[2025-06-16T16:54:01.580+0000] {processor.py:826} INFO - Processing file /opt/airflow/dags/iqplus-load.py for tasks to queue
[2025-06-16T16:54:01.580+0000] {logging_mixin.py:150} INFO - [2025-06-16T16:54:01.580+0000] {dagbag.py:541} INFO - Filling up the DagBag from /opt/airflow/dags/iqplus-load.py
[2025-06-16T16:54:01.638+0000] {processor.py:838} WARNING - No viable dags retrieved from /opt/airflow/dags/iqplus-load.py
[2025-06-16T16:54:01.651+0000] {processor.py:179} INFO - Processing /opt/airflow/dags/iqplus-load.py took 0.074 seconds
[2025-06-16T16:54:32.104+0000] {processor.py:157} INFO - Started process (PID=254) to work on /opt/airflow/dags/iqplus-load.py
[2025-06-16T16:54:32.105+0000] {processor.py:826} INFO - Processing file /opt/airflow/dags/iqplus-load.py for tasks to queue
[2025-06-16T16:54:32.106+0000] {logging_mixin.py:150} INFO - [2025-06-16T16:54:32.106+0000] {dagbag.py:541} INFO - Filling up the DagBag from /opt/airflow/dags/iqplus-load.py
[2025-06-16T16:54:32.158+0000] {processor.py:838} WARNING - No viable dags retrieved from /opt/airflow/dags/iqplus-load.py
[2025-06-16T16:54:32.168+0000] {processor.py:179} INFO - Processing /opt/airflow/dags/iqplus-load.py took 0.067 seconds
[2025-06-16T16:55:02.508+0000] {processor.py:157} INFO - Started process (PID=279) to work on /opt/airflow/dags/iqplus-load.py
[2025-06-16T16:55:02.509+0000] {processor.py:826} INFO - Processing file /opt/airflow/dags/iqplus-load.py for tasks to queue
[2025-06-16T16:55:02.510+0000] {logging_mixin.py:150} INFO - [2025-06-16T16:55:02.510+0000] {dagbag.py:541} INFO - Filling up the DagBag from /opt/airflow/dags/iqplus-load.py
[2025-06-16T16:55:02.577+0000] {processor.py:838} WARNING - No viable dags retrieved from /opt/airflow/dags/iqplus-load.py
[2025-06-16T16:55:02.592+0000] {processor.py:179} INFO - Processing /opt/airflow/dags/iqplus-load.py took 0.087 seconds
[2025-06-16T16:55:32.936+0000] {processor.py:157} INFO - Started process (PID=306) to work on /opt/airflow/dags/iqplus-load.py
[2025-06-16T16:55:32.937+0000] {processor.py:826} INFO - Processing file /opt/airflow/dags/iqplus-load.py for tasks to queue
[2025-06-16T16:55:32.938+0000] {logging_mixin.py:150} INFO - [2025-06-16T16:55:32.938+0000] {dagbag.py:541} INFO - Filling up the DagBag from /opt/airflow/dags/iqplus-load.py
[2025-06-16T16:55:32.987+0000] {processor.py:838} WARNING - No viable dags retrieved from /opt/airflow/dags/iqplus-load.py
[2025-06-16T16:55:33.000+0000] {processor.py:179} INFO - Processing /opt/airflow/dags/iqplus-load.py took 0.066 seconds
[2025-06-16T16:56:03.327+0000] {processor.py:157} INFO - Started process (PID=331) to work on /opt/airflow/dags/iqplus-load.py
[2025-06-16T16:56:03.328+0000] {processor.py:826} INFO - Processing file /opt/airflow/dags/iqplus-load.py for tasks to queue
[2025-06-16T16:56:03.329+0000] {logging_mixin.py:150} INFO - [2025-06-16T16:56:03.329+0000] {dagbag.py:541} INFO - Filling up the DagBag from /opt/airflow/dags/iqplus-load.py
[2025-06-16T16:56:03.382+0000] {processor.py:838} WARNING - No viable dags retrieved from /opt/airflow/dags/iqplus-load.py
[2025-06-16T16:56:03.396+0000] {processor.py:179} INFO - Processing /opt/airflow/dags/iqplus-load.py took 0.072 seconds
[2025-06-16T16:56:33.727+0000] {processor.py:157} INFO - Started process (PID=356) to work on /opt/airflow/dags/iqplus-load.py
[2025-06-16T16:56:33.728+0000] {processor.py:826} INFO - Processing file /opt/airflow/dags/iqplus-load.py for tasks to queue
[2025-06-16T16:56:33.729+0000] {logging_mixin.py:150} INFO - [2025-06-16T16:56:33.729+0000] {dagbag.py:541} INFO - Filling up the DagBag from /opt/airflow/dags/iqplus-load.py
[2025-06-16T16:56:33.779+0000] {processor.py:838} WARNING - No viable dags retrieved from /opt/airflow/dags/iqplus-load.py
[2025-06-16T16:56:33.791+0000] {processor.py:179} INFO - Processing /opt/airflow/dags/iqplus-load.py took 0.066 seconds
[2025-06-16T16:57:04.117+0000] {processor.py:157} INFO - Started process (PID=381) to work on /opt/airflow/dags/iqplus-load.py
[2025-06-16T16:57:04.117+0000] {processor.py:826} INFO - Processing file /opt/airflow/dags/iqplus-load.py for tasks to queue
[2025-06-16T16:57:04.118+0000] {logging_mixin.py:150} INFO - [2025-06-16T16:57:04.118+0000] {dagbag.py:541} INFO - Filling up the DagBag from /opt/airflow/dags/iqplus-load.py
[2025-06-16T16:57:04.168+0000] {processor.py:838} WARNING - No viable dags retrieved from /opt/airflow/dags/iqplus-load.py
[2025-06-16T16:57:04.180+0000] {processor.py:179} INFO - Processing /opt/airflow/dags/iqplus-load.py took 0.066 seconds
[2025-06-16T16:57:34.688+0000] {processor.py:157} INFO - Started process (PID=406) to work on /opt/airflow/dags/iqplus-load.py
[2025-06-16T16:57:34.689+0000] {processor.py:826} INFO - Processing file /opt/airflow/dags/iqplus-load.py for tasks to queue
[2025-06-16T16:57:34.690+0000] {logging_mixin.py:150} INFO - [2025-06-16T16:57:34.690+0000] {dagbag.py:541} INFO - Filling up the DagBag from /opt/airflow/dags/iqplus-load.py
[2025-06-16T16:57:34.744+0000] {processor.py:838} WARNING - No viable dags retrieved from /opt/airflow/dags/iqplus-load.py
[2025-06-16T16:57:34.759+0000] {processor.py:179} INFO - Processing /opt/airflow/dags/iqplus-load.py took 0.073 seconds
[2025-06-16T16:58:05.058+0000] {processor.py:157} INFO - Started process (PID=431) to work on /opt/airflow/dags/iqplus-load.py
[2025-06-16T16:58:05.059+0000] {processor.py:826} INFO - Processing file /opt/airflow/dags/iqplus-load.py for tasks to queue
[2025-06-16T16:58:05.060+0000] {logging_mixin.py:150} INFO - [2025-06-16T16:58:05.060+0000] {dagbag.py:541} INFO - Filling up the DagBag from /opt/airflow/dags/iqplus-load.py
[2025-06-16T16:58:05.114+0000] {processor.py:838} WARNING - No viable dags retrieved from /opt/airflow/dags/iqplus-load.py
[2025-06-16T16:58:05.126+0000] {processor.py:179} INFO - Processing /opt/airflow/dags/iqplus-load.py took 0.071 seconds
[2025-06-16T16:58:35.454+0000] {processor.py:157} INFO - Started process (PID=456) to work on /opt/airflow/dags/iqplus-load.py
[2025-06-16T16:58:35.455+0000] {processor.py:826} INFO - Processing file /opt/airflow/dags/iqplus-load.py for tasks to queue
[2025-06-16T16:58:35.456+0000] {logging_mixin.py:150} INFO - [2025-06-16T16:58:35.456+0000] {dagbag.py:541} INFO - Filling up the DagBag from /opt/airflow/dags/iqplus-load.py
[2025-06-16T16:58:35.511+0000] {processor.py:838} WARNING - No viable dags retrieved from /opt/airflow/dags/iqplus-load.py
[2025-06-16T16:58:35.524+0000] {processor.py:179} INFO - Processing /opt/airflow/dags/iqplus-load.py took 0.073 seconds
[2025-06-16T16:59:06.012+0000] {processor.py:157} INFO - Started process (PID=481) to work on /opt/airflow/dags/iqplus-load.py
[2025-06-16T16:59:06.013+0000] {processor.py:826} INFO - Processing file /opt/airflow/dags/iqplus-load.py for tasks to queue
[2025-06-16T16:59:06.014+0000] {logging_mixin.py:150} INFO - [2025-06-16T16:59:06.014+0000] {dagbag.py:541} INFO - Filling up the DagBag from /opt/airflow/dags/iqplus-load.py
[2025-06-16T16:59:06.070+0000] {processor.py:838} WARNING - No viable dags retrieved from /opt/airflow/dags/iqplus-load.py
[2025-06-16T16:59:06.084+0000] {processor.py:179} INFO - Processing /opt/airflow/dags/iqplus-load.py took 0.074 seconds
[2025-06-16T16:59:36.390+0000] {processor.py:157} INFO - Started process (PID=506) to work on /opt/airflow/dags/iqplus-load.py
[2025-06-16T16:59:36.391+0000] {processor.py:826} INFO - Processing file /opt/airflow/dags/iqplus-load.py for tasks to queue
[2025-06-16T16:59:36.392+0000] {logging_mixin.py:150} INFO - [2025-06-16T16:59:36.391+0000] {dagbag.py:541} INFO - Filling up the DagBag from /opt/airflow/dags/iqplus-load.py
[2025-06-16T16:59:36.443+0000] {processor.py:838} WARNING - No viable dags retrieved from /opt/airflow/dags/iqplus-load.py
[2025-06-16T16:59:36.456+0000] {processor.py:179} INFO - Processing /opt/airflow/dags/iqplus-load.py took 0.069 seconds
[2025-06-16T17:00:06.788+0000] {processor.py:157} INFO - Started process (PID=531) to work on /opt/airflow/dags/iqplus-load.py
[2025-06-16T17:00:06.789+0000] {processor.py:826} INFO - Processing file /opt/airflow/dags/iqplus-load.py for tasks to queue
[2025-06-16T17:00:06.789+0000] {logging_mixin.py:150} INFO - [2025-06-16T17:00:06.789+0000] {dagbag.py:541} INFO - Filling up the DagBag from /opt/airflow/dags/iqplus-load.py
[2025-06-16T17:00:06.837+0000] {processor.py:838} WARNING - No viable dags retrieved from /opt/airflow/dags/iqplus-load.py
[2025-06-16T17:00:06.849+0000] {processor.py:179} INFO - Processing /opt/airflow/dags/iqplus-load.py took 0.064 seconds
[2025-06-16T17:00:37.293+0000] {processor.py:157} INFO - Started process (PID=558) to work on /opt/airflow/dags/iqplus-load.py
[2025-06-16T17:00:37.294+0000] {processor.py:826} INFO - Processing file /opt/airflow/dags/iqplus-load.py for tasks to queue
[2025-06-16T17:00:37.295+0000] {logging_mixin.py:150} INFO - [2025-06-16T17:00:37.294+0000] {dagbag.py:541} INFO - Filling up the DagBag from /opt/airflow/dags/iqplus-load.py
[2025-06-16T17:00:37.342+0000] {processor.py:838} WARNING - No viable dags retrieved from /opt/airflow/dags/iqplus-load.py
[2025-06-16T17:00:37.354+0000] {processor.py:179} INFO - Processing /opt/airflow/dags/iqplus-load.py took 0.063 seconds
[2025-06-16T17:01:07.661+0000] {processor.py:157} INFO - Started process (PID=583) to work on /opt/airflow/dags/iqplus-load.py
[2025-06-16T17:01:07.662+0000] {processor.py:826} INFO - Processing file /opt/airflow/dags/iqplus-load.py for tasks to queue
[2025-06-16T17:01:07.663+0000] {logging_mixin.py:150} INFO - [2025-06-16T17:01:07.663+0000] {dagbag.py:541} INFO - Filling up the DagBag from /opt/airflow/dags/iqplus-load.py
[2025-06-16T17:01:07.712+0000] {processor.py:838} WARNING - No viable dags retrieved from /opt/airflow/dags/iqplus-load.py
[2025-06-16T17:01:07.724+0000] {processor.py:179} INFO - Processing /opt/airflow/dags/iqplus-load.py took 0.065 seconds
[2025-06-16T17:01:38.055+0000] {processor.py:157} INFO - Started process (PID=608) to work on /opt/airflow/dags/iqplus-load.py
[2025-06-16T17:01:38.055+0000] {processor.py:826} INFO - Processing file /opt/airflow/dags/iqplus-load.py for tasks to queue
[2025-06-16T17:01:38.056+0000] {logging_mixin.py:150} INFO - [2025-06-16T17:01:38.056+0000] {dagbag.py:541} INFO - Filling up the DagBag from /opt/airflow/dags/iqplus-load.py
[2025-06-16T17:01:38.103+0000] {processor.py:838} WARNING - No viable dags retrieved from /opt/airflow/dags/iqplus-load.py
[2025-06-16T17:01:38.116+0000] {processor.py:179} INFO - Processing /opt/airflow/dags/iqplus-load.py took 0.064 seconds
[2025-06-16T17:02:08.444+0000] {processor.py:157} INFO - Started process (PID=633) to work on /opt/airflow/dags/iqplus-load.py
[2025-06-16T17:02:08.445+0000] {processor.py:826} INFO - Processing file /opt/airflow/dags/iqplus-load.py for tasks to queue
[2025-06-16T17:02:08.445+0000] {logging_mixin.py:150} INFO - [2025-06-16T17:02:08.445+0000] {dagbag.py:541} INFO - Filling up the DagBag from /opt/airflow/dags/iqplus-load.py
[2025-06-16T17:02:08.497+0000] {processor.py:838} WARNING - No viable dags retrieved from /opt/airflow/dags/iqplus-load.py
[2025-06-16T17:02:08.512+0000] {processor.py:179} INFO - Processing /opt/airflow/dags/iqplus-load.py took 0.071 seconds
[2025-06-16T17:02:38.915+0000] {processor.py:157} INFO - Started process (PID=658) to work on /opt/airflow/dags/iqplus-load.py
[2025-06-16T17:02:38.916+0000] {processor.py:826} INFO - Processing file /opt/airflow/dags/iqplus-load.py for tasks to queue
[2025-06-16T17:02:38.917+0000] {logging_mixin.py:150} INFO - [2025-06-16T17:02:38.916+0000] {dagbag.py:541} INFO - Filling up the DagBag from /opt/airflow/dags/iqplus-load.py
[2025-06-16T17:02:38.965+0000] {processor.py:838} WARNING - No viable dags retrieved from /opt/airflow/dags/iqplus-load.py
[2025-06-16T17:02:38.979+0000] {processor.py:179} INFO - Processing /opt/airflow/dags/iqplus-load.py took 0.066 seconds
[2025-06-16T17:03:09.304+0000] {processor.py:157} INFO - Started process (PID=683) to work on /opt/airflow/dags/iqplus-load.py
[2025-06-16T17:03:09.304+0000] {processor.py:826} INFO - Processing file /opt/airflow/dags/iqplus-load.py for tasks to queue
[2025-06-16T17:03:09.305+0000] {logging_mixin.py:150} INFO - [2025-06-16T17:03:09.305+0000] {dagbag.py:541} INFO - Filling up the DagBag from /opt/airflow/dags/iqplus-load.py
[2025-06-16T17:03:09.357+0000] {processor.py:838} WARNING - No viable dags retrieved from /opt/airflow/dags/iqplus-load.py
[2025-06-16T17:03:09.369+0000] {processor.py:179} INFO - Processing /opt/airflow/dags/iqplus-load.py took 0.068 seconds
[2025-06-16T17:03:39.844+0000] {processor.py:157} INFO - Started process (PID=708) to work on /opt/airflow/dags/iqplus-load.py
[2025-06-16T17:03:39.845+0000] {processor.py:826} INFO - Processing file /opt/airflow/dags/iqplus-load.py for tasks to queue
[2025-06-16T17:03:39.845+0000] {logging_mixin.py:150} INFO - [2025-06-16T17:03:39.845+0000] {dagbag.py:541} INFO - Filling up the DagBag from /opt/airflow/dags/iqplus-load.py
[2025-06-16T17:03:39.916+0000] {processor.py:838} WARNING - No viable dags retrieved from /opt/airflow/dags/iqplus-load.py
[2025-06-16T17:03:39.934+0000] {processor.py:179} INFO - Processing /opt/airflow/dags/iqplus-load.py took 0.093 seconds
[2025-06-16T17:04:10.289+0000] {processor.py:157} INFO - Started process (PID=733) to work on /opt/airflow/dags/iqplus-load.py
[2025-06-16T17:04:10.290+0000] {processor.py:826} INFO - Processing file /opt/airflow/dags/iqplus-load.py for tasks to queue
[2025-06-16T17:04:10.290+0000] {logging_mixin.py:150} INFO - [2025-06-16T17:04:10.290+0000] {dagbag.py:541} INFO - Filling up the DagBag from /opt/airflow/dags/iqplus-load.py
[2025-06-16T17:04:10.343+0000] {processor.py:838} WARNING - No viable dags retrieved from /opt/airflow/dags/iqplus-load.py
[2025-06-16T17:04:10.356+0000] {processor.py:179} INFO - Processing /opt/airflow/dags/iqplus-load.py took 0.070 seconds
[2025-06-16T17:04:40.835+0000] {processor.py:157} INFO - Started process (PID=758) to work on /opt/airflow/dags/iqplus-load.py
[2025-06-16T17:04:40.835+0000] {processor.py:826} INFO - Processing file /opt/airflow/dags/iqplus-load.py for tasks to queue
[2025-06-16T17:04:40.836+0000] {logging_mixin.py:150} INFO - [2025-06-16T17:04:40.836+0000] {dagbag.py:541} INFO - Filling up the DagBag from /opt/airflow/dags/iqplus-load.py
[2025-06-16T17:04:40.891+0000] {processor.py:838} WARNING - No viable dags retrieved from /opt/airflow/dags/iqplus-load.py
[2025-06-16T17:04:40.904+0000] {processor.py:179} INFO - Processing /opt/airflow/dags/iqplus-load.py took 0.072 seconds
[2025-06-16T17:05:11.237+0000] {processor.py:157} INFO - Started process (PID=783) to work on /opt/airflow/dags/iqplus-load.py
[2025-06-16T17:05:11.238+0000] {processor.py:826} INFO - Processing file /opt/airflow/dags/iqplus-load.py for tasks to queue
[2025-06-16T17:05:11.239+0000] {logging_mixin.py:150} INFO - [2025-06-16T17:05:11.239+0000] {dagbag.py:541} INFO - Filling up the DagBag from /opt/airflow/dags/iqplus-load.py
[2025-06-16T17:05:11.295+0000] {processor.py:838} WARNING - No viable dags retrieved from /opt/airflow/dags/iqplus-load.py
[2025-06-16T17:05:11.309+0000] {processor.py:179} INFO - Processing /opt/airflow/dags/iqplus-load.py took 0.074 seconds
[2025-06-16T17:05:41.630+0000] {processor.py:157} INFO - Started process (PID=808) to work on /opt/airflow/dags/iqplus-load.py
[2025-06-16T17:05:41.631+0000] {processor.py:826} INFO - Processing file /opt/airflow/dags/iqplus-load.py for tasks to queue
[2025-06-16T17:05:41.631+0000] {logging_mixin.py:150} INFO - [2025-06-16T17:05:41.631+0000] {dagbag.py:541} INFO - Filling up the DagBag from /opt/airflow/dags/iqplus-load.py
[2025-06-16T17:05:41.683+0000] {processor.py:838} WARNING - No viable dags retrieved from /opt/airflow/dags/iqplus-load.py
[2025-06-16T17:05:41.696+0000] {processor.py:179} INFO - Processing /opt/airflow/dags/iqplus-load.py took 0.069 seconds
[2025-06-16T17:06:12.030+0000] {processor.py:157} INFO - Started process (PID=833) to work on /opt/airflow/dags/iqplus-load.py
[2025-06-16T17:06:12.031+0000] {processor.py:826} INFO - Processing file /opt/airflow/dags/iqplus-load.py for tasks to queue
[2025-06-16T17:06:12.031+0000] {logging_mixin.py:150} INFO - [2025-06-16T17:06:12.031+0000] {dagbag.py:541} INFO - Filling up the DagBag from /opt/airflow/dags/iqplus-load.py
[2025-06-16T17:06:12.081+0000] {processor.py:838} WARNING - No viable dags retrieved from /opt/airflow/dags/iqplus-load.py
[2025-06-16T17:06:12.094+0000] {processor.py:179} INFO - Processing /opt/airflow/dags/iqplus-load.py took 0.067 seconds
[2025-06-16T17:06:42.436+0000] {processor.py:157} INFO - Started process (PID=858) to work on /opt/airflow/dags/iqplus-load.py
[2025-06-16T17:06:42.437+0000] {processor.py:826} INFO - Processing file /opt/airflow/dags/iqplus-load.py for tasks to queue
[2025-06-16T17:06:42.437+0000] {logging_mixin.py:150} INFO - [2025-06-16T17:06:42.437+0000] {dagbag.py:541} INFO - Filling up the DagBag from /opt/airflow/dags/iqplus-load.py
[2025-06-16T17:06:42.483+0000] {processor.py:838} WARNING - No viable dags retrieved from /opt/airflow/dags/iqplus-load.py
[2025-06-16T17:06:42.495+0000] {processor.py:179} INFO - Processing /opt/airflow/dags/iqplus-load.py took 0.062 seconds
[2025-06-16T17:07:12.829+0000] {processor.py:157} INFO - Started process (PID=883) to work on /opt/airflow/dags/iqplus-load.py
[2025-06-16T17:07:12.830+0000] {processor.py:826} INFO - Processing file /opt/airflow/dags/iqplus-load.py for tasks to queue
[2025-06-16T17:07:12.832+0000] {logging_mixin.py:150} INFO - [2025-06-16T17:07:12.831+0000] {dagbag.py:541} INFO - Filling up the DagBag from /opt/airflow/dags/iqplus-load.py
[2025-06-16T17:07:12.903+0000] {processor.py:838} WARNING - No viable dags retrieved from /opt/airflow/dags/iqplus-load.py
[2025-06-16T17:07:12.922+0000] {processor.py:179} INFO - Processing /opt/airflow/dags/iqplus-load.py took 0.096 seconds
[2025-06-16T17:07:43.325+0000] {processor.py:157} INFO - Started process (PID=908) to work on /opt/airflow/dags/iqplus-load.py
[2025-06-16T17:07:43.326+0000] {processor.py:826} INFO - Processing file /opt/airflow/dags/iqplus-load.py for tasks to queue
[2025-06-16T17:07:43.327+0000] {logging_mixin.py:150} INFO - [2025-06-16T17:07:43.327+0000] {dagbag.py:541} INFO - Filling up the DagBag from /opt/airflow/dags/iqplus-load.py
[2025-06-16T17:07:43.380+0000] {processor.py:838} WARNING - No viable dags retrieved from /opt/airflow/dags/iqplus-load.py
[2025-06-16T17:07:43.393+0000] {processor.py:179} INFO - Processing /opt/airflow/dags/iqplus-load.py took 0.071 seconds
[2025-06-16T17:08:13.718+0000] {processor.py:157} INFO - Started process (PID=933) to work on /opt/airflow/dags/iqplus-load.py
[2025-06-16T17:08:13.718+0000] {processor.py:826} INFO - Processing file /opt/airflow/dags/iqplus-load.py for tasks to queue
[2025-06-16T17:08:13.719+0000] {logging_mixin.py:150} INFO - [2025-06-16T17:08:13.719+0000] {dagbag.py:541} INFO - Filling up the DagBag from /opt/airflow/dags/iqplus-load.py
[2025-06-16T17:08:13.771+0000] {processor.py:838} WARNING - No viable dags retrieved from /opt/airflow/dags/iqplus-load.py
[2025-06-16T17:08:13.785+0000] {processor.py:179} INFO - Processing /opt/airflow/dags/iqplus-load.py took 0.071 seconds
[2025-06-16T17:08:44.083+0000] {processor.py:157} INFO - Started process (PID=958) to work on /opt/airflow/dags/iqplus-load.py
[2025-06-16T17:08:44.084+0000] {processor.py:826} INFO - Processing file /opt/airflow/dags/iqplus-load.py for tasks to queue
[2025-06-16T17:08:44.085+0000] {logging_mixin.py:150} INFO - [2025-06-16T17:08:44.085+0000] {dagbag.py:541} INFO - Filling up the DagBag from /opt/airflow/dags/iqplus-load.py
[2025-06-16T17:08:44.136+0000] {processor.py:838} WARNING - No viable dags retrieved from /opt/airflow/dags/iqplus-load.py
[2025-06-16T17:08:44.148+0000] {processor.py:179} INFO - Processing /opt/airflow/dags/iqplus-load.py took 0.068 seconds
[2025-06-16T17:09:14.465+0000] {processor.py:157} INFO - Started process (PID=983) to work on /opt/airflow/dags/iqplus-load.py
[2025-06-16T17:09:14.466+0000] {processor.py:826} INFO - Processing file /opt/airflow/dags/iqplus-load.py for tasks to queue
[2025-06-16T17:09:14.467+0000] {logging_mixin.py:150} INFO - [2025-06-16T17:09:14.467+0000] {dagbag.py:541} INFO - Filling up the DagBag from /opt/airflow/dags/iqplus-load.py
[2025-06-16T17:09:14.521+0000] {processor.py:838} WARNING - No viable dags retrieved from /opt/airflow/dags/iqplus-load.py
[2025-06-16T17:09:14.534+0000] {processor.py:179} INFO - Processing /opt/airflow/dags/iqplus-load.py took 0.072 seconds
[2025-06-16T17:09:44.861+0000] {processor.py:157} INFO - Started process (PID=1008) to work on /opt/airflow/dags/iqplus-load.py
[2025-06-16T17:09:44.862+0000] {processor.py:826} INFO - Processing file /opt/airflow/dags/iqplus-load.py for tasks to queue
[2025-06-16T17:09:44.862+0000] {logging_mixin.py:150} INFO - [2025-06-16T17:09:44.862+0000] {dagbag.py:541} INFO - Filling up the DagBag from /opt/airflow/dags/iqplus-load.py
[2025-06-16T17:09:44.911+0000] {processor.py:838} WARNING - No viable dags retrieved from /opt/airflow/dags/iqplus-load.py
[2025-06-16T17:09:44.922+0000] {processor.py:179} INFO - Processing /opt/airflow/dags/iqplus-load.py took 0.064 seconds
[2025-06-16T17:10:15.357+0000] {processor.py:157} INFO - Started process (PID=1033) to work on /opt/airflow/dags/iqplus-load.py
[2025-06-16T17:10:15.358+0000] {processor.py:826} INFO - Processing file /opt/airflow/dags/iqplus-load.py for tasks to queue
[2025-06-16T17:10:15.358+0000] {logging_mixin.py:150} INFO - [2025-06-16T17:10:15.358+0000] {dagbag.py:541} INFO - Filling up the DagBag from /opt/airflow/dags/iqplus-load.py
[2025-06-16T17:10:15.409+0000] {processor.py:838} WARNING - No viable dags retrieved from /opt/airflow/dags/iqplus-load.py
[2025-06-16T17:10:15.420+0000] {processor.py:179} INFO - Processing /opt/airflow/dags/iqplus-load.py took 0.066 seconds
[2025-06-16T17:10:45.754+0000] {processor.py:157} INFO - Started process (PID=1058) to work on /opt/airflow/dags/iqplus-load.py
[2025-06-16T17:10:45.755+0000] {processor.py:826} INFO - Processing file /opt/airflow/dags/iqplus-load.py for tasks to queue
[2025-06-16T17:10:45.756+0000] {logging_mixin.py:150} INFO - [2025-06-16T17:10:45.756+0000] {dagbag.py:541} INFO - Filling up the DagBag from /opt/airflow/dags/iqplus-load.py
[2025-06-16T17:10:45.807+0000] {processor.py:838} WARNING - No viable dags retrieved from /opt/airflow/dags/iqplus-load.py
[2025-06-16T17:10:45.821+0000] {processor.py:179} INFO - Processing /opt/airflow/dags/iqplus-load.py took 0.069 seconds
[2025-06-16T17:11:16.272+0000] {processor.py:157} INFO - Started process (PID=1083) to work on /opt/airflow/dags/iqplus-load.py
[2025-06-16T17:11:16.273+0000] {processor.py:826} INFO - Processing file /opt/airflow/dags/iqplus-load.py for tasks to queue
[2025-06-16T17:11:16.274+0000] {logging_mixin.py:150} INFO - [2025-06-16T17:11:16.274+0000] {dagbag.py:541} INFO - Filling up the DagBag from /opt/airflow/dags/iqplus-load.py
[2025-06-16T17:11:16.327+0000] {processor.py:838} WARNING - No viable dags retrieved from /opt/airflow/dags/iqplus-load.py
[2025-06-16T17:11:16.339+0000] {processor.py:179} INFO - Processing /opt/airflow/dags/iqplus-load.py took 0.070 seconds
[2025-06-16T17:11:46.638+0000] {processor.py:157} INFO - Started process (PID=1108) to work on /opt/airflow/dags/iqplus-load.py
[2025-06-16T17:11:46.638+0000] {processor.py:826} INFO - Processing file /opt/airflow/dags/iqplus-load.py for tasks to queue
[2025-06-16T17:11:46.639+0000] {logging_mixin.py:150} INFO - [2025-06-16T17:11:46.639+0000] {dagbag.py:541} INFO - Filling up the DagBag from /opt/airflow/dags/iqplus-load.py
[2025-06-16T17:11:46.689+0000] {processor.py:838} WARNING - No viable dags retrieved from /opt/airflow/dags/iqplus-load.py
[2025-06-16T17:11:46.702+0000] {processor.py:179} INFO - Processing /opt/airflow/dags/iqplus-load.py took 0.067 seconds
[2025-06-16T17:12:17.006+0000] {processor.py:157} INFO - Started process (PID=1133) to work on /opt/airflow/dags/iqplus-load.py
[2025-06-16T17:12:17.007+0000] {processor.py:826} INFO - Processing file /opt/airflow/dags/iqplus-load.py for tasks to queue
[2025-06-16T17:12:17.008+0000] {logging_mixin.py:150} INFO - [2025-06-16T17:12:17.007+0000] {dagbag.py:541} INFO - Filling up the DagBag from /opt/airflow/dags/iqplus-load.py
[2025-06-16T17:12:17.058+0000] {processor.py:838} WARNING - No viable dags retrieved from /opt/airflow/dags/iqplus-load.py
[2025-06-16T17:12:17.070+0000] {processor.py:179} INFO - Processing /opt/airflow/dags/iqplus-load.py took 0.067 seconds
[2025-06-16T17:12:47.581+0000] {processor.py:157} INFO - Started process (PID=1170) to work on /opt/airflow/dags/iqplus-load.py
[2025-06-16T17:12:47.582+0000] {processor.py:826} INFO - Processing file /opt/airflow/dags/iqplus-load.py for tasks to queue
[2025-06-16T17:12:47.583+0000] {logging_mixin.py:150} INFO - [2025-06-16T17:12:47.582+0000] {dagbag.py:541} INFO - Filling up the DagBag from /opt/airflow/dags/iqplus-load.py
[2025-06-16T17:12:47.635+0000] {processor.py:838} WARNING - No viable dags retrieved from /opt/airflow/dags/iqplus-load.py
[2025-06-16T17:12:47.647+0000] {processor.py:179} INFO - Processing /opt/airflow/dags/iqplus-load.py took 0.069 seconds
[2025-06-16T17:13:06.920+0000] {processor.py:157} INFO - Started process (PID=1190) to work on /opt/airflow/dags/iqplus-load.py
[2025-06-16T17:13:06.921+0000] {processor.py:826} INFO - Processing file /opt/airflow/dags/iqplus-load.py for tasks to queue
[2025-06-16T17:13:06.922+0000] {logging_mixin.py:150} INFO - [2025-06-16T17:13:06.921+0000] {dagbag.py:541} INFO - Filling up the DagBag from /opt/airflow/dags/iqplus-load.py
[2025-06-16T17:13:06.926+0000] {logging_mixin.py:150} INFO - [2025-06-16T17:13:06.926+0000] {dagbag.py:327} INFO - File /opt/airflow/dags/iqplus-load.py assumed to contain no DAGs. Skipping.
[2025-06-16T17:13:06.927+0000] {processor.py:838} WARNING - No viable dags retrieved from /opt/airflow/dags/iqplus-load.py
[2025-06-16T17:13:06.939+0000] {processor.py:179} INFO - Processing /opt/airflow/dags/iqplus-load.py took 0.022 seconds
[2025-06-16T17:13:37.346+0000] {processor.py:157} INFO - Started process (PID=1215) to work on /opt/airflow/dags/iqplus-load.py
[2025-06-16T17:13:37.347+0000] {processor.py:826} INFO - Processing file /opt/airflow/dags/iqplus-load.py for tasks to queue
[2025-06-16T17:13:37.348+0000] {logging_mixin.py:150} INFO - [2025-06-16T17:13:37.348+0000] {dagbag.py:541} INFO - Filling up the DagBag from /opt/airflow/dags/iqplus-load.py
[2025-06-16T17:13:37.353+0000] {logging_mixin.py:150} INFO - [2025-06-16T17:13:37.353+0000] {dagbag.py:327} INFO - File /opt/airflow/dags/iqplus-load.py assumed to contain no DAGs. Skipping.
[2025-06-16T17:13:37.354+0000] {processor.py:838} WARNING - No viable dags retrieved from /opt/airflow/dags/iqplus-load.py
[2025-06-16T17:13:37.364+0000] {processor.py:179} INFO - Processing /opt/airflow/dags/iqplus-load.py took 0.021 seconds
[2025-06-16T17:14:07.746+0000] {processor.py:157} INFO - Started process (PID=1240) to work on /opt/airflow/dags/iqplus-load.py
[2025-06-16T17:14:07.747+0000] {processor.py:826} INFO - Processing file /opt/airflow/dags/iqplus-load.py for tasks to queue
[2025-06-16T17:14:07.748+0000] {logging_mixin.py:150} INFO - [2025-06-16T17:14:07.747+0000] {dagbag.py:541} INFO - Filling up the DagBag from /opt/airflow/dags/iqplus-load.py
[2025-06-16T17:14:07.753+0000] {logging_mixin.py:150} INFO - [2025-06-16T17:14:07.753+0000] {dagbag.py:327} INFO - File /opt/airflow/dags/iqplus-load.py assumed to contain no DAGs. Skipping.
[2025-06-16T17:14:07.754+0000] {processor.py:838} WARNING - No viable dags retrieved from /opt/airflow/dags/iqplus-load.py
[2025-06-16T17:14:07.767+0000] {processor.py:179} INFO - Processing /opt/airflow/dags/iqplus-load.py took 0.024 seconds
[2025-06-16T17:14:38.161+0000] {processor.py:157} INFO - Started process (PID=1265) to work on /opt/airflow/dags/iqplus-load.py
[2025-06-16T17:14:38.162+0000] {processor.py:826} INFO - Processing file /opt/airflow/dags/iqplus-load.py for tasks to queue
[2025-06-16T17:14:38.162+0000] {logging_mixin.py:150} INFO - [2025-06-16T17:14:38.162+0000] {dagbag.py:541} INFO - Filling up the DagBag from /opt/airflow/dags/iqplus-load.py
[2025-06-16T17:14:38.167+0000] {logging_mixin.py:150} INFO - [2025-06-16T17:14:38.167+0000] {dagbag.py:327} INFO - File /opt/airflow/dags/iqplus-load.py assumed to contain no DAGs. Skipping.
[2025-06-16T17:14:38.168+0000] {processor.py:838} WARNING - No viable dags retrieved from /opt/airflow/dags/iqplus-load.py
[2025-06-16T17:14:38.181+0000] {processor.py:179} INFO - Processing /opt/airflow/dags/iqplus-load.py took 0.023 seconds
[2025-06-16T17:15:08.555+0000] {processor.py:157} INFO - Started process (PID=1290) to work on /opt/airflow/dags/iqplus-load.py
[2025-06-16T17:15:08.557+0000] {processor.py:826} INFO - Processing file /opt/airflow/dags/iqplus-load.py for tasks to queue
[2025-06-16T17:15:08.557+0000] {logging_mixin.py:150} INFO - [2025-06-16T17:15:08.557+0000] {dagbag.py:541} INFO - Filling up the DagBag from /opt/airflow/dags/iqplus-load.py
[2025-06-16T17:15:08.563+0000] {logging_mixin.py:150} INFO - [2025-06-16T17:15:08.563+0000] {dagbag.py:327} INFO - File /opt/airflow/dags/iqplus-load.py assumed to contain no DAGs. Skipping.
[2025-06-16T17:15:08.563+0000] {processor.py:838} WARNING - No viable dags retrieved from /opt/airflow/dags/iqplus-load.py
[2025-06-16T17:15:08.576+0000] {processor.py:179} INFO - Processing /opt/airflow/dags/iqplus-load.py took 0.023 seconds
[2025-06-16T17:15:38.973+0000] {processor.py:157} INFO - Started process (PID=1315) to work on /opt/airflow/dags/iqplus-load.py
[2025-06-16T17:15:38.974+0000] {processor.py:826} INFO - Processing file /opt/airflow/dags/iqplus-load.py for tasks to queue
[2025-06-16T17:15:38.975+0000] {logging_mixin.py:150} INFO - [2025-06-16T17:15:38.974+0000] {dagbag.py:541} INFO - Filling up the DagBag from /opt/airflow/dags/iqplus-load.py
[2025-06-16T17:15:38.979+0000] {logging_mixin.py:150} INFO - [2025-06-16T17:15:38.979+0000] {dagbag.py:327} INFO - File /opt/airflow/dags/iqplus-load.py assumed to contain no DAGs. Skipping.
[2025-06-16T17:15:38.980+0000] {processor.py:838} WARNING - No viable dags retrieved from /opt/airflow/dags/iqplus-load.py
[2025-06-16T17:15:38.991+0000] {processor.py:179} INFO - Processing /opt/airflow/dags/iqplus-load.py took 0.021 seconds
