[2025-06-17T11:28:00.169+0000] {taskinstance.py:1103} INFO - Dependencies all met for dep_context=non-requeueable deps ti=<TaskInstance: idx_pipeline.transform_idx manual__2025-06-17T11:26:32.564983+00:00 [queued]>
[2025-06-17T11:28:00.189+0000] {taskinstance.py:1103} INFO - Dependencies all met for dep_context=requeueable deps ti=<TaskInstance: idx_pipeline.transform_idx manual__2025-06-17T11:26:32.564983+00:00 [queued]>
[2025-06-17T11:28:00.191+0000] {taskinstance.py:1308} INFO - Starting attempt 1 of 2
[2025-06-17T11:28:00.225+0000] {taskinstance.py:1327} INFO - Executing <Task(DockerOperator): transform_idx> on 2025-06-17 11:26:32.564983+00:00
[2025-06-17T11:28:00.235+0000] {standard_task_runner.py:57} INFO - Started process 196 to run task
[2025-06-17T11:28:00.240+0000] {standard_task_runner.py:84} INFO - Running: ['***', 'tasks', 'run', 'idx_pipeline', 'transform_idx', 'manual__2025-06-17T11:26:32.564983+00:00', '--job-id', '93', '--raw', '--subdir', 'DAGS_FOLDER/idx_pipeline_dag.py', '--cfg-path', '/tmp/tmpf_2x7bo3']
[2025-06-17T11:28:00.242+0000] {standard_task_runner.py:85} INFO - Job 93: Subtask transform_idx
[2025-06-17T11:28:00.341+0000] {task_command.py:410} INFO - Running <TaskInstance: idx_pipeline.transform_idx manual__2025-06-17T11:26:32.564983+00:00 [running]> on host 790f4cde8a0c
[2025-06-17T11:28:00.557+0000] {taskinstance.py:1547} INFO - Exporting env vars: AIRFLOW_CTX_DAG_OWNER='***' AIRFLOW_CTX_DAG_ID='idx_pipeline' AIRFLOW_CTX_TASK_ID='transform_idx' AIRFLOW_CTX_EXECUTION_DATE='2025-06-17T11:26:32.564983+00:00' AIRFLOW_CTX_TRY_NUMBER='1' AIRFLOW_CTX_DAG_RUN_ID='manual__2025-06-17T11:26:32.564983+00:00'
[2025-06-17T11:28:00.616+0000] {docker.py:334} INFO - Starting docker container from image bigdata-pipeline:latest
[2025-06-17T11:28:02.568+0000] {docker.py:403} INFO - Starting IDX revenue transformation process
Starting revenue transformation by sector...
[2025-06-17T11:28:04.817+0000] {docker.py:403} INFO - Using Spark's default log4j profile: org/apache/spark/log4j-defaults.properties
[2025-06-17T11:28:04.818+0000] {docker.py:403} INFO - Setting default log level to "WARN".
[2025-06-17T11:28:04.819+0000] {docker.py:403} INFO - To adjust logging level use sc.setLogLevel(newLevel). For SparkR, use setLogLevel(newLevel).
[2025-06-17T11:28:05.148+0000] {docker.py:403} INFO - 25/06/17 11:28:05 WARN NativeCodeLoader: Unable to load native-hadoop library for your platform... using builtin-java classes where applicable
[2025-06-17T11:28:09.088+0000] {docker.py:403} INFO - Connected to MongoDB - Database: tugas_bigdata
[2025-06-17T11:28:19.558+0000] {docker.py:403} INFO - Found 22 raw financial reports
Processing financial reports...
[2025-06-17T11:28:19.758+0000] {docker.py:403} INFO - Processed 20/22 documents (90.9%)
[2025-06-17T11:28:19.792+0000] {docker.py:403} INFO - Processed 22/22 documents (100.0%)

Storing 22 records to MongoDB...
[2025-06-17T11:28:19.945+0000] {docker.py:403} INFO - Successfully stored 22 records

=== TRANSFORMATION SUMMARY ===
Total documents processed: 22
Successful transformations: 22
Failed transformations: 0

Companies with Revenue: 22/22 (100.0%)
Companies with Revenue Growth: 22/22 (100.0%)
Companies with Operating Profit: 13/22 (59.1%)

Top 5 sectors by company count:
- E. Consumer Cyclicals: 5 companies
- 9. Trade, Services & Investment: 3 companies
- D. Consumer Non-Cyclicals: 3 companies
- G. Financials: 3 companies
- A. Energy: 3 companies
[2025-06-17T11:28:20.446+0000] {docker.py:403} INFO - Transformation process completed
[2025-06-17T11:28:20.478+0000] {docker.py:403} INFO - Validating transformed data...
[2025-06-17T11:28:21.700+0000] {docker.py:403} INFO - === VALIDATION SUMMARY ===
Total Records: 22
Records with Revenue: 22
Records with Revenue Growth: 22
Records with Gross Profit: 13
Records with Operating Profit: 13
Records with Net Profit: 14
Records with Cash: 14
Records with Assets: 22
Records with Short Term Borrowing: 10
Records with Long Term Borrowing: 10
Records with Equity: 22

✓ Validation completed successfully
[2025-06-17T11:28:21.701+0000] {docker.py:403} INFO - IDX revenue transformation process completed
[2025-06-17T11:28:22.928+0000] {taskinstance.py:1350} INFO - Marking task as SUCCESS. dag_id=idx_pipeline, task_id=transform_idx, execution_date=20250617T112632, start_date=20250617T112800, end_date=20250617T112822
[2025-06-17T11:28:22.966+0000] {local_task_job_runner.py:225} INFO - Task exited with return code 0
[2025-06-17T11:28:23.001+0000] {taskinstance.py:2653} INFO - 0 downstream tasks scheduled from follow-on schedule check
