[2025-06-17T10:22:32.733+0000] {taskinstance.py:1103} INFO - Dependencies all met for dep_context=non-requeueable deps ti=<TaskInstance: idx_pipeline.transform_idx manual__2025-06-17T10:20:18.646541+00:00 [queued]>
[2025-06-17T10:22:32.753+0000] {taskinstance.py:1103} INFO - Dependencies all met for dep_context=requeueable deps ti=<TaskInstance: idx_pipeline.transform_idx manual__2025-06-17T10:20:18.646541+00:00 [queued]>
[2025-06-17T10:22:32.754+0000] {taskinstance.py:1308} INFO - Starting attempt 1 of 2
[2025-06-17T10:22:32.792+0000] {taskinstance.py:1327} INFO - Executing <Task(DockerOperator): transform_idx> on 2025-06-17 10:20:18.646541+00:00
[2025-06-17T10:22:32.800+0000] {standard_task_runner.py:57} INFO - Started process 328 to run task
[2025-06-17T10:22:32.806+0000] {standard_task_runner.py:84} INFO - Running: ['***', 'tasks', 'run', 'idx_pipeline', 'transform_idx', 'manual__2025-06-17T10:20:18.646541+00:00', '--job-id', '63', '--raw', '--subdir', 'DAGS_FOLDER/idx_pipeline_dag.py', '--cfg-path', '/tmp/tmpvax7zguj']
[2025-06-17T10:22:32.808+0000] {standard_task_runner.py:85} INFO - Job 63: Subtask transform_idx
[2025-06-17T10:22:32.908+0000] {task_command.py:410} INFO - Running <TaskInstance: idx_pipeline.transform_idx manual__2025-06-17T10:20:18.646541+00:00 [running]> on host 790f4cde8a0c
[2025-06-17T10:22:33.130+0000] {taskinstance.py:1547} INFO - Exporting env vars: AIRFLOW_CTX_DAG_OWNER='***' AIRFLOW_CTX_DAG_ID='idx_pipeline' AIRFLOW_CTX_TASK_ID='transform_idx' AIRFLOW_CTX_EXECUTION_DATE='2025-06-17T10:20:18.646541+00:00' AIRFLOW_CTX_TRY_NUMBER='1' AIRFLOW_CTX_DAG_RUN_ID='manual__2025-06-17T10:20:18.646541+00:00'
[2025-06-17T10:22:33.190+0000] {docker.py:334} INFO - Starting docker container from image bigdata-pipeline:latest
[2025-06-17T10:22:35.506+0000] {docker.py:403} INFO - Starting IDX revenue transformation process
Starting revenue transformation by sector...
[2025-06-17T10:22:39.293+0000] {docker.py:403} INFO - Using Spark's default log4j profile: org/apache/spark/log4j-defaults.properties
[2025-06-17T10:22:39.295+0000] {docker.py:403} INFO - Setting default log level to "WARN".
[2025-06-17T10:22:39.296+0000] {docker.py:403} INFO - To adjust logging level use sc.setLogLevel(newLevel). For SparkR, use setLogLevel(newLevel).
[2025-06-17T10:22:39.809+0000] {docker.py:403} INFO - 25/06/17 10:22:39 WARN NativeCodeLoader: Unable to load native-hadoop library for your platform... using builtin-java classes where applicable
[2025-06-17T10:22:44.822+0000] {docker.py:403} INFO - Connected to MongoDB - Database: bigdata_saham
[2025-06-17T10:22:57.351+0000] {docker.py:403} INFO - Found 25 raw financial reports
Processing financial reports...
[2025-06-17T10:22:57.625+0000] {docker.py:403} INFO - Processed 20/25 documents (80.0%)
[2025-06-17T10:22:57.688+0000] {docker.py:403} INFO - Processed 25/25 documents (100.0%)

Storing 25 records to MongoDB...
[2025-06-17T10:22:57.934+0000] {docker.py:403} INFO - Successfully stored 25 records

=== TRANSFORMATION SUMMARY ===
Total documents processed: 25
Successful transformations: 25
Failed transformations: 0

Companies with Revenue: 25/25 (100.0%)
Companies with Revenue Growth: 25/25 (100.0%)
Companies with Operating Profit: 20/25 (80.0%)

Top 5 sectors by company count:
- A. Energy: 10 companies
- D. Consumer Non-Cyclicals: 5 companies
- E. Consumer Cyclicals: 5 companies
- G. Financials: 5 companies
[2025-06-17T10:22:58.359+0000] {docker.py:403} INFO - Transformation process completed
[2025-06-17T10:22:58.396+0000] {docker.py:403} INFO - Validating transformed data...
[2025-06-17T10:22:59.574+0000] {docker.py:403} INFO - === VALIDATION SUMMARY ===
Total Records: 25
Records with Revenue: 25
Records with Revenue Growth: 25
Records with Gross Profit: 20
Records with Operating Profit: 20
Records with Net Profit: 20
Records with Cash: 20
Records with Assets: 25
Records with Short Term Borrowing: 10
Records with Long Term Borrowing: 15
Records with Equity: 25

✓ Validation completed successfully
[2025-06-17T10:22:59.576+0000] {docker.py:403} INFO - IDX revenue transformation process completed
[2025-06-17T10:23:00.900+0000] {taskinstance.py:1350} INFO - Marking task as SUCCESS. dag_id=idx_pipeline, task_id=transform_idx, execution_date=20250617T102018, start_date=20250617T102232, end_date=20250617T102300
[2025-06-17T10:23:00.944+0000] {local_task_job_runner.py:225} INFO - Task exited with return code 0
[2025-06-17T10:23:00.981+0000] {taskinstance.py:2653} INFO - 0 downstream tasks scheduled from follow-on schedule check
