[2025-06-18T02:10:09.447+0000] {processor.py:157} INFO - Started process (PID=153) to work on /opt/airflow/dags/idx_pipeline_dag.py
[2025-06-18T02:10:09.450+0000] {processor.py:826} INFO - Processing file /opt/airflow/dags/idx_pipeline_dag.py for tasks to queue
[2025-06-18T02:10:09.452+0000] {logging_mixin.py:150} INFO - [2025-06-18T02:10:09.452+0000] {dagbag.py:541} INFO - Filling up the DagBag from /opt/airflow/dags/idx_pipeline_dag.py
[2025-06-18T02:10:09.544+0000] {logging_mixin.py:150} INFO - Host output path: C:\Users\Safira Aliyah Azmi\Downloads\bigdata\output
[2025-06-18T02:10:09.587+0000] {processor.py:836} INFO - DAG(s) dict_keys(['idx_pipeline']) retrieved from /opt/airflow/dags/idx_pipeline_dag.py
[2025-06-18T02:10:10.308+0000] {logging_mixin.py:150} INFO - [2025-06-18T02:10:10.307+0000] {dag.py:2742} INFO - Sync 1 DAGs
[2025-06-18T02:10:10.377+0000] {logging_mixin.py:150} INFO - [2025-06-18T02:10:10.377+0000] {dag.py:3508} INFO - Setting next_dagrun for idx_pipeline to 2025-06-01T00:00:00+00:00, run_after=2025-07-01T00:00:00+00:00
[2025-06-18T02:10:10.453+0000] {processor.py:179} INFO - Processing /opt/airflow/dags/idx_pipeline_dag.py took 1.014 seconds
[2025-06-18T02:10:41.192+0000] {processor.py:157} INFO - Started process (PID=178) to work on /opt/airflow/dags/idx_pipeline_dag.py
[2025-06-18T02:10:41.194+0000] {processor.py:826} INFO - Processing file /opt/airflow/dags/idx_pipeline_dag.py for tasks to queue
[2025-06-18T02:10:41.196+0000] {logging_mixin.py:150} INFO - [2025-06-18T02:10:41.195+0000] {dagbag.py:541} INFO - Filling up the DagBag from /opt/airflow/dags/idx_pipeline_dag.py
[2025-06-18T02:10:41.278+0000] {logging_mixin.py:150} INFO - Host output path: C:\Users\Safira Aliyah Azmi\Downloads\bigdata\output
[2025-06-18T02:10:41.311+0000] {processor.py:836} INFO - DAG(s) dict_keys(['idx_pipeline']) retrieved from /opt/airflow/dags/idx_pipeline_dag.py
[2025-06-18T02:10:41.341+0000] {logging_mixin.py:150} INFO - [2025-06-18T02:10:41.340+0000] {dag.py:2742} INFO - Sync 1 DAGs
[2025-06-18T02:10:41.416+0000] {logging_mixin.py:150} INFO - [2025-06-18T02:10:41.416+0000] {dag.py:3508} INFO - Setting next_dagrun for idx_pipeline to 2025-06-01T00:00:00+00:00, run_after=2025-07-01T00:00:00+00:00
[2025-06-18T02:10:41.735+0000] {processor.py:179} INFO - Processing /opt/airflow/dags/idx_pipeline_dag.py took 0.550 seconds
[2025-06-18T02:11:11.956+0000] {processor.py:157} INFO - Started process (PID=198) to work on /opt/airflow/dags/idx_pipeline_dag.py
[2025-06-18T02:11:11.957+0000] {processor.py:826} INFO - Processing file /opt/airflow/dags/idx_pipeline_dag.py for tasks to queue
[2025-06-18T02:11:11.960+0000] {logging_mixin.py:150} INFO - [2025-06-18T02:11:11.959+0000] {dagbag.py:541} INFO - Filling up the DagBag from /opt/airflow/dags/idx_pipeline_dag.py
[2025-06-18T02:11:12.043+0000] {logging_mixin.py:150} INFO - Host output path: C:\Users\Safira Aliyah Azmi\Downloads\bigdata\output
[2025-06-18T02:11:12.074+0000] {processor.py:836} INFO - DAG(s) dict_keys(['idx_pipeline']) retrieved from /opt/airflow/dags/idx_pipeline_dag.py
[2025-06-18T02:11:12.569+0000] {logging_mixin.py:150} INFO - [2025-06-18T02:11:12.568+0000] {dag.py:2742} INFO - Sync 1 DAGs
[2025-06-18T02:11:12.631+0000] {logging_mixin.py:150} INFO - [2025-06-18T02:11:12.630+0000] {dag.py:3508} INFO - Setting next_dagrun for idx_pipeline to 2025-06-01T00:00:00+00:00, run_after=2025-07-01T00:00:00+00:00
[2025-06-18T02:11:12.686+0000] {processor.py:179} INFO - Processing /opt/airflow/dags/idx_pipeline_dag.py took 0.736 seconds
[2025-06-18T02:11:42.832+0000] {processor.py:157} INFO - Started process (PID=218) to work on /opt/airflow/dags/idx_pipeline_dag.py
[2025-06-18T02:11:42.834+0000] {processor.py:826} INFO - Processing file /opt/airflow/dags/idx_pipeline_dag.py for tasks to queue
[2025-06-18T02:11:42.836+0000] {logging_mixin.py:150} INFO - [2025-06-18T02:11:42.835+0000] {dagbag.py:541} INFO - Filling up the DagBag from /opt/airflow/dags/idx_pipeline_dag.py
[2025-06-18T02:11:42.916+0000] {logging_mixin.py:150} INFO - Host output path: C:\Users\Safira Aliyah Azmi\Downloads\bigdata\output
[2025-06-18T02:11:42.945+0000] {processor.py:836} INFO - DAG(s) dict_keys(['idx_pipeline']) retrieved from /opt/airflow/dags/idx_pipeline_dag.py
[2025-06-18T02:11:43.458+0000] {logging_mixin.py:150} INFO - [2025-06-18T02:11:43.458+0000] {dag.py:2742} INFO - Sync 1 DAGs
[2025-06-18T02:11:43.524+0000] {logging_mixin.py:150} INFO - [2025-06-18T02:11:43.524+0000] {dag.py:3508} INFO - Setting next_dagrun for idx_pipeline to 2025-06-01T00:00:00+00:00, run_after=2025-07-01T00:00:00+00:00
[2025-06-18T02:11:43.571+0000] {processor.py:179} INFO - Processing /opt/airflow/dags/idx_pipeline_dag.py took 0.746 seconds
[2025-06-18T02:12:13.881+0000] {processor.py:157} INFO - Started process (PID=240) to work on /opt/airflow/dags/idx_pipeline_dag.py
[2025-06-18T02:12:13.883+0000] {processor.py:826} INFO - Processing file /opt/airflow/dags/idx_pipeline_dag.py for tasks to queue
[2025-06-18T02:12:13.885+0000] {logging_mixin.py:150} INFO - [2025-06-18T02:12:13.885+0000] {dagbag.py:541} INFO - Filling up the DagBag from /opt/airflow/dags/idx_pipeline_dag.py
[2025-06-18T02:12:13.967+0000] {logging_mixin.py:150} INFO - Host output path: C:\Users\Safira Aliyah Azmi\Downloads\bigdata\output
[2025-06-18T02:12:14.234+0000] {processor.py:836} INFO - DAG(s) dict_keys(['idx_pipeline']) retrieved from /opt/airflow/dags/idx_pipeline_dag.py
[2025-06-18T02:12:14.548+0000] {logging_mixin.py:150} INFO - [2025-06-18T02:12:14.548+0000] {dag.py:2742} INFO - Sync 1 DAGs
[2025-06-18T02:12:14.610+0000] {logging_mixin.py:150} INFO - [2025-06-18T02:12:14.610+0000] {dag.py:3508} INFO - Setting next_dagrun for idx_pipeline to 2025-06-01T00:00:00+00:00, run_after=2025-07-01T00:00:00+00:00
[2025-06-18T02:12:14.684+0000] {processor.py:179} INFO - Processing /opt/airflow/dags/idx_pipeline_dag.py took 0.809 seconds
[2025-06-18T02:12:44.872+0000] {processor.py:157} INFO - Started process (PID=272) to work on /opt/airflow/dags/idx_pipeline_dag.py
[2025-06-18T02:12:44.874+0000] {processor.py:826} INFO - Processing file /opt/airflow/dags/idx_pipeline_dag.py for tasks to queue
[2025-06-18T02:12:44.876+0000] {logging_mixin.py:150} INFO - [2025-06-18T02:12:44.875+0000] {dagbag.py:541} INFO - Filling up the DagBag from /opt/airflow/dags/idx_pipeline_dag.py
[2025-06-18T02:12:45.167+0000] {logging_mixin.py:150} INFO - Host output path: C:\Users\Safira Aliyah Azmi\Downloads\bigdata\output
[2025-06-18T02:12:45.193+0000] {processor.py:836} INFO - DAG(s) dict_keys(['idx_pipeline']) retrieved from /opt/airflow/dags/idx_pipeline_dag.py
[2025-06-18T02:12:45.509+0000] {logging_mixin.py:150} INFO - [2025-06-18T02:12:45.509+0000] {dag.py:2742} INFO - Sync 1 DAGs
[2025-06-18T02:12:45.570+0000] {logging_mixin.py:150} INFO - [2025-06-18T02:12:45.570+0000] {dag.py:3508} INFO - Setting next_dagrun for idx_pipeline to 2025-06-01T00:00:00+00:00, run_after=2025-07-01T00:00:00+00:00
[2025-06-18T02:12:45.638+0000] {processor.py:179} INFO - Processing /opt/airflow/dags/idx_pipeline_dag.py took 0.773 seconds
[2025-06-18T02:13:15.795+0000] {processor.py:157} INFO - Started process (PID=294) to work on /opt/airflow/dags/idx_pipeline_dag.py
[2025-06-18T02:13:15.797+0000] {processor.py:826} INFO - Processing file /opt/airflow/dags/idx_pipeline_dag.py for tasks to queue
[2025-06-18T02:13:15.799+0000] {logging_mixin.py:150} INFO - [2025-06-18T02:13:15.798+0000] {dagbag.py:541} INFO - Filling up the DagBag from /opt/airflow/dags/idx_pipeline_dag.py
[2025-06-18T02:13:15.873+0000] {logging_mixin.py:150} INFO - Host output path: C:\Users\Safira Aliyah Azmi\Downloads\bigdata\output
[2025-06-18T02:13:15.914+0000] {processor.py:836} INFO - DAG(s) dict_keys(['idx_pipeline']) retrieved from /opt/airflow/dags/idx_pipeline_dag.py
[2025-06-18T02:13:16.272+0000] {logging_mixin.py:150} INFO - [2025-06-18T02:13:16.272+0000] {dag.py:2742} INFO - Sync 1 DAGs
[2025-06-18T02:13:16.345+0000] {logging_mixin.py:150} INFO - [2025-06-18T02:13:16.345+0000] {dag.py:3508} INFO - Setting next_dagrun for idx_pipeline to 2025-06-01T00:00:00+00:00, run_after=2025-07-01T00:00:00+00:00
[2025-06-18T02:13:16.404+0000] {processor.py:179} INFO - Processing /opt/airflow/dags/idx_pipeline_dag.py took 0.615 seconds
[2025-06-18T02:13:46.915+0000] {processor.py:157} INFO - Started process (PID=314) to work on /opt/airflow/dags/idx_pipeline_dag.py
[2025-06-18T02:13:46.916+0000] {processor.py:826} INFO - Processing file /opt/airflow/dags/idx_pipeline_dag.py for tasks to queue
[2025-06-18T02:13:46.918+0000] {logging_mixin.py:150} INFO - [2025-06-18T02:13:46.918+0000] {dagbag.py:541} INFO - Filling up the DagBag from /opt/airflow/dags/idx_pipeline_dag.py
[2025-06-18T02:13:47.002+0000] {logging_mixin.py:150} INFO - Host output path: C:\Users\Safira Aliyah Azmi\Downloads\bigdata\output
[2025-06-18T02:13:47.035+0000] {processor.py:836} INFO - DAG(s) dict_keys(['idx_pipeline']) retrieved from /opt/airflow/dags/idx_pipeline_dag.py
[2025-06-18T02:13:47.341+0000] {logging_mixin.py:150} INFO - [2025-06-18T02:13:47.340+0000] {dag.py:2742} INFO - Sync 1 DAGs
[2025-06-18T02:13:47.403+0000] {logging_mixin.py:150} INFO - [2025-06-18T02:13:47.402+0000] {dag.py:3508} INFO - Setting next_dagrun for idx_pipeline to 2025-06-01T00:00:00+00:00, run_after=2025-07-01T00:00:00+00:00
[2025-06-18T02:13:47.471+0000] {processor.py:179} INFO - Processing /opt/airflow/dags/idx_pipeline_dag.py took 0.562 seconds
[2025-06-18T02:14:17.713+0000] {processor.py:157} INFO - Started process (PID=334) to work on /opt/airflow/dags/idx_pipeline_dag.py
[2025-06-18T02:14:17.715+0000] {processor.py:826} INFO - Processing file /opt/airflow/dags/idx_pipeline_dag.py for tasks to queue
[2025-06-18T02:14:17.717+0000] {logging_mixin.py:150} INFO - [2025-06-18T02:14:17.717+0000] {dagbag.py:541} INFO - Filling up the DagBag from /opt/airflow/dags/idx_pipeline_dag.py
[2025-06-18T02:14:17.799+0000] {logging_mixin.py:150} INFO - Host output path: C:\Users\Safira Aliyah Azmi\Downloads\bigdata\output
[2025-06-18T02:14:17.828+0000] {processor.py:836} INFO - DAG(s) dict_keys(['idx_pipeline']) retrieved from /opt/airflow/dags/idx_pipeline_dag.py
[2025-06-18T02:14:18.137+0000] {logging_mixin.py:150} INFO - [2025-06-18T02:14:18.136+0000] {dag.py:2742} INFO - Sync 1 DAGs
[2025-06-18T02:14:18.203+0000] {logging_mixin.py:150} INFO - [2025-06-18T02:14:18.203+0000] {dag.py:3508} INFO - Setting next_dagrun for idx_pipeline to 2025-06-01T00:00:00+00:00, run_after=2025-07-01T00:00:00+00:00
[2025-06-18T02:14:18.263+0000] {processor.py:179} INFO - Processing /opt/airflow/dags/idx_pipeline_dag.py took 0.557 seconds
[2025-06-18T02:14:48.458+0000] {processor.py:157} INFO - Started process (PID=354) to work on /opt/airflow/dags/idx_pipeline_dag.py
[2025-06-18T02:14:48.459+0000] {processor.py:826} INFO - Processing file /opt/airflow/dags/idx_pipeline_dag.py for tasks to queue
[2025-06-18T02:14:48.462+0000] {logging_mixin.py:150} INFO - [2025-06-18T02:14:48.461+0000] {dagbag.py:541} INFO - Filling up the DagBag from /opt/airflow/dags/idx_pipeline_dag.py
[2025-06-18T02:14:48.654+0000] {logging_mixin.py:150} INFO - Host output path: C:\Users\Safira Aliyah Azmi\Downloads\bigdata\output
[2025-06-18T02:14:48.695+0000] {processor.py:836} INFO - DAG(s) dict_keys(['idx_pipeline']) retrieved from /opt/airflow/dags/idx_pipeline_dag.py
[2025-06-18T02:14:48.970+0000] {logging_mixin.py:150} INFO - [2025-06-18T02:14:48.969+0000] {dag.py:2742} INFO - Sync 1 DAGs
[2025-06-18T02:14:49.027+0000] {logging_mixin.py:150} INFO - [2025-06-18T02:14:49.027+0000] {dag.py:3508} INFO - Setting next_dagrun for idx_pipeline to 2025-06-01T00:00:00+00:00, run_after=2025-07-01T00:00:00+00:00
[2025-06-18T02:14:49.076+0000] {processor.py:179} INFO - Processing /opt/airflow/dags/idx_pipeline_dag.py took 0.625 seconds
[2025-06-18T02:15:19.896+0000] {processor.py:157} INFO - Started process (PID=374) to work on /opt/airflow/dags/idx_pipeline_dag.py
[2025-06-18T02:15:19.898+0000] {processor.py:826} INFO - Processing file /opt/airflow/dags/idx_pipeline_dag.py for tasks to queue
[2025-06-18T02:15:19.900+0000] {logging_mixin.py:150} INFO - [2025-06-18T02:15:19.899+0000] {dagbag.py:541} INFO - Filling up the DagBag from /opt/airflow/dags/idx_pipeline_dag.py
[2025-06-18T02:15:19.985+0000] {logging_mixin.py:150} INFO - Host output path: C:\Users\Safira Aliyah Azmi\Downloads\bigdata\output
[2025-06-18T02:15:20.011+0000] {processor.py:836} INFO - DAG(s) dict_keys(['idx_pipeline']) retrieved from /opt/airflow/dags/idx_pipeline_dag.py
[2025-06-18T02:15:20.284+0000] {logging_mixin.py:150} INFO - [2025-06-18T02:15:20.284+0000] {dag.py:2742} INFO - Sync 1 DAGs
[2025-06-18T02:15:20.357+0000] {logging_mixin.py:150} INFO - [2025-06-18T02:15:20.357+0000] {dag.py:3508} INFO - Setting next_dagrun for idx_pipeline to 2025-06-01T00:00:00+00:00, run_after=2025-07-01T00:00:00+00:00
[2025-06-18T02:15:20.422+0000] {processor.py:179} INFO - Processing /opt/airflow/dags/idx_pipeline_dag.py took 0.532 seconds
[2025-06-18T02:15:50.657+0000] {processor.py:157} INFO - Started process (PID=394) to work on /opt/airflow/dags/idx_pipeline_dag.py
[2025-06-18T02:15:50.659+0000] {processor.py:826} INFO - Processing file /opt/airflow/dags/idx_pipeline_dag.py for tasks to queue
[2025-06-18T02:15:50.661+0000] {logging_mixin.py:150} INFO - [2025-06-18T02:15:50.661+0000] {dagbag.py:541} INFO - Filling up the DagBag from /opt/airflow/dags/idx_pipeline_dag.py
[2025-06-18T02:15:50.746+0000] {logging_mixin.py:150} INFO - Host output path: C:\Users\Safira Aliyah Azmi\Downloads\bigdata\output
[2025-06-18T02:15:50.776+0000] {processor.py:836} INFO - DAG(s) dict_keys(['idx_pipeline']) retrieved from /opt/airflow/dags/idx_pipeline_dag.py
[2025-06-18T02:15:51.053+0000] {logging_mixin.py:150} INFO - [2025-06-18T02:15:51.052+0000] {dag.py:2742} INFO - Sync 1 DAGs
[2025-06-18T02:15:51.108+0000] {logging_mixin.py:150} INFO - [2025-06-18T02:15:51.108+0000] {dag.py:3508} INFO - Setting next_dagrun for idx_pipeline to 2025-06-01T00:00:00+00:00, run_after=2025-07-01T00:00:00+00:00
[2025-06-18T02:15:51.166+0000] {processor.py:179} INFO - Processing /opt/airflow/dags/idx_pipeline_dag.py took 0.516 seconds
[2025-06-18T02:16:21.345+0000] {processor.py:157} INFO - Started process (PID=414) to work on /opt/airflow/dags/idx_pipeline_dag.py
[2025-06-18T02:16:21.347+0000] {processor.py:826} INFO - Processing file /opt/airflow/dags/idx_pipeline_dag.py for tasks to queue
[2025-06-18T02:16:21.349+0000] {logging_mixin.py:150} INFO - [2025-06-18T02:16:21.349+0000] {dagbag.py:541} INFO - Filling up the DagBag from /opt/airflow/dags/idx_pipeline_dag.py
[2025-06-18T02:16:21.433+0000] {logging_mixin.py:150} INFO - Host output path: C:\Users\Safira Aliyah Azmi\Downloads\bigdata\output
[2025-06-18T02:16:21.468+0000] {processor.py:836} INFO - DAG(s) dict_keys(['idx_pipeline']) retrieved from /opt/airflow/dags/idx_pipeline_dag.py
[2025-06-18T02:16:21.821+0000] {logging_mixin.py:150} INFO - [2025-06-18T02:16:21.821+0000] {dag.py:2742} INFO - Sync 1 DAGs
[2025-06-18T02:16:21.881+0000] {logging_mixin.py:150} INFO - [2025-06-18T02:16:21.881+0000] {dag.py:3508} INFO - Setting next_dagrun for idx_pipeline to 2025-06-01T00:00:00+00:00, run_after=2025-07-01T00:00:00+00:00
[2025-06-18T02:16:21.933+0000] {processor.py:179} INFO - Processing /opt/airflow/dags/idx_pipeline_dag.py took 0.595 seconds
[2025-06-18T02:16:40.317+0000] {processor.py:157} INFO - Started process (PID=419) to work on /opt/airflow/dags/idx_pipeline_dag.py
[2025-06-18T02:16:40.319+0000] {processor.py:826} INFO - Processing file /opt/airflow/dags/idx_pipeline_dag.py for tasks to queue
[2025-06-18T02:16:40.321+0000] {logging_mixin.py:150} INFO - [2025-06-18T02:16:40.320+0000] {dagbag.py:541} INFO - Filling up the DagBag from /opt/airflow/dags/idx_pipeline_dag.py
[2025-06-18T02:16:40.486+0000] {logging_mixin.py:150} INFO - Host output path: C:\Users\Safira Aliyah Azmi\Downloads\bigdata\output
[2025-06-18T02:16:40.513+0000] {processor.py:836} INFO - DAG(s) dict_keys(['idx_pipeline']) retrieved from /opt/airflow/dags/idx_pipeline_dag.py
[2025-06-18T02:16:40.544+0000] {logging_mixin.py:150} INFO - [2025-06-18T02:16:40.544+0000] {dag.py:2742} INFO - Sync 1 DAGs
[2025-06-18T02:16:40.605+0000] {logging_mixin.py:150} INFO - [2025-06-18T02:16:40.604+0000] {dag.py:3508} INFO - Setting next_dagrun for idx_pipeline to 2025-06-01T00:00:00+00:00, run_after=2025-07-01T00:00:00+00:00
[2025-06-18T02:16:40.660+0000] {processor.py:179} INFO - Processing /opt/airflow/dags/idx_pipeline_dag.py took 0.349 seconds
[2025-06-18T02:17:10.819+0000] {processor.py:157} INFO - Started process (PID=439) to work on /opt/airflow/dags/idx_pipeline_dag.py
[2025-06-18T02:17:10.820+0000] {processor.py:826} INFO - Processing file /opt/airflow/dags/idx_pipeline_dag.py for tasks to queue
[2025-06-18T02:17:10.823+0000] {logging_mixin.py:150} INFO - [2025-06-18T02:17:10.822+0000] {dagbag.py:541} INFO - Filling up the DagBag from /opt/airflow/dags/idx_pipeline_dag.py
[2025-06-18T02:17:10.910+0000] {logging_mixin.py:150} INFO - Host output path: C:\Users\Safira Aliyah Azmi\Downloads\bigdata\output
[2025-06-18T02:17:10.941+0000] {processor.py:836} INFO - DAG(s) dict_keys(['idx_pipeline']) retrieved from /opt/airflow/dags/idx_pipeline_dag.py
[2025-06-18T02:17:11.228+0000] {logging_mixin.py:150} INFO - [2025-06-18T02:17:11.227+0000] {dag.py:2742} INFO - Sync 1 DAGs
[2025-06-18T02:17:11.286+0000] {logging_mixin.py:150} INFO - [2025-06-18T02:17:11.286+0000] {dag.py:3508} INFO - Setting next_dagrun for idx_pipeline to 2025-06-01T00:00:00+00:00, run_after=2025-07-01T00:00:00+00:00
[2025-06-18T02:17:11.342+0000] {processor.py:179} INFO - Processing /opt/airflow/dags/idx_pipeline_dag.py took 0.531 seconds
[2025-06-18T02:17:42.023+0000] {processor.py:157} INFO - Started process (PID=459) to work on /opt/airflow/dags/idx_pipeline_dag.py
[2025-06-18T02:17:42.025+0000] {processor.py:826} INFO - Processing file /opt/airflow/dags/idx_pipeline_dag.py for tasks to queue
[2025-06-18T02:17:42.027+0000] {logging_mixin.py:150} INFO - [2025-06-18T02:17:42.027+0000] {dagbag.py:541} INFO - Filling up the DagBag from /opt/airflow/dags/idx_pipeline_dag.py
[2025-06-18T02:17:42.116+0000] {logging_mixin.py:150} INFO - Host output path: C:\Users\Safira Aliyah Azmi\Downloads\bigdata\output
[2025-06-18T02:17:42.149+0000] {processor.py:836} INFO - DAG(s) dict_keys(['idx_pipeline']) retrieved from /opt/airflow/dags/idx_pipeline_dag.py
[2025-06-18T02:17:42.442+0000] {logging_mixin.py:150} INFO - [2025-06-18T02:17:42.441+0000] {dag.py:2742} INFO - Sync 1 DAGs
[2025-06-18T02:17:42.508+0000] {logging_mixin.py:150} INFO - [2025-06-18T02:17:42.508+0000] {dag.py:3508} INFO - Setting next_dagrun for idx_pipeline to 2025-06-01T00:00:00+00:00, run_after=2025-07-01T00:00:00+00:00
[2025-06-18T02:17:42.565+0000] {processor.py:179} INFO - Processing /opt/airflow/dags/idx_pipeline_dag.py took 0.549 seconds
[2025-06-18T02:18:12.726+0000] {processor.py:157} INFO - Started process (PID=479) to work on /opt/airflow/dags/idx_pipeline_dag.py
[2025-06-18T02:18:12.728+0000] {processor.py:826} INFO - Processing file /opt/airflow/dags/idx_pipeline_dag.py for tasks to queue
[2025-06-18T02:18:12.730+0000] {logging_mixin.py:150} INFO - [2025-06-18T02:18:12.729+0000] {dagbag.py:541} INFO - Filling up the DagBag from /opt/airflow/dags/idx_pipeline_dag.py
[2025-06-18T02:18:12.818+0000] {logging_mixin.py:150} INFO - Host output path: C:\Users\Safira Aliyah Azmi\Downloads\bigdata\output
[2025-06-18T02:18:12.847+0000] {processor.py:836} INFO - DAG(s) dict_keys(['idx_pipeline']) retrieved from /opt/airflow/dags/idx_pipeline_dag.py
[2025-06-18T02:18:13.129+0000] {logging_mixin.py:150} INFO - [2025-06-18T02:18:13.129+0000] {dag.py:2742} INFO - Sync 1 DAGs
[2025-06-18T02:18:13.188+0000] {logging_mixin.py:150} INFO - [2025-06-18T02:18:13.188+0000] {dag.py:3508} INFO - Setting next_dagrun for idx_pipeline to 2025-06-01T00:00:00+00:00, run_after=2025-07-01T00:00:00+00:00
[2025-06-18T02:18:13.237+0000] {processor.py:179} INFO - Processing /opt/airflow/dags/idx_pipeline_dag.py took 0.518 seconds
[2025-06-18T02:18:43.440+0000] {processor.py:157} INFO - Started process (PID=499) to work on /opt/airflow/dags/idx_pipeline_dag.py
[2025-06-18T02:18:43.443+0000] {processor.py:826} INFO - Processing file /opt/airflow/dags/idx_pipeline_dag.py for tasks to queue
[2025-06-18T02:18:43.447+0000] {logging_mixin.py:150} INFO - [2025-06-18T02:18:43.446+0000] {dagbag.py:541} INFO - Filling up the DagBag from /opt/airflow/dags/idx_pipeline_dag.py
[2025-06-18T02:18:43.533+0000] {logging_mixin.py:150} INFO - Host output path: C:\Users\Safira Aliyah Azmi\Downloads\bigdata\output
[2025-06-18T02:18:43.570+0000] {processor.py:836} INFO - DAG(s) dict_keys(['idx_pipeline']) retrieved from /opt/airflow/dags/idx_pipeline_dag.py
[2025-06-18T02:18:43.869+0000] {logging_mixin.py:150} INFO - [2025-06-18T02:18:43.869+0000] {dag.py:2742} INFO - Sync 1 DAGs
[2025-06-18T02:18:43.928+0000] {logging_mixin.py:150} INFO - [2025-06-18T02:18:43.928+0000] {dag.py:3508} INFO - Setting next_dagrun for idx_pipeline to 2025-06-01T00:00:00+00:00, run_after=2025-07-01T00:00:00+00:00
[2025-06-18T02:18:43.989+0000] {processor.py:179} INFO - Processing /opt/airflow/dags/idx_pipeline_dag.py took 0.567 seconds
[2025-06-18T02:19:14.132+0000] {processor.py:157} INFO - Started process (PID=519) to work on /opt/airflow/dags/idx_pipeline_dag.py
[2025-06-18T02:19:14.134+0000] {processor.py:826} INFO - Processing file /opt/airflow/dags/idx_pipeline_dag.py for tasks to queue
[2025-06-18T02:19:14.137+0000] {logging_mixin.py:150} INFO - [2025-06-18T02:19:14.137+0000] {dagbag.py:541} INFO - Filling up the DagBag from /opt/airflow/dags/idx_pipeline_dag.py
[2025-06-18T02:19:14.234+0000] {logging_mixin.py:150} INFO - Host output path: C:\Users\Safira Aliyah Azmi\Downloads\bigdata\output
[2025-06-18T02:19:14.268+0000] {processor.py:836} INFO - DAG(s) dict_keys(['idx_pipeline']) retrieved from /opt/airflow/dags/idx_pipeline_dag.py
[2025-06-18T02:19:14.585+0000] {logging_mixin.py:150} INFO - [2025-06-18T02:19:14.584+0000] {dag.py:2742} INFO - Sync 1 DAGs
[2025-06-18T02:19:14.639+0000] {logging_mixin.py:150} INFO - [2025-06-18T02:19:14.639+0000] {dag.py:3508} INFO - Setting next_dagrun for idx_pipeline to 2025-06-01T00:00:00+00:00, run_after=2025-07-01T00:00:00+00:00
[2025-06-18T02:19:14.694+0000] {processor.py:179} INFO - Processing /opt/airflow/dags/idx_pipeline_dag.py took 0.570 seconds
[2025-06-18T02:19:44.897+0000] {processor.py:157} INFO - Started process (PID=539) to work on /opt/airflow/dags/idx_pipeline_dag.py
[2025-06-18T02:19:44.899+0000] {processor.py:826} INFO - Processing file /opt/airflow/dags/idx_pipeline_dag.py for tasks to queue
[2025-06-18T02:19:44.902+0000] {logging_mixin.py:150} INFO - [2025-06-18T02:19:44.901+0000] {dagbag.py:541} INFO - Filling up the DagBag from /opt/airflow/dags/idx_pipeline_dag.py
[2025-06-18T02:19:44.997+0000] {logging_mixin.py:150} INFO - Host output path: C:\Users\Safira Aliyah Azmi\Downloads\bigdata\output
[2025-06-18T02:19:45.033+0000] {processor.py:836} INFO - DAG(s) dict_keys(['idx_pipeline']) retrieved from /opt/airflow/dags/idx_pipeline_dag.py
[2025-06-18T02:19:45.316+0000] {logging_mixin.py:150} INFO - [2025-06-18T02:19:45.315+0000] {dag.py:2742} INFO - Sync 1 DAGs
[2025-06-18T02:19:45.424+0000] {logging_mixin.py:150} INFO - [2025-06-18T02:19:45.424+0000] {dag.py:3508} INFO - Setting next_dagrun for idx_pipeline to 2025-06-01T00:00:00+00:00, run_after=2025-07-01T00:00:00+00:00
[2025-06-18T02:19:45.491+0000] {processor.py:179} INFO - Processing /opt/airflow/dags/idx_pipeline_dag.py took 0.602 seconds
[2025-06-18T02:20:15.914+0000] {processor.py:157} INFO - Started process (PID=559) to work on /opt/airflow/dags/idx_pipeline_dag.py
[2025-06-18T02:20:15.916+0000] {processor.py:826} INFO - Processing file /opt/airflow/dags/idx_pipeline_dag.py for tasks to queue
[2025-06-18T02:20:15.918+0000] {logging_mixin.py:150} INFO - [2025-06-18T02:20:15.918+0000] {dagbag.py:541} INFO - Filling up the DagBag from /opt/airflow/dags/idx_pipeline_dag.py
[2025-06-18T02:20:15.995+0000] {logging_mixin.py:150} INFO - Host output path: C:\Users\Safira Aliyah Azmi\Downloads\bigdata\output
[2025-06-18T02:20:16.025+0000] {processor.py:836} INFO - DAG(s) dict_keys(['idx_pipeline']) retrieved from /opt/airflow/dags/idx_pipeline_dag.py
[2025-06-18T02:20:16.326+0000] {logging_mixin.py:150} INFO - [2025-06-18T02:20:16.325+0000] {dag.py:2742} INFO - Sync 1 DAGs
[2025-06-18T02:20:16.389+0000] {logging_mixin.py:150} INFO - [2025-06-18T02:20:16.386+0000] {dag.py:3508} INFO - Setting next_dagrun for idx_pipeline to 2025-06-01T00:00:00+00:00, run_after=2025-07-01T00:00:00+00:00
[2025-06-18T02:20:16.447+0000] {processor.py:179} INFO - Processing /opt/airflow/dags/idx_pipeline_dag.py took 0.541 seconds
[2025-06-18T02:20:47.105+0000] {processor.py:157} INFO - Started process (PID=579) to work on /opt/airflow/dags/idx_pipeline_dag.py
[2025-06-18T02:20:47.106+0000] {processor.py:826} INFO - Processing file /opt/airflow/dags/idx_pipeline_dag.py for tasks to queue
[2025-06-18T02:20:47.109+0000] {logging_mixin.py:150} INFO - [2025-06-18T02:20:47.108+0000] {dagbag.py:541} INFO - Filling up the DagBag from /opt/airflow/dags/idx_pipeline_dag.py
[2025-06-18T02:20:47.187+0000] {logging_mixin.py:150} INFO - Host output path: C:\Users\Safira Aliyah Azmi\Downloads\bigdata\output
[2025-06-18T02:20:47.219+0000] {processor.py:836} INFO - DAG(s) dict_keys(['idx_pipeline']) retrieved from /opt/airflow/dags/idx_pipeline_dag.py
[2025-06-18T02:20:47.549+0000] {logging_mixin.py:150} INFO - [2025-06-18T02:20:47.548+0000] {dag.py:2742} INFO - Sync 1 DAGs
[2025-06-18T02:20:47.604+0000] {logging_mixin.py:150} INFO - [2025-06-18T02:20:47.604+0000] {dag.py:3508} INFO - Setting next_dagrun for idx_pipeline to 2025-06-01T00:00:00+00:00, run_after=2025-07-01T00:00:00+00:00
[2025-06-18T02:20:47.666+0000] {processor.py:179} INFO - Processing /opt/airflow/dags/idx_pipeline_dag.py took 0.567 seconds
