[2025-06-18T02:10:09.459+0000] {processor.py:157} INFO - Started process (PID=156) to work on /opt/airflow/dags/yfinance_pipeline_dag.py
[2025-06-18T02:10:09.460+0000] {processor.py:826} INFO - Processing file /opt/airflow/dags/yfinance_pipeline_dag.py for tasks to queue
[2025-06-18T02:10:09.463+0000] {logging_mixin.py:150} INFO - [2025-06-18T02:10:09.462+0000] {dagbag.py:541} INFO - Filling up the DagBag from /opt/airflow/dags/yfinance_pipeline_dag.py
[2025-06-18T02:10:09.541+0000] {logging_mixin.py:150} INFO - Host output path: C:\Users\Safira Aliyah Azmi\Downloads\bigdata\output
[2025-06-18T02:10:09.587+0000] {processor.py:836} INFO - DAG(s) dict_keys(['yfinance_pipeline']) retrieved from /opt/airflow/dags/yfinance_pipeline_dag.py
[2025-06-18T02:10:09.716+0000] {logging_mixin.py:150} INFO - [2025-06-18T02:10:09.716+0000] {dag.py:2742} INFO - Sync 1 DAGs
[2025-06-18T02:10:09.855+0000] {processor.py:179} INFO - Processing /opt/airflow/dags/yfinance_pipeline_dag.py took 0.403 seconds
[2025-06-18T02:10:40.127+0000] {processor.py:157} INFO - Started process (PID=173) to work on /opt/airflow/dags/yfinance_pipeline_dag.py
[2025-06-18T02:10:40.128+0000] {processor.py:826} INFO - Processing file /opt/airflow/dags/yfinance_pipeline_dag.py for tasks to queue
[2025-06-18T02:10:40.130+0000] {logging_mixin.py:150} INFO - [2025-06-18T02:10:40.130+0000] {dagbag.py:541} INFO - Filling up the DagBag from /opt/airflow/dags/yfinance_pipeline_dag.py
[2025-06-18T02:10:40.279+0000] {logging_mixin.py:150} INFO - Host output path: C:\Users\Safira Aliyah Azmi\Downloads\bigdata\output
[2025-06-18T02:10:40.299+0000] {processor.py:836} INFO - DAG(s) dict_keys(['yfinance_pipeline']) retrieved from /opt/airflow/dags/yfinance_pipeline_dag.py
[2025-06-18T02:10:40.327+0000] {logging_mixin.py:150} INFO - [2025-06-18T02:10:40.326+0000] {dag.py:2742} INFO - Sync 1 DAGs
[2025-06-18T02:10:40.450+0000] {processor.py:179} INFO - Processing /opt/airflow/dags/yfinance_pipeline_dag.py took 0.329 seconds
[2025-06-18T02:11:11.276+0000] {processor.py:157} INFO - Started process (PID=193) to work on /opt/airflow/dags/yfinance_pipeline_dag.py
[2025-06-18T02:11:11.281+0000] {processor.py:826} INFO - Processing file /opt/airflow/dags/yfinance_pipeline_dag.py for tasks to queue
[2025-06-18T02:11:11.284+0000] {logging_mixin.py:150} INFO - [2025-06-18T02:11:11.283+0000] {dagbag.py:541} INFO - Filling up the DagBag from /opt/airflow/dags/yfinance_pipeline_dag.py
[2025-06-18T02:11:11.372+0000] {logging_mixin.py:150} INFO - Host output path: C:\Users\Safira Aliyah Azmi\Downloads\bigdata\output
[2025-06-18T02:11:11.400+0000] {processor.py:836} INFO - DAG(s) dict_keys(['yfinance_pipeline']) retrieved from /opt/airflow/dags/yfinance_pipeline_dag.py
[2025-06-18T02:11:11.473+0000] {logging_mixin.py:150} INFO - [2025-06-18T02:11:11.472+0000] {dag.py:2742} INFO - Sync 1 DAGs
[2025-06-18T02:11:11.839+0000] {processor.py:179} INFO - Processing /opt/airflow/dags/yfinance_pipeline_dag.py took 0.576 seconds
[2025-06-18T02:11:42.207+0000] {processor.py:157} INFO - Started process (PID=213) to work on /opt/airflow/dags/yfinance_pipeline_dag.py
[2025-06-18T02:11:42.209+0000] {processor.py:826} INFO - Processing file /opt/airflow/dags/yfinance_pipeline_dag.py for tasks to queue
[2025-06-18T02:11:42.211+0000] {logging_mixin.py:150} INFO - [2025-06-18T02:11:42.211+0000] {dagbag.py:541} INFO - Filling up the DagBag from /opt/airflow/dags/yfinance_pipeline_dag.py
[2025-06-18T02:11:42.303+0000] {logging_mixin.py:150} INFO - Host output path: C:\Users\Safira Aliyah Azmi\Downloads\bigdata\output
[2025-06-18T02:11:42.330+0000] {processor.py:836} INFO - DAG(s) dict_keys(['yfinance_pipeline']) retrieved from /opt/airflow/dags/yfinance_pipeline_dag.py
[2025-06-18T02:11:42.628+0000] {logging_mixin.py:150} INFO - [2025-06-18T02:11:42.628+0000] {dag.py:2742} INFO - Sync 1 DAGs
[2025-06-18T02:11:42.731+0000] {processor.py:179} INFO - Processing /opt/airflow/dags/yfinance_pipeline_dag.py took 0.529 seconds
[2025-06-18T02:12:13.040+0000] {processor.py:157} INFO - Started process (PID=235) to work on /opt/airflow/dags/yfinance_pipeline_dag.py
[2025-06-18T02:12:13.053+0000] {processor.py:826} INFO - Processing file /opt/airflow/dags/yfinance_pipeline_dag.py for tasks to queue
[2025-06-18T02:12:13.068+0000] {logging_mixin.py:150} INFO - [2025-06-18T02:12:13.068+0000] {dagbag.py:541} INFO - Filling up the DagBag from /opt/airflow/dags/yfinance_pipeline_dag.py
[2025-06-18T02:12:13.275+0000] {logging_mixin.py:150} INFO - Host output path: C:\Users\Safira Aliyah Azmi\Downloads\bigdata\output
[2025-06-18T02:12:13.325+0000] {processor.py:836} INFO - DAG(s) dict_keys(['yfinance_pipeline']) retrieved from /opt/airflow/dags/yfinance_pipeline_dag.py
[2025-06-18T02:12:13.663+0000] {logging_mixin.py:150} INFO - [2025-06-18T02:12:13.663+0000] {dag.py:2742} INFO - Sync 1 DAGs
[2025-06-18T02:12:13.787+0000] {processor.py:179} INFO - Processing /opt/airflow/dags/yfinance_pipeline_dag.py took 0.765 seconds
[2025-06-18T02:12:44.086+0000] {processor.py:157} INFO - Started process (PID=259) to work on /opt/airflow/dags/yfinance_pipeline_dag.py
[2025-06-18T02:12:44.087+0000] {processor.py:826} INFO - Processing file /opt/airflow/dags/yfinance_pipeline_dag.py for tasks to queue
[2025-06-18T02:12:44.089+0000] {logging_mixin.py:150} INFO - [2025-06-18T02:12:44.089+0000] {dagbag.py:541} INFO - Filling up the DagBag from /opt/airflow/dags/yfinance_pipeline_dag.py
[2025-06-18T02:12:44.379+0000] {logging_mixin.py:150} INFO - Host output path: C:\Users\Safira Aliyah Azmi\Downloads\bigdata\output
[2025-06-18T02:12:44.403+0000] {processor.py:836} INFO - DAG(s) dict_keys(['yfinance_pipeline']) retrieved from /opt/airflow/dags/yfinance_pipeline_dag.py
[2025-06-18T02:12:44.465+0000] {logging_mixin.py:150} INFO - [2025-06-18T02:12:44.464+0000] {dag.py:2742} INFO - Sync 1 DAGs
[2025-06-18T02:12:44.581+0000] {processor.py:179} INFO - Processing /opt/airflow/dags/yfinance_pipeline_dag.py took 0.502 seconds
[2025-06-18T02:13:14.716+0000] {processor.py:157} INFO - Started process (PID=279) to work on /opt/airflow/dags/yfinance_pipeline_dag.py
[2025-06-18T02:13:14.718+0000] {processor.py:826} INFO - Processing file /opt/airflow/dags/yfinance_pipeline_dag.py for tasks to queue
[2025-06-18T02:13:14.721+0000] {logging_mixin.py:150} INFO - [2025-06-18T02:13:14.720+0000] {dagbag.py:541} INFO - Filling up the DagBag from /opt/airflow/dags/yfinance_pipeline_dag.py
[2025-06-18T02:13:14.810+0000] {logging_mixin.py:150} INFO - Host output path: C:\Users\Safira Aliyah Azmi\Downloads\bigdata\output
[2025-06-18T02:13:14.839+0000] {processor.py:836} INFO - DAG(s) dict_keys(['yfinance_pipeline']) retrieved from /opt/airflow/dags/yfinance_pipeline_dag.py
[2025-06-18T02:13:14.920+0000] {logging_mixin.py:150} INFO - [2025-06-18T02:13:14.920+0000] {dag.py:2742} INFO - Sync 1 DAGs
[2025-06-18T02:13:15.052+0000] {processor.py:179} INFO - Processing /opt/airflow/dags/yfinance_pipeline_dag.py took 0.346 seconds
[2025-06-18T02:13:45.810+0000] {processor.py:157} INFO - Started process (PID=299) to work on /opt/airflow/dags/yfinance_pipeline_dag.py
[2025-06-18T02:13:45.811+0000] {processor.py:826} INFO - Processing file /opt/airflow/dags/yfinance_pipeline_dag.py for tasks to queue
[2025-06-18T02:13:45.814+0000] {logging_mixin.py:150} INFO - [2025-06-18T02:13:45.813+0000] {dagbag.py:541} INFO - Filling up the DagBag from /opt/airflow/dags/yfinance_pipeline_dag.py
[2025-06-18T02:13:45.906+0000] {logging_mixin.py:150} INFO - Host output path: C:\Users\Safira Aliyah Azmi\Downloads\bigdata\output
[2025-06-18T02:13:45.941+0000] {processor.py:836} INFO - DAG(s) dict_keys(['yfinance_pipeline']) retrieved from /opt/airflow/dags/yfinance_pipeline_dag.py
[2025-06-18T02:13:46.017+0000] {logging_mixin.py:150} INFO - [2025-06-18T02:13:46.017+0000] {dag.py:2742} INFO - Sync 1 DAGs
[2025-06-18T02:13:46.658+0000] {processor.py:179} INFO - Processing /opt/airflow/dags/yfinance_pipeline_dag.py took 0.857 seconds
[2025-06-18T02:14:17.075+0000] {processor.py:157} INFO - Started process (PID=319) to work on /opt/airflow/dags/yfinance_pipeline_dag.py
[2025-06-18T02:14:17.076+0000] {processor.py:826} INFO - Processing file /opt/airflow/dags/yfinance_pipeline_dag.py for tasks to queue
[2025-06-18T02:14:17.079+0000] {logging_mixin.py:150} INFO - [2025-06-18T02:14:17.078+0000] {dagbag.py:541} INFO - Filling up the DagBag from /opt/airflow/dags/yfinance_pipeline_dag.py
[2025-06-18T02:14:17.168+0000] {logging_mixin.py:150} INFO - Host output path: C:\Users\Safira Aliyah Azmi\Downloads\bigdata\output
[2025-06-18T02:14:17.203+0000] {processor.py:836} INFO - DAG(s) dict_keys(['yfinance_pipeline']) retrieved from /opt/airflow/dags/yfinance_pipeline_dag.py
[2025-06-18T02:14:17.312+0000] {logging_mixin.py:150} INFO - [2025-06-18T02:14:17.311+0000] {dag.py:2742} INFO - Sync 1 DAGs
[2025-06-18T02:14:17.448+0000] {processor.py:179} INFO - Processing /opt/airflow/dags/yfinance_pipeline_dag.py took 0.382 seconds
[2025-06-18T02:14:47.822+0000] {processor.py:157} INFO - Started process (PID=339) to work on /opt/airflow/dags/yfinance_pipeline_dag.py
[2025-06-18T02:14:47.824+0000] {processor.py:826} INFO - Processing file /opt/airflow/dags/yfinance_pipeline_dag.py for tasks to queue
[2025-06-18T02:14:47.827+0000] {logging_mixin.py:150} INFO - [2025-06-18T02:14:47.826+0000] {dagbag.py:541} INFO - Filling up the DagBag from /opt/airflow/dags/yfinance_pipeline_dag.py
[2025-06-18T02:14:47.922+0000] {logging_mixin.py:150} INFO - Host output path: C:\Users\Safira Aliyah Azmi\Downloads\bigdata\output
[2025-06-18T02:14:47.955+0000] {processor.py:836} INFO - DAG(s) dict_keys(['yfinance_pipeline']) retrieved from /opt/airflow/dags/yfinance_pipeline_dag.py
[2025-06-18T02:14:48.042+0000] {logging_mixin.py:150} INFO - [2025-06-18T02:14:48.041+0000] {dag.py:2742} INFO - Sync 1 DAGs
[2025-06-18T02:14:48.165+0000] {processor.py:179} INFO - Processing /opt/airflow/dags/yfinance_pipeline_dag.py took 0.351 seconds
[2025-06-18T02:15:18.281+0000] {processor.py:157} INFO - Started process (PID=359) to work on /opt/airflow/dags/yfinance_pipeline_dag.py
[2025-06-18T02:15:18.283+0000] {processor.py:826} INFO - Processing file /opt/airflow/dags/yfinance_pipeline_dag.py for tasks to queue
[2025-06-18T02:15:18.286+0000] {logging_mixin.py:150} INFO - [2025-06-18T02:15:18.285+0000] {dagbag.py:541} INFO - Filling up the DagBag from /opt/airflow/dags/yfinance_pipeline_dag.py
[2025-06-18T02:15:18.384+0000] {logging_mixin.py:150} INFO - Host output path: C:\Users\Safira Aliyah Azmi\Downloads\bigdata\output
[2025-06-18T02:15:18.415+0000] {processor.py:836} INFO - DAG(s) dict_keys(['yfinance_pipeline']) retrieved from /opt/airflow/dags/yfinance_pipeline_dag.py
[2025-06-18T02:15:18.493+0000] {logging_mixin.py:150} INFO - [2025-06-18T02:15:18.492+0000] {dag.py:2742} INFO - Sync 1 DAGs
[2025-06-18T02:15:18.611+0000] {processor.py:179} INFO - Processing /opt/airflow/dags/yfinance_pipeline_dag.py took 0.342 seconds
[2025-06-18T02:15:48.998+0000] {processor.py:157} INFO - Started process (PID=379) to work on /opt/airflow/dags/yfinance_pipeline_dag.py
[2025-06-18T02:15:49.000+0000] {processor.py:826} INFO - Processing file /opt/airflow/dags/yfinance_pipeline_dag.py for tasks to queue
[2025-06-18T02:15:49.003+0000] {logging_mixin.py:150} INFO - [2025-06-18T02:15:49.002+0000] {dagbag.py:541} INFO - Filling up the DagBag from /opt/airflow/dags/yfinance_pipeline_dag.py
[2025-06-18T02:15:49.091+0000] {logging_mixin.py:150} INFO - Host output path: C:\Users\Safira Aliyah Azmi\Downloads\bigdata\output
[2025-06-18T02:15:49.119+0000] {processor.py:836} INFO - DAG(s) dict_keys(['yfinance_pipeline']) retrieved from /opt/airflow/dags/yfinance_pipeline_dag.py
[2025-06-18T02:15:49.192+0000] {logging_mixin.py:150} INFO - [2025-06-18T02:15:49.191+0000] {dag.py:2742} INFO - Sync 1 DAGs
[2025-06-18T02:15:49.324+0000] {processor.py:179} INFO - Processing /opt/airflow/dags/yfinance_pipeline_dag.py took 0.335 seconds
[2025-06-18T02:16:19.731+0000] {processor.py:157} INFO - Started process (PID=399) to work on /opt/airflow/dags/yfinance_pipeline_dag.py
[2025-06-18T02:16:19.733+0000] {processor.py:826} INFO - Processing file /opt/airflow/dags/yfinance_pipeline_dag.py for tasks to queue
[2025-06-18T02:16:19.735+0000] {logging_mixin.py:150} INFO - [2025-06-18T02:16:19.735+0000] {dagbag.py:541} INFO - Filling up the DagBag from /opt/airflow/dags/yfinance_pipeline_dag.py
[2025-06-18T02:16:19.834+0000] {logging_mixin.py:150} INFO - Host output path: C:\Users\Safira Aliyah Azmi\Downloads\bigdata\output
[2025-06-18T02:16:19.867+0000] {processor.py:836} INFO - DAG(s) dict_keys(['yfinance_pipeline']) retrieved from /opt/airflow/dags/yfinance_pipeline_dag.py
[2025-06-18T02:16:19.938+0000] {logging_mixin.py:150} INFO - [2025-06-18T02:16:19.937+0000] {dag.py:2742} INFO - Sync 1 DAGs
[2025-06-18T02:16:20.057+0000] {processor.py:179} INFO - Processing /opt/airflow/dags/yfinance_pipeline_dag.py took 0.334 seconds
[2025-06-18T02:16:50.823+0000] {processor.py:157} INFO - Started process (PID=424) to work on /opt/airflow/dags/yfinance_pipeline_dag.py
[2025-06-18T02:16:50.824+0000] {processor.py:826} INFO - Processing file /opt/airflow/dags/yfinance_pipeline_dag.py for tasks to queue
[2025-06-18T02:16:50.827+0000] {logging_mixin.py:150} INFO - [2025-06-18T02:16:50.826+0000] {dagbag.py:541} INFO - Filling up the DagBag from /opt/airflow/dags/yfinance_pipeline_dag.py
[2025-06-18T02:16:50.909+0000] {logging_mixin.py:150} INFO - Host output path: C:\Users\Safira Aliyah Azmi\Downloads\bigdata\output
[2025-06-18T02:16:50.943+0000] {processor.py:836} INFO - DAG(s) dict_keys(['yfinance_pipeline']) retrieved from /opt/airflow/dags/yfinance_pipeline_dag.py
[2025-06-18T02:16:51.017+0000] {logging_mixin.py:150} INFO - [2025-06-18T02:16:51.017+0000] {dag.py:2742} INFO - Sync 1 DAGs
[2025-06-18T02:16:51.153+0000] {processor.py:179} INFO - Processing /opt/airflow/dags/yfinance_pipeline_dag.py took 0.337 seconds
[2025-06-18T02:17:21.607+0000] {processor.py:157} INFO - Started process (PID=444) to work on /opt/airflow/dags/yfinance_pipeline_dag.py
[2025-06-18T02:17:21.609+0000] {processor.py:826} INFO - Processing file /opt/airflow/dags/yfinance_pipeline_dag.py for tasks to queue
[2025-06-18T02:17:21.611+0000] {logging_mixin.py:150} INFO - [2025-06-18T02:17:21.611+0000] {dagbag.py:541} INFO - Filling up the DagBag from /opt/airflow/dags/yfinance_pipeline_dag.py
[2025-06-18T02:17:21.696+0000] {logging_mixin.py:150} INFO - Host output path: C:\Users\Safira Aliyah Azmi\Downloads\bigdata\output
[2025-06-18T02:17:21.722+0000] {processor.py:836} INFO - DAG(s) dict_keys(['yfinance_pipeline']) retrieved from /opt/airflow/dags/yfinance_pipeline_dag.py
[2025-06-18T02:17:21.795+0000] {logging_mixin.py:150} INFO - [2025-06-18T02:17:21.794+0000] {dag.py:2742} INFO - Sync 1 DAGs
[2025-06-18T02:17:21.914+0000] {processor.py:179} INFO - Processing /opt/airflow/dags/yfinance_pipeline_dag.py took 0.313 seconds
[2025-06-18T02:17:52.298+0000] {processor.py:157} INFO - Started process (PID=464) to work on /opt/airflow/dags/yfinance_pipeline_dag.py
[2025-06-18T02:17:52.300+0000] {processor.py:826} INFO - Processing file /opt/airflow/dags/yfinance_pipeline_dag.py for tasks to queue
[2025-06-18T02:17:52.302+0000] {logging_mixin.py:150} INFO - [2025-06-18T02:17:52.302+0000] {dagbag.py:541} INFO - Filling up the DagBag from /opt/airflow/dags/yfinance_pipeline_dag.py
[2025-06-18T02:17:52.384+0000] {logging_mixin.py:150} INFO - Host output path: C:\Users\Safira Aliyah Azmi\Downloads\bigdata\output
[2025-06-18T02:17:52.412+0000] {processor.py:836} INFO - DAG(s) dict_keys(['yfinance_pipeline']) retrieved from /opt/airflow/dags/yfinance_pipeline_dag.py
[2025-06-18T02:17:52.485+0000] {logging_mixin.py:150} INFO - [2025-06-18T02:17:52.484+0000] {dag.py:2742} INFO - Sync 1 DAGs
[2025-06-18T02:17:52.611+0000] {processor.py:179} INFO - Processing /opt/airflow/dags/yfinance_pipeline_dag.py took 0.319 seconds
[2025-06-18T02:18:22.995+0000] {processor.py:157} INFO - Started process (PID=484) to work on /opt/airflow/dags/yfinance_pipeline_dag.py
[2025-06-18T02:18:22.997+0000] {processor.py:826} INFO - Processing file /opt/airflow/dags/yfinance_pipeline_dag.py for tasks to queue
[2025-06-18T02:18:22.999+0000] {logging_mixin.py:150} INFO - [2025-06-18T02:18:22.998+0000] {dagbag.py:541} INFO - Filling up the DagBag from /opt/airflow/dags/yfinance_pipeline_dag.py
[2025-06-18T02:18:23.087+0000] {logging_mixin.py:150} INFO - Host output path: C:\Users\Safira Aliyah Azmi\Downloads\bigdata\output
[2025-06-18T02:18:23.109+0000] {processor.py:836} INFO - DAG(s) dict_keys(['yfinance_pipeline']) retrieved from /opt/airflow/dags/yfinance_pipeline_dag.py
[2025-06-18T02:18:23.170+0000] {logging_mixin.py:150} INFO - [2025-06-18T02:18:23.170+0000] {dag.py:2742} INFO - Sync 1 DAGs
[2025-06-18T02:18:23.298+0000] {processor.py:179} INFO - Processing /opt/airflow/dags/yfinance_pipeline_dag.py took 0.311 seconds
[2025-06-18T02:18:53.699+0000] {processor.py:157} INFO - Started process (PID=504) to work on /opt/airflow/dags/yfinance_pipeline_dag.py
[2025-06-18T02:18:53.701+0000] {processor.py:826} INFO - Processing file /opt/airflow/dags/yfinance_pipeline_dag.py for tasks to queue
[2025-06-18T02:18:53.703+0000] {logging_mixin.py:150} INFO - [2025-06-18T02:18:53.702+0000] {dagbag.py:541} INFO - Filling up the DagBag from /opt/airflow/dags/yfinance_pipeline_dag.py
[2025-06-18T02:18:53.799+0000] {logging_mixin.py:150} INFO - Host output path: C:\Users\Safira Aliyah Azmi\Downloads\bigdata\output
[2025-06-18T02:18:53.828+0000] {processor.py:836} INFO - DAG(s) dict_keys(['yfinance_pipeline']) retrieved from /opt/airflow/dags/yfinance_pipeline_dag.py
[2025-06-18T02:18:53.895+0000] {logging_mixin.py:150} INFO - [2025-06-18T02:18:53.895+0000] {dag.py:2742} INFO - Sync 1 DAGs
[2025-06-18T02:18:54.010+0000] {processor.py:179} INFO - Processing /opt/airflow/dags/yfinance_pipeline_dag.py took 0.318 seconds
[2025-06-18T02:19:24.364+0000] {processor.py:157} INFO - Started process (PID=524) to work on /opt/airflow/dags/yfinance_pipeline_dag.py
[2025-06-18T02:19:24.366+0000] {processor.py:826} INFO - Processing file /opt/airflow/dags/yfinance_pipeline_dag.py for tasks to queue
[2025-06-18T02:19:24.368+0000] {logging_mixin.py:150} INFO - [2025-06-18T02:19:24.367+0000] {dagbag.py:541} INFO - Filling up the DagBag from /opt/airflow/dags/yfinance_pipeline_dag.py
[2025-06-18T02:19:24.450+0000] {logging_mixin.py:150} INFO - Host output path: C:\Users\Safira Aliyah Azmi\Downloads\bigdata\output
[2025-06-18T02:19:24.477+0000] {processor.py:836} INFO - DAG(s) dict_keys(['yfinance_pipeline']) retrieved from /opt/airflow/dags/yfinance_pipeline_dag.py
[2025-06-18T02:19:24.543+0000] {logging_mixin.py:150} INFO - [2025-06-18T02:19:24.543+0000] {dag.py:2742} INFO - Sync 1 DAGs
[2025-06-18T02:19:24.656+0000] {processor.py:179} INFO - Processing /opt/airflow/dags/yfinance_pipeline_dag.py took 0.301 seconds
[2025-06-18T02:19:54.792+0000] {processor.py:157} INFO - Started process (PID=544) to work on /opt/airflow/dags/yfinance_pipeline_dag.py
[2025-06-18T02:19:54.794+0000] {processor.py:826} INFO - Processing file /opt/airflow/dags/yfinance_pipeline_dag.py for tasks to queue
[2025-06-18T02:19:54.796+0000] {logging_mixin.py:150} INFO - [2025-06-18T02:19:54.796+0000] {dagbag.py:541} INFO - Filling up the DagBag from /opt/airflow/dags/yfinance_pipeline_dag.py
[2025-06-18T02:19:54.879+0000] {logging_mixin.py:150} INFO - Host output path: C:\Users\Safira Aliyah Azmi\Downloads\bigdata\output
[2025-06-18T02:19:54.905+0000] {processor.py:836} INFO - DAG(s) dict_keys(['yfinance_pipeline']) retrieved from /opt/airflow/dags/yfinance_pipeline_dag.py
[2025-06-18T02:19:54.969+0000] {logging_mixin.py:150} INFO - [2025-06-18T02:19:54.969+0000] {dag.py:2742} INFO - Sync 1 DAGs
[2025-06-18T02:19:55.088+0000] {processor.py:179} INFO - Processing /opt/airflow/dags/yfinance_pipeline_dag.py took 0.304 seconds
[2025-06-18T02:20:25.683+0000] {processor.py:157} INFO - Started process (PID=564) to work on /opt/airflow/dags/yfinance_pipeline_dag.py
[2025-06-18T02:20:25.685+0000] {processor.py:826} INFO - Processing file /opt/airflow/dags/yfinance_pipeline_dag.py for tasks to queue
[2025-06-18T02:20:25.687+0000] {logging_mixin.py:150} INFO - [2025-06-18T02:20:25.687+0000] {dagbag.py:541} INFO - Filling up the DagBag from /opt/airflow/dags/yfinance_pipeline_dag.py
[2025-06-18T02:20:25.775+0000] {logging_mixin.py:150} INFO - Host output path: C:\Users\Safira Aliyah Azmi\Downloads\bigdata\output
[2025-06-18T02:20:25.805+0000] {processor.py:836} INFO - DAG(s) dict_keys(['yfinance_pipeline']) retrieved from /opt/airflow/dags/yfinance_pipeline_dag.py
[2025-06-18T02:20:25.876+0000] {logging_mixin.py:150} INFO - [2025-06-18T02:20:25.875+0000] {dag.py:2742} INFO - Sync 1 DAGs
[2025-06-18T02:20:25.997+0000] {processor.py:179} INFO - Processing /opt/airflow/dags/yfinance_pipeline_dag.py took 0.321 seconds
[2025-06-18T02:20:56.350+0000] {processor.py:157} INFO - Started process (PID=584) to work on /opt/airflow/dags/yfinance_pipeline_dag.py
[2025-06-18T02:20:56.351+0000] {processor.py:826} INFO - Processing file /opt/airflow/dags/yfinance_pipeline_dag.py for tasks to queue
[2025-06-18T02:20:56.354+0000] {logging_mixin.py:150} INFO - [2025-06-18T02:20:56.353+0000] {dagbag.py:541} INFO - Filling up the DagBag from /opt/airflow/dags/yfinance_pipeline_dag.py
[2025-06-18T02:20:56.436+0000] {logging_mixin.py:150} INFO - Host output path: C:\Users\Safira Aliyah Azmi\Downloads\bigdata\output
[2025-06-18T02:20:56.470+0000] {processor.py:836} INFO - DAG(s) dict_keys(['yfinance_pipeline']) retrieved from /opt/airflow/dags/yfinance_pipeline_dag.py
[2025-06-18T02:20:56.536+0000] {logging_mixin.py:150} INFO - [2025-06-18T02:20:56.535+0000] {dag.py:2742} INFO - Sync 1 DAGs
[2025-06-18T02:20:56.648+0000] {processor.py:179} INFO - Processing /opt/airflow/dags/yfinance_pipeline_dag.py took 0.307 seconds
