[2025-06-17T07:00:58.977+0000] {taskinstance.py:1103} INFO - Dependencies all met for dep_context=non-requeueable deps ti=<TaskInstance: idx_pipeline.extract_idx manual__2025-06-17T07:00:52.189015+00:00 [queued]>
[2025-06-17T07:00:59.000+0000] {taskinstance.py:1103} INFO - Dependencies all met for dep_context=requeueable deps ti=<TaskInstance: idx_pipeline.extract_idx manual__2025-06-17T07:00:52.189015+00:00 [queued]>
[2025-06-17T07:00:59.003+0000] {taskinstance.py:1308} INFO - Starting attempt 1 of 2
[2025-06-17T07:00:59.049+0000] {taskinstance.py:1327} INFO - Executing <Task(DockerOperator): extract_idx> on 2025-06-17 07:00:52.189015+00:00
[2025-06-17T07:00:59.059+0000] {standard_task_runner.py:57} INFO - Started process 1171 to run task
[2025-06-17T07:00:59.064+0000] {standard_task_runner.py:84} INFO - Running: ['***', 'tasks', 'run', 'idx_pipeline', 'extract_idx', 'manual__2025-06-17T07:00:52.189015+00:00', '--job-id', '42', '--raw', '--subdir', 'DAGS_FOLDER/idx_pipeline_dag.py', '--cfg-path', '/tmp/tmpipacegc1']
[2025-06-17T07:00:59.067+0000] {standard_task_runner.py:85} INFO - Job 42: Subtask extract_idx
[2025-06-17T07:00:59.177+0000] {task_command.py:410} INFO - Running <TaskInstance: idx_pipeline.extract_idx manual__2025-06-17T07:00:52.189015+00:00 [running]> on host 96e228aebcb0
[2025-06-17T07:00:59.438+0000] {taskinstance.py:1547} INFO - Exporting env vars: AIRFLOW_CTX_DAG_OWNER='***' AIRFLOW_CTX_DAG_ID='idx_pipeline' AIRFLOW_CTX_TASK_ID='extract_idx' AIRFLOW_CTX_EXECUTION_DATE='2025-06-17T07:00:52.189015+00:00' AIRFLOW_CTX_TRY_NUMBER='1' AIRFLOW_CTX_DAG_RUN_ID='manual__2025-06-17T07:00:52.189015+00:00'
[2025-06-17T07:00:59.568+0000] {docker.py:334} INFO - Starting docker container from image bigdata-pipeline:latest
[2025-06-17T07:01:24.057+0000] {docker.py:403} INFO - [TESTING MODE] Limiting extraction to 5 companies only
--- Starting IDX Emiten Name Scraping ---
[2025-06-17T07:01:26.060+0000] {docker.py:403} INFO - 🔧 Trying Chrome driver initialization method 1...
[2025-06-17T07:01:32.964+0000] {docker.py:403} INFO - ✅ Chrome driver initialized successfully with method 1
[2025-06-17T07:01:33.077+0000] {docker.py:403} INFO - Accessing URL: https://www.idx.co.id/id/perusahaan-tercatat/laporan-keuangan-dan-tahunan
[2025-06-17T07:01:36.153+0000] {docker.py:403} INFO - Page loaded successfully
Simulating human behavior...
[2025-06-17T07:01:41.214+0000] {docker.py:403} INFO - Memilih tahun 2024 dan jenis laporan 'Audit'...
[2025-06-17T07:01:44.486+0000] {docker.py:403} INFO - ✓ Tahun 2024 telah dipilih.
[2025-06-17T07:01:45.570+0000] {docker.py:403} INFO - ✓ Jenis laporan 'Audit' (Tahunan) telah dipilih.
[2025-06-17T07:01:45.702+0000] {docker.py:403} INFO - ✓ Tombol 'Terapkan' telah diklik.
[2025-06-17T07:01:50.744+0000] {docker.py:403} INFO - [TESTING MODE] Akan membatasi proses scraping nama emiten hanya 5 perusahaan saja
Processing page 1...
[2025-06-17T07:01:50.794+0000] {docker.py:403} INFO - Found 12 company sections on page 1
[2025-06-17T07:01:50.861+0000] {docker.py:403} INFO - Found company on page 1: AADI (1/5)
[2025-06-17T07:01:50.913+0000] {docker.py:403} INFO - Found company on page 1: AALI (2/5)
[2025-06-17T07:01:50.953+0000] {docker.py:403} INFO - Found company on page 1: ABBA (3/5)
[2025-06-17T07:01:50.990+0000] {docker.py:403} INFO - Found company on page 1: ABDA (4/5)
[2025-06-17T07:01:51.028+0000] {docker.py:403} INFO - Found company on page 1: ABMM (5/5)
[TESTING MODE] Sudah mencapai batas 5 perusahaan, berhenti scraping
[TESTING MODE] Sudah mencapai batas 5 perusahaan, berhenti pagination
[TESTING MODE] Berhasil scrape 5 nama perusahaan dari total 5 yang diinginkan
[2025-06-17T07:01:51.033+0000] {docker.py:403} INFO - Saved 5 company names to /app/output/idx_company_names_2024.txt
[2025-06-17T07:01:51.124+0000] {docker.py:403} INFO - Browser closed after scraping names.
[2025-06-17T07:01:51.136+0000] {docker.py:403} INFO - --- Starting Instance ZIP File Downloads ---
[2025-06-17T07:01:51.141+0000] {docker.py:403} INFO - Starting direct Selenium downloads for 5 companies...
[2025-06-17T07:01:53.151+0000] {docker.py:403} INFO - 🔧 Trying Chrome driver initialization method 1...
[2025-06-17T07:01:54.061+0000] {docker.py:403} INFO - ✅ Chrome driver initialized successfully with method 1
[2025-06-17T07:01:54.272+0000] {docker.py:403} INFO - → Establishing session at main page...
[2025-06-17T07:01:58.973+0000] {docker.py:403} INFO - [1/5] Selenium navigating for AADI to https://www.idx.co.id/Portals/0/StaticData/ListedCompanies/Corporate_Actions/New_Info_JSX/Jenis_Informasi/01_Laporan_Keuangan/02_Soft_Copy_Laporan_Keuangan//Laporan%20Keuangan%20Tahun%202024/Audit/AADI/instance.zip
[2025-06-17T07:02:07.181+0000] {docker.py:403} INFO - ✓ Successfully downloaded AADI_instance.zip - 143996 bytes
[2025-06-17T07:02:09.321+0000] {docker.py:403} INFO - 🔧 Trying Chrome driver initialization method 1...
[2025-06-17T07:02:10.304+0000] {docker.py:403} INFO - ✅ Chrome driver initialized successfully with method 1
[2025-06-17T07:02:10.474+0000] {docker.py:403} INFO - → Establishing session at main page...
[2025-06-17T07:02:15.393+0000] {docker.py:403} INFO - [2/5] Selenium navigating for AALI to https://www.idx.co.id/Portals/0/StaticData/ListedCompanies/Corporate_Actions/New_Info_JSX/Jenis_Informasi/01_Laporan_Keuangan/02_Soft_Copy_Laporan_Keuangan//Laporan%20Keuangan%20Tahun%202024/Audit/AALI/instance.zip
[2025-06-17T07:02:23.604+0000] {docker.py:403} INFO - ✓ Successfully downloaded AALI_instance.zip - 124227 bytes
[2025-06-17T07:02:25.740+0000] {docker.py:403} INFO - 🔧 Trying Chrome driver initialization method 1...
[2025-06-17T07:02:26.493+0000] {docker.py:403} INFO - ✅ Chrome driver initialized successfully with method 1
[2025-06-17T07:02:26.663+0000] {docker.py:403} INFO - → Establishing session at main page...
[2025-06-17T07:02:31.390+0000] {docker.py:403} INFO - [3/5] Selenium navigating for ABBA to https://www.idx.co.id/Portals/0/StaticData/ListedCompanies/Corporate_Actions/New_Info_JSX/Jenis_Informasi/01_Laporan_Keuangan/02_Soft_Copy_Laporan_Keuangan//Laporan%20Keuangan%20Tahun%202024/Audit/ABBA/instance.zip
[2025-06-17T07:02:39.514+0000] {docker.py:403} INFO - ✓ Successfully downloaded ABBA_instance.zip - 111972 bytes
[2025-06-17T07:02:41.674+0000] {docker.py:403} INFO - 🔧 Trying Chrome driver initialization method 1...
[2025-06-17T07:02:42.594+0000] {docker.py:403} INFO - ✅ Chrome driver initialized successfully with method 1
[2025-06-17T07:02:42.763+0000] {docker.py:403} INFO - → Establishing session at main page...
[2025-06-17T07:03:02.693+0000] {docker.py:403} INFO - [4/5] Selenium navigating for ABDA to https://www.idx.co.id/Portals/0/StaticData/ListedCompanies/Corporate_Actions/New_Info_JSX/Jenis_Informasi/01_Laporan_Keuangan/02_Soft_Copy_Laporan_Keuangan//Laporan%20Keuangan%20Tahun%202024/Audit/ABDA/instance.zip
[2025-06-17T07:03:10.892+0000] {docker.py:403} INFO - ✓ Successfully downloaded ABDA_instance.zip - 50102 bytes
[2025-06-17T07:03:13.031+0000] {docker.py:403} INFO - 🔧 Trying Chrome driver initialization method 1...
[2025-06-17T07:03:16.166+0000] {docker.py:403} INFO - ✅ Chrome driver initialized successfully with method 1
[2025-06-17T07:03:16.345+0000] {docker.py:403} INFO - → Establishing session at main page...
[2025-06-17T07:03:20.793+0000] {docker.py:403} INFO - [5/5] Selenium navigating for ABMM to https://www.idx.co.id/Portals/0/StaticData/ListedCompanies/Corporate_Actions/New_Info_JSX/Jenis_Informasi/01_Laporan_Keuangan/02_Soft_Copy_Laporan_Keuangan//Laporan%20Keuangan%20Tahun%202024/Audit/ABMM/instance.zip
[2025-06-17T07:03:28.908+0000] {docker.py:403} INFO - ✓ Successfully downloaded ABMM_instance.zip - 141013 bytes
[2025-06-17T07:03:31.041+0000] {docker.py:403} INFO - Selenium Download Summary:
-------------------------
Total companies: 5
Successful downloads: 5
Failed downloads: 0
Success rate: 100.0%
Completion time: 2025-06-17 07:03:31.038801
[2025-06-17T07:03:31.061+0000] {docker.py:403} INFO - Selenium download process completed. See /app/output/download_results_selenium.log for details.

--- IDX Extract Process Completed ---
[2025-06-17T07:03:35.619+0000] {taskinstance.py:1350} INFO - Marking task as SUCCESS. dag_id=idx_pipeline, task_id=extract_idx, execution_date=20250617T070052, start_date=20250617T070058, end_date=20250617T070335
[2025-06-17T07:03:35.676+0000] {local_task_job_runner.py:225} INFO - Task exited with return code 0
[2025-06-17T07:03:35.749+0000] {taskinstance.py:2653} INFO - 1 downstream tasks scheduled from follow-on schedule check
