[2025-06-17T09:10:58.771+0000] {taskinstance.py:1103} INFO - Dependencies all met for dep_context=non-requeueable deps ti=<TaskInstance: idx_pipeline.extract_idx manual__2025-06-17T09:10:57.279919+00:00 [queued]>
[2025-06-17T09:10:58.779+0000] {taskinstance.py:1103} INFO - Dependencies all met for dep_context=requeueable deps ti=<TaskInstance: idx_pipeline.extract_idx manual__2025-06-17T09:10:57.279919+00:00 [queued]>
[2025-06-17T09:10:58.780+0000] {taskinstance.py:1308} INFO - Starting attempt 1 of 2
[2025-06-17T09:10:58.795+0000] {taskinstance.py:1327} INFO - Executing <Task(DockerOperator): extract_idx> on 2025-06-17 09:10:57.279919+00:00
[2025-06-17T09:10:58.799+0000] {standard_task_runner.py:57} INFO - Started process 174 to run task
[2025-06-17T09:10:58.802+0000] {standard_task_runner.py:84} INFO - Running: ['***', 'tasks', 'run', 'idx_pipeline', 'extract_idx', 'manual__2025-06-17T09:10:57.279919+00:00', '--job-id', '53', '--raw', '--subdir', 'DAGS_FOLDER/idx_pipeline_dag.py', '--cfg-path', '/tmp/tmpl96f4ehi']
[2025-06-17T09:10:58.803+0000] {standard_task_runner.py:85} INFO - Job 53: Subtask extract_idx
[2025-06-17T09:10:58.850+0000] {task_command.py:410} INFO - Running <TaskInstance: idx_pipeline.extract_idx manual__2025-06-17T09:10:57.279919+00:00 [running]> on host 790f4cde8a0c
[2025-06-17T09:10:58.949+0000] {taskinstance.py:1547} INFO - Exporting env vars: AIRFLOW_CTX_DAG_OWNER='***' AIRFLOW_CTX_DAG_ID='idx_pipeline' AIRFLOW_CTX_TASK_ID='extract_idx' AIRFLOW_CTX_EXECUTION_DATE='2025-06-17T09:10:57.279919+00:00' AIRFLOW_CTX_TRY_NUMBER='1' AIRFLOW_CTX_DAG_RUN_ID='manual__2025-06-17T09:10:57.279919+00:00'
[2025-06-17T09:10:58.972+0000] {docker.py:334} INFO - Starting docker container from image bigdata-pipeline:latest
[2025-06-17T09:10:59.641+0000] {docker.py:403} INFO - [TESTING MODE] Limiting extraction to 5 companies only
--- Starting IDX Emiten Name Scraping ---
[2025-06-17T09:11:01.646+0000] {docker.py:403} INFO - 🔧 Trying Chrome driver initialization method 1...
[2025-06-17T09:11:03.017+0000] {docker.py:403} INFO - ✅ Chrome driver initialized successfully with method 1
[2025-06-17T09:11:03.074+0000] {docker.py:403} INFO - Accessing URL: https://www.idx.co.id/id/perusahaan-tercatat/laporan-keuangan-dan-tahunan
[2025-06-17T09:11:04.917+0000] {docker.py:403} INFO - Page loaded successfully
Simulating human behavior...
[2025-06-17T09:11:09.921+0000] {docker.py:403} INFO - Memilih tahun 2024 dan jenis laporan 'Audit'...
[2025-06-17T09:11:12.962+0000] {docker.py:403} INFO - ✓ Tahun 2024 telah dipilih.
[2025-06-17T09:11:13.939+0000] {local_task_job_runner.py:292} WARNING - State of this instance has been externally set to success. Terminating instance.
[2025-06-17T09:11:13.941+0000] {process_utils.py:135} INFO - Sending Signals.SIGTERM to group 174. PIDs of all processes in the group: [174]
[2025-06-17T09:11:13.942+0000] {process_utils.py:86} INFO - Sending the signal Signals.SIGTERM to group 174
[2025-06-17T09:11:13.942+0000] {taskinstance.py:1517} ERROR - Received SIGTERM. Terminating subprocesses.
[2025-06-17T09:11:13.942+0000] {docker.py:495} INFO - Stopping docker container
[2025-06-17T09:11:24.433+0000] {process_utils.py:79} INFO - Process psutil.Process(pid=174, status='terminated', exitcode=0, started='09:10:57') (174) terminated with exit code 0
